{
  "uid" : "3d69af8c052de062",
  "name" : "assertComparativeRelation_greaterThanOrEquals_false_greaterThan_expectedToFail",
  "fullName" : "unitTests.tests_validations_assertions.assertComparativeRelation_greaterThanOrEquals_false_greaterThan_expectedToFail",
  "historyId" : "b9150818268b7ec2c8e5485db15d9400",
  "time" : {
    "start" : 1649101140117,
    "stop" : 1649101140127,
    "duration" : 10
  },
  "status" : "passed",
  "flaky" : false,
  "newFailed" : false,
  "beforeStages" : [ {
    "name" : "setupActivities",
    "time" : {
      "start" : 1649101123451,
      "stop" : 1649101124362,
      "duration" : 911
    },
    "description" : "",
    "status" : "passed",
    "steps" : [ {
      "name" : "Folder \"extent-reports\" was not found, it may have already been deleted.",
      "time" : {
        "start" : 1649101123611,
        "stop" : 1649101123613,
        "duration" : 2
      },
      "status" : "passed",
      "steps" : [ ],
      "attachments" : [ ],
      "parameters" : [ {
        "name" : "logText",
        "value" : "Folder \"extent-reports\" was not found, it may have already been deleted."
      } ],
      "stepsCount" : 0,
      "attachmentsCount" : 0,
      "shouldDisplayMessage" : false,
      "hasContent" : true
    }, {
      "name" : "Terminal Action \"PerformTerminalCommands\" successfully performed. With the following test data \"Host Name: \"localHost\" | Command: \"chmod u+x generateJdk.sh\" | Exit Status: \"1\"\".",
      "time" : {
        "start" : 1649101124359,
        "stop" : 1649101124361,
        "duration" : 2
      },
      "status" : "passed",
      "steps" : [ ],
      "attachments" : [ {
        "uid" : "9719d16ba04935cf",
        "name" : "Terminal Action Actual Result - Command Log",
        "source" : "9719d16ba04935cf.txt",
        "type" : "text/plain",
        "size" : 64
      } ],
      "parameters" : [ {
        "name" : "logText",
        "value" : "Terminal Action \"PerformTerminalCommands\" successfully performed. With the following test data \"Host Name: \"localHost\" | Command: \"chmod u+x generateJdk.sh\" | Exit Status: \"1\"\"."
      }, {
        "name" : "attachments",
        "value" : "[[Terminal Action Actual Result, Command Log, chmod: cannot access 'generateJdk.sh': No such file or directory]]"
      } ],
      "stepsCount" : 0,
      "attachmentsCount" : 1,
      "shouldDisplayMessage" : false,
      "hasContent" : true
    } ],
    "attachments" : [ {
      "uid" : "22ad6fbccf32bae3",
      "name" : "SHAFT Links - Important",
      "source" : "22ad6fbccf32bae3.uri",
      "type" : "text/uri-list",
      "size" : 346
    } ],
    "parameters" : [ ],
    "stepsCount" : 2,
    "attachmentsCount" : 2,
    "shouldDisplayMessage" : false,
    "hasContent" : true
  } ],
  "testStage" : {
    "status" : "passed",
    "steps" : [ {
      "name" : "Assertion \"ValidateComparativeRelation\" FAILED. Expected \"1\" and Actual \"2\". Comparison Type \"GREATER_THAN_OR_EQUALS\". Validation Type \"NEGATIVE\".",
      "time" : {
        "start" : 1649101140118,
        "stop" : 1649101140118,
        "duration" : 0
      },
      "status" : "passed",
      "steps" : [ ],
      "attachments" : [ ],
      "parameters" : [ {
        "name" : "logText",
        "value" : "Assertion \"ValidateComparativeRelation\" FAILED. Expected \"1\" and Actual \"2\". Comparison Type \"GREATER_THAN_OR_EQUALS\". Validation Type \"NEGATIVE\"."
      }, {
        "name" : "attachments",
        "value" : "null"
      } ],
      "stepsCount" : 0,
      "attachmentsCount" : 0,
      "shouldDisplayMessage" : false,
      "hasContent" : true
    } ],
    "attachments" : [ {
      "uid" : "a73ce253445f40b9",
      "name" : "SHAFT Engine Logs - Current Method log: assertComparativeRelation_greaterThanOrEquals_false_greaterThan_expectedToFail",
      "source" : "a73ce253445f40b9.txt",
      "type" : "text/plain",
      "size" : 683
    } ],
    "parameters" : [ ],
    "stepsCount" : 1,
    "attachmentsCount" : 1,
    "shouldDisplayMessage" : false,
    "hasContent" : true
  },
  "afterStages" : [ {
    "name" : "teardownActivities",
    "time" : {
      "start" : 1649105133578,
      "stop" : 1649105134319,
      "duration" : 741
    },
    "description" : "",
    "status" : "passed",
    "steps" : [ {
      "name" : "Successfully Closed All Drivers.",
      "time" : {
        "start" : 1649105133691,
        "stop" : 1649105133691,
        "duration" : 0
      },
      "status" : "passed",
      "steps" : [ ],
      "attachments" : [ ],
      "parameters" : [ {
        "name" : "logText",
        "value" : "Successfully Closed All Drivers."
      } ],
      "stepsCount" : 0,
      "attachmentsCount" : 0,
      "shouldDisplayMessage" : false,
      "hasContent" : true
    }, {
      "name" : "Issue Summary: Total Issues = 5, New issues for Failed Tests = 3, Open issues for Passed Tests = 2, Open issues for Failed Tests = 0. Kindly check the attached Issue details.",
      "time" : {
        "start" : 1649105133707,
        "stop" : 1649105133708,
        "duration" : 1
      },
      "status" : "passed",
      "steps" : [ ],
      "attachments" : [ {
        "uid" : "4844fa62f7616061",
        "name" : "SHAFT Engine Logs - Issues log CSV: 20220404-204533",
        "source" : "4844fa62f7616061.csv",
        "type" : "text/csv",
        "size" : 586
      } ],
      "parameters" : [ {
        "name" : "logText",
        "value" : "Issue Summary: Total Issues = 5, New issues for Failed Tests = 3, Open issues for Passed Tests = 2, Open issues for Failed Tests = 0. Kindly check the attached Issue details."
      }, {
        "name" : "attachments",
        "value" : "[[SHAFT Engine Logs, Issues log CSV: 20220404-204533, java.io.ByteArrayInputStream@6c1c7ebc]]"
      } ],
      "stepsCount" : 0,
      "attachmentsCount" : 1,
      "shouldDisplayMessage" : false,
      "hasContent" : true
    } ],
    "attachments" : [ {
      "uid" : "e82d8c21c5e89333",
      "name" : "SHAFT Engine Logs - Execution log: 20220404-204533",
      "source" : "e82d8c21c5e89333.txt",
      "type" : "text/plain",
      "size" : 163440
    }, {
      "uid" : "7d2cb7b000f357b",
      "name" : "HTML - Extent Emailable Execution Report",
      "source" : "7d2cb7b000f357b.html",
      "type" : "text/html",
      "size" : 2055115
    } ],
    "parameters" : [ ],
    "stepsCount" : 2,
    "attachmentsCount" : 3,
    "shouldDisplayMessage" : false,
    "hasContent" : true
  } ],
  "labels" : [ {
    "name" : "package",
    "value" : "unitTests.tests_validations_assertions"
  }, {
    "name" : "testClass",
    "value" : "unitTests.tests_validations_assertions"
  }, {
    "name" : "testMethod",
    "value" : "assertComparativeRelation_greaterThanOrEquals_false_greaterThan_expectedToFail"
  }, {
    "name" : "parentSuite",
    "value" : "Suite"
  }, {
    "name" : "suite",
    "value" : "Test"
  }, {
    "name" : "subSuite",
    "value" : "unitTests.tests_validations_assertions"
  }, {
    "name" : "host",
    "value" : "fv-az397-767"
  }, {
    "name" : "thread",
    "value" : "3487@fv-az397-767.main(1)"
  }, {
    "name" : "framework",
    "value" : "testng"
  }, {
    "name" : "language",
    "value" : "java"
  }, {
    "name" : "resultFormat",
    "value" : "allure2"
  } ],
  "parameters" : [ ],
  "links" : [ ],
  "hidden" : false,
  "retry" : false,
  "extra" : {
    "severity" : "normal",
    "retries" : [ ],
    "categories" : [ ],
    "tags" : [ ]
  },
  "source" : "3d69af8c052de062.json",
  "parameterValues" : [ ]
}