org.openqa.selenium.SessionNotCreatedException:
Could not start a new session. Possible causes are invalid address of the remote server or browser start-up failure.
org.openqa.selenium.remote.RemoteWebDriver.execute(RemoteWebDriver.java:585)
org.openqa.selenium.remote.RemoteWebDriver.startSession(RemoteWebDriver.java:248)
org.openqa.selenium.remote.RemoteWebDriver.<init>(RemoteWebDriver.java:164)
org.openqa.selenium.safari.SafariDriver.<init>(SafariDriver.java:90)
org.openqa.selenium.safari.SafariDriver.<init>(SafariDriver.java:72)
com.shaft.driver.DriverFactoryHelper.createNewLocalDriverInstanceForSafari(DriverFactoryHelper.java:615)
com.shaft.driver.DriverFactoryHelper.createNewLocalDriverInstance(DriverFactoryHelper.java:638)
com.shaft.driver.DriverFactoryHelper.getDriver(DriverFactoryHelper.java:855)
com.shaft.driver.DriverFactoryHelper.getDriver(DriverFactoryHelper.java:145)
com.shaft.driver.DriverFactory.getDriver(DriverFactory.java:30)
testPackage01.Test_NewValidationHelper.openBrowser(Test_NewValidationHelper.java:326)
java.base/jdk.internal.reflect.NativeMethodAccessorImpl.invoke0(Native Method)
java.base/jdk.internal.reflect.NativeMethodAccessorImpl.invoke(NativeMethodAccessorImpl.java:77)
java.base/jdk.internal.reflect.DelegatingMethodAccessorImpl.invoke(DelegatingMethodAccessorImpl.java:43)
java.base/java.lang.reflect.Method.invoke(Method.java:568)
org.testng.internal.invokers.MethodInvocationHelper.invokeMethod(MethodInvocationHelper.java:135)
org.testng.internal.invokers.MethodInvocationHelper.invokeMethodConsideringTimeout(MethodInvocationHelper.java:65)
org.testng.internal.invokers.ConfigInvoker.invokeConfigurationMethod(ConfigInvoker.java:381)
org.testng.internal.invokers.ConfigInvoker.invokeConfigurations(ConfigInvoker.java:319)
org.testng.internal.invokers.TestInvoker.runConfigMethods(TestInvoker.java:803)
org.testng.internal.invokers.TestInvoker.invokeMethod(TestInvoker.java:589)
org.testng.internal.invokers.TestInvoker.invokeTestMethod(TestInvoker.java:220)
org.testng.internal.invokers.MethodRunner.runInSequence(MethodRunner.java:50)
org.testng.internal.invokers.TestInvoker$MethodInvocationAgent.invoke(TestInvoker.java:945)
org.testng.internal.invokers.TestInvoker.invokeTestMethods(TestInvoker.java:193)
org.testng.internal.invokers.TestMethodWorker.invokeTestMethods(TestMethodWorker.java:146)
org.testng.internal.invokers.TestMethodWorker.run(TestMethodWorker.java:128)
java.base/java.util.ArrayList.forEach(ArrayList.java:1511)
org.testng.TestRunner.privateRun(TestRunner.java:808)
org.testng.TestRunner.run(TestRunner.java:603)
org.testng.SuiteRunner.runTest(SuiteRunner.java:429)
org.testng.SuiteRunner.runSequentially(SuiteRunner.java:423)
org.testng.SuiteRunner.privateRun(SuiteRunner.java:383)
org.testng.SuiteRunner.run(SuiteRunner.java:326)
org.testng.SuiteRunnerWorker.runSuite(SuiteRunnerWorker.java:52)
org.testng.SuiteRunnerWorker.run(SuiteRunnerWorker.java:95)
org.testng.TestNG.runSuitesSequentially(TestNG.java:1249)
org.testng.TestNG.runSuitesLocally(TestNG.java:1169)
org.testng.TestNG.runSuites(TestNG.java:1092)
org.testng.TestNG.run(TestNG.java:1060)
org.apache.maven.surefire.testng.TestNGExecutor.run(TestNGExecutor.java:151)
org.apache.maven.surefire.testng.TestNGDirectoryTestSuite.executeMulti(TestNGDirectoryTestSuite.java:192)
org.apache.maven.surefire.testng.TestNGDirectoryTestSuite.execute(TestNGDirectoryTestSuite.java:93)
org.apache.maven.surefire.testng.TestNGProvider.invoke(TestNGProvider.java:155)
org.apache.maven.surefire.booter.ForkedBooter.runSuitesInProcess(ForkedBooter.java:456)
org.apache.maven.surefire.booter.ForkedBooter.execute(ForkedBooter.java:169)
org.apache.maven.surefire.booter.ForkedBooter.run(ForkedBooter.java:595)
org.apache.maven.surefire.booter.ForkedBooter.main(ForkedBooter.java:581)

Caused by: org.openqa.selenium.WebDriverException:
Timed out waiting for driver server to start.
Build info: version: '4.1.3', revision: '7b1ebf28ef'
System info: host: 'Mac-1649100963972.local', ip: '10.212.0.120', os.name: 'Mac OS X', os.arch: 'x86_64', os.version: '11.6.5', java.version: '17.0.2'
Driver info: driver.version: SafariDriver
org.openqa.selenium.remote.service.DriverService.start(DriverService.java:230)
org.openqa.selenium.remote.service.DriverCommandExecutor.execute(DriverCommandExecutor.java:98)
org.openqa.selenium.remote.RemoteWebDriver.execute(RemoteWebDriver.java:567)
org.openqa.selenium.remote.RemoteWebDriver.startSession(RemoteWebDriver.java:248)
org.openqa.selenium.remote.RemoteWebDriver.<init>(RemoteWebDriver.java:164)
org.openqa.selenium.safari.SafariDriver.<init>(SafariDriver.java:90)
org.openqa.selenium.safari.SafariDriver.<init>(SafariDriver.java:72)
com.shaft.driver.DriverFactoryHelper.createNewLocalDriverInstanceForSafari(DriverFactoryHelper.java:615)
com.shaft.driver.DriverFactoryHelper.createNewLocalDriverInstance(DriverFactoryHelper.java:638)
com.shaft.driver.DriverFactoryHelper.getDriver(DriverFactoryHelper.java:855)
com.shaft.driver.DriverFactoryHelper.getDriver(DriverFactoryHelper.java:145)
com.shaft.driver.DriverFactory.getDriver(DriverFactory.java:30)
testPackage01.Test_NewValidationHelper.openBrowser(Test_NewValidationHelper.java:326)
java.base/jdk.internal.reflect.NativeMethodAccessorImpl.invoke0(Native Method)
java.base/jdk.internal.reflect.NativeMethodAccessorImpl.invoke(NativeMethodAccessorImpl.java:77)
java.base/jdk.internal.reflect.DelegatingMethodAccessorImpl.invoke(DelegatingMethodAccessorImpl.java:43)
java.base/java.lang.reflect.Method.invoke(Method.java:568)
org.testng.internal.invokers.MethodInvocationHelper.invokeMethod(MethodInvocationHelper.java:135)
org.testng.internal.invokers.MethodInvocationHelper.invokeMethodConsideringTimeout(MethodInvocationHelper.java:65)
org.testng.internal.invokers.ConfigInvoker.invokeConfigurationMethod(ConfigInvoker.java:381)
org.testng.internal.invokers.ConfigInvoker.invokeConfigurations(ConfigInvoker.java:319)
org.testng.internal.invokers.TestInvoker.runConfigMethods(TestInvoker.java:803)
org.testng.internal.invokers.TestInvoker.invokeMethod(TestInvoker.java:589)
org.testng.internal.invokers.TestInvoker.invokeTestMethod(TestInvoker.java:220)
org.testng.internal.invokers.MethodRunner.runInSequence(MethodRunner.java:50)
org.testng.internal.invokers.TestInvoker$MethodInvocationAgent.invoke(TestInvoker.java:945)
org.testng.internal.invokers.TestInvoker.invokeTestMethods(TestInvoker.java:193)
org.testng.internal.invokers.TestMethodWorker.invokeTestMethods(TestMethodWorker.java:146)
org.testng.internal.invokers.TestMethodWorker.run(TestMethodWorker.java:128)
java.base/java.util.ArrayList.forEach(ArrayList.java:1511)
org.testng.TestRunner.privateRun(TestRunner.java:808)
org.testng.TestRunner.run(TestRunner.java:603)
org.testng.SuiteRunner.runTest(SuiteRunner.java:429)
org.testng.SuiteRunner.runSequentially(SuiteRunner.java:423)
org.testng.SuiteRunner.privateRun(SuiteRunner.java:383)
org.testng.SuiteRunner.run(SuiteRunner.java:326)
org.testng.SuiteRunnerWorker.runSuite(SuiteRunnerWorker.java:52)
org.testng.SuiteRunnerWorker.run(SuiteRunnerWorker.java:95)
org.testng.TestNG.runSuitesSequentially(TestNG.java:1249)
org.testng.TestNG.runSuitesLocally(TestNG.java:1169)
org.testng.TestNG.runSuites(TestNG.java:1092)
org.testng.TestNG.run(TestNG.java:1060)
org.apache.maven.surefire.testng.TestNGExecutor.run(TestNGExecutor.java:151)
org.apache.maven.surefire.testng.TestNGDirectoryTestSuite.executeMulti(TestNGDirectoryTestSuite.java:192)
org.apache.maven.surefire.testng.TestNGDirectoryTestSuite.execute(TestNGDirectoryTestSuite.java:93)
org.apache.maven.surefire.testng.TestNGProvider.invoke(TestNGProvider.java:155)
org.apache.maven.surefire.booter.ForkedBooter.runSuitesInProcess(ForkedBooter.java:456)
org.apache.maven.surefire.booter.ForkedBooter.execute(ForkedBooter.java:169)
org.apache.maven.surefire.booter.ForkedBooter.run(ForkedBooter.java:595)
org.apache.maven.surefire.booter.ForkedBooter.main(ForkedBooter.java:581)

Caused by: java.util.concurrent.ExecutionException:
org.openqa.selenium.WebDriverException: java.io.UncheckedIOException: java.net.SocketException: Invalid argument
Build info: version: '4.1.3', revision: '7b1ebf28ef'
System info: host: 'Mac-1649100963972.local', ip: '10.212.0.120', os.name: 'Mac OS X', os.arch: 'x86_64', os.version: '11.6.5', java.version: '17.0.2'
Driver info: driver.version: unknown
java.base/java.util.concurrent.CompletableFuture.reportGet(CompletableFuture.java:396)
java.base/java.util.concurrent.CompletableFuture.get(CompletableFuture.java:2096)
org.openqa.selenium.remote.service.DriverService.start(DriverService.java:220)
org.openqa.selenium.remote.service.DriverCommandExecutor.execute(DriverCommandExecutor.java:98)
org.openqa.selenium.remote.RemoteWebDriver.execute(RemoteWebDriver.java:567)
org.openqa.selenium.remote.RemoteWebDriver.startSession(RemoteWebDriver.java:248)
org.openqa.selenium.remote.RemoteWebDriver.<init>(RemoteWebDriver.java:164)
org.openqa.selenium.safari.SafariDriver.<init>(SafariDriver.java:90)
org.openqa.selenium.safari.SafariDriver.<init>(SafariDriver.java:72)
com.shaft.driver.DriverFactoryHelper.createNewLocalDriverInstanceForSafari(DriverFactoryHelper.java:615)
com.shaft.driver.DriverFactoryHelper.createNewLocalDriverInstance(DriverFactoryHelper.java:638)
com.shaft.driver.DriverFactoryHelper.getDriver(DriverFactoryHelper.java:855)
com.shaft.driver.DriverFactoryHelper.getDriver(DriverFactoryHelper.java:145)
com.shaft.driver.DriverFactory.getDriver(DriverFactory.java:30)
testPackage01.Test_NewValidationHelper.openBrowser(Test_NewValidationHelper.java:326)
java.base/jdk.internal.reflect.NativeMethodAccessorImpl.invoke0(Native Method)
java.base/jdk.internal.reflect.NativeMethodAccessorImpl.invoke(NativeMethodAccessorImpl.java:77)
java.base/jdk.internal.reflect.DelegatingMethodAccessorImpl.invoke(DelegatingMethodAccessorImpl.java:43)
java.base/java.lang.reflect.Method.invoke(Method.java:568)
org.testng.internal.invokers.MethodInvocationHelper.invokeMethod(MethodInvocationHelper.java:135)
org.testng.internal.invokers.MethodInvocationHelper.invokeMethodConsideringTimeout(MethodInvocationHelper.java:65)
org.testng.internal.invokers.ConfigInvoker.invokeConfigurationMethod(ConfigInvoker.java:381)
org.testng.internal.invokers.ConfigInvoker.invokeConfigurations(ConfigInvoker.java:319)
org.testng.internal.invokers.TestInvoker.runConfigMethods(TestInvoker.java:803)
org.testng.internal.invokers.TestInvoker.invokeMethod(TestInvoker.java:589)
org.testng.internal.invokers.TestInvoker.invokeTestMethod(TestInvoker.java:220)
org.testng.internal.invokers.MethodRunner.runInSequence(MethodRunner.java:50)
org.testng.internal.invokers.TestInvoker$MethodInvocationAgent.invoke(TestInvoker.java:945)
org.testng.internal.invokers.TestInvoker.invokeTestMethods(TestInvoker.java:193)
org.testng.internal.invokers.TestMethodWorker.invokeTestMethods(TestMethodWorker.java:146)
org.testng.internal.invokers.TestMethodWorker.run(TestMethodWorker.java:128)
java.base/java.util.ArrayList.forEach(ArrayList.java:1511)
org.testng.TestRunner.privateRun(TestRunner.java:808)
org.testng.TestRunner.run(TestRunner.java:603)
org.testng.SuiteRunner.runTest(SuiteRunner.java:429)
org.testng.SuiteRunner.runSequentially(SuiteRunner.java:423)
org.testng.SuiteRunner.privateRun(SuiteRunner.java:383)
org.testng.SuiteRunner.run(SuiteRunner.java:326)
org.testng.SuiteRunnerWorker.runSuite(SuiteRunnerWorker.java:52)
org.testng.SuiteRunnerWorker.run(SuiteRunnerWorker.java:95)
org.testng.TestNG.runSuitesSequentially(TestNG.java:1249)
org.testng.TestNG.runSuitesLocally(TestNG.java:1169)
org.testng.TestNG.runSuites(TestNG.java:1092)
org.testng.TestNG.run(TestNG.java:1060)
org.apache.maven.surefire.testng.TestNGExecutor.run(TestNGExecutor.java:151)
org.apache.maven.surefire.testng.TestNGDirectoryTestSuite.executeMulti(TestNGDirectoryTestSuite.java:192)
org.apache.maven.surefire.testng.TestNGDirectoryTestSuite.execute(TestNGDirectoryTestSuite.java:93)
org.apache.maven.surefire.testng.TestNGProvider.invoke(TestNGProvider.java:155)
org.apache.maven.surefire.booter.ForkedBooter.runSuitesInProcess(ForkedBooter.java:456)
org.apache.maven.surefire.booter.ForkedBooter.execute(ForkedBooter.java:169)
org.apache.maven.surefire.booter.ForkedBooter.run(ForkedBooter.java:595)
org.apache.maven.surefire.booter.ForkedBooter.main(ForkedBooter.java:581)

Caused by: org.openqa.selenium.WebDriverException:
java.io.UncheckedIOException: java.net.SocketException: Invalid argument
Build info: version: '4.1.3', revision: '7b1ebf28ef'
System info: host: 'Mac-1649100963972.local', ip: '10.212.0.120', os.name: 'Mac OS X', os.arch: 'x86_64', os.version: '11.6.5', java.version: '17.0.2'
Driver info: driver.version: unknown
org.openqa.selenium.safari.SafariDriverService.waitUntilAvailable(SafariDriverService.java:75)
org.openqa.selenium.remote.service.DriverService.lambda$start$1(DriverService.java:205)
java.base/java.util.concurrent.CompletableFuture$AsyncSupply.run(CompletableFuture.java:1768)
java.base/java.util.concurrent.ThreadPoolExecutor.runWorker(ThreadPoolExecutor.java:1136)
java.base/java.util.concurrent.ThreadPoolExecutor$Worker.run(ThreadPoolExecutor.java:635)
java.base/java.lang.Thread.run(Thread.java:833)

Caused by: java.io.UncheckedIOException:
java.net.SocketException: Invalid argument
org.openqa.selenium.net.PortProber.waitForPortUp(PortProber.java:117)
org.openqa.selenium.safari.SafariDriverService.waitUntilAvailable(SafariDriverService.java:73)
org.openqa.selenium.remote.service.DriverService.lambda$start$1(DriverService.java:205)
java.base/java.util.concurrent.CompletableFuture$AsyncSupply.run(CompletableFuture.java:1768)
java.base/java.util.concurrent.ThreadPoolExecutor.runWorker(ThreadPoolExecutor.java:1136)
java.base/java.util.concurrent.ThreadPoolExecutor$Worker.run(ThreadPoolExecutor.java:635)
java.base/java.lang.Thread.run(Thread.java:833)

Caused by: java.net.SocketException:
Invalid argument
java.base/sun.nio.ch.Net.connect0(Native Method)
java.base/sun.nio.ch.Net.connect(Net.java:579)
java.base/sun.nio.ch.Net.connect(Net.java:568)
java.base/sun.nio.ch.NioSocketImpl.connect(NioSocketImpl.java:588)
java.base/java.net.SocksSocketImpl.connect(SocksSocketImpl.java:327)
java.base/java.net.Socket.connect(Socket.java:633)
org.openqa.selenium.net.PortProber.waitForPortUp(PortProber.java:112)
org.openqa.selenium.safari.SafariDriverService.waitUntilAvailable(SafariDriverService.java:73)
org.openqa.selenium.remote.service.DriverService.lambda$start$1(DriverService.java:205)
java.base/java.util.concurrent.CompletableFuture$AsyncSupply.run(CompletableFuture.java:1768)
java.base/java.util.concurrent.ThreadPoolExecutor.runWorker(ThreadPoolExecutor.java:1136)
java.base/java.util.concurrent.ThreadPoolExecutor$Worker.run(ThreadPoolExecutor.java:635)
java.base/java.lang.Thread.run(Thread.java:833)
