{
  "uid" : "ceeed741830254f6",
  "name" : "f13",
  "fullName" : "testPackage01.Test_NewValidationHelper.f13",
  "historyId" : "7b01ba3878dc2dba2c2c7f95381cb742",
  "time" : {
    "start" : 1649057063020,
    "stop" : 1649057063581,
    "duration" : 561
  },
  "status" : "passed",
  "flaky" : false,
  "newFailed" : false,
  "beforeStages" : [ {
    "name" : "openBrowser",
    "time" : {
      "start" : 1649057061972,
      "stop" : 1649057063018,
      "duration" : 1046
    },
    "description" : "",
    "status" : "passed",
    "steps" : [ {
      "name" : "Attempting to run remotely on: \"Linux-64 | GoogleChrome | http://localhost:4444/wd/hub\", Headless Execution.",
      "time" : {
        "start" : 1649057061973,
        "stop" : 1649057061973,
        "duration" : 0
      },
      "status" : "passed",
      "steps" : [ ],
      "attachments" : [ ],
      "parameters" : [ {
        "name" : "logText",
        "value" : "Attempting to run remotely on: \"Linux-64 | GoogleChrome | http://localhost:4444/wd/hub\", Headless Execution."
      } ],
      "stepsCount" : 0,
      "attachmentsCount" : 0,
      "shouldDisplayMessage" : false,
      "hasContent" : true
    }, {
      "name" : "Successfully Opened \"GoogleChrome\".",
      "time" : {
        "start" : 1649057062173,
        "stop" : 1649057062173,
        "duration" : 0
      },
      "status" : "passed",
      "steps" : [ ],
      "attachments" : [ ],
      "parameters" : [ {
        "name" : "logText",
        "value" : "Successfully Opened \"GoogleChrome\"."
      } ],
      "stepsCount" : 0,
      "attachmentsCount" : 0,
      "shouldDisplayMessage" : false,
      "hasContent" : true
    }, {
      "name" : "Navigate to url \"https://the-internet.herokuapp.com/\".",
      "time" : {
        "start" : 1649057063018,
        "stop" : 1649057063018,
        "duration" : 0
      },
      "status" : "passed",
      "steps" : [ ],
      "attachments" : [ ],
      "parameters" : [ {
        "name" : "logText",
        "value" : "Navigate to url \"https://the-internet.herokuapp.com/\"."
      }, {
        "name" : "attachments",
        "value" : "[[]]"
      } ],
      "stepsCount" : 0,
      "attachmentsCount" : 0,
      "shouldDisplayMessage" : false,
      "hasContent" : true
    } ],
    "attachments" : [ ],
    "parameters" : [ ],
    "stepsCount" : 3,
    "attachmentsCount" : 0,
    "shouldDisplayMessage" : false,
    "hasContent" : true
  }, {
    "name" : "setupActivities",
    "time" : {
      "start" : 1649056899698,
      "stop" : 1649056900518,
      "duration" : 820
    },
    "description" : "",
    "status" : "passed",
    "steps" : [ {
      "name" : "Folder \"extent-reports\" was not found, it may have already been deleted.",
      "time" : {
        "start" : 1649056899856,
        "stop" : 1649056899857,
        "duration" : 1
      },
      "status" : "passed",
      "steps" : [ ],
      "attachments" : [ ],
      "parameters" : [ {
        "name" : "logText",
        "value" : "Folder \"extent-reports\" was not found, it may have already been deleted."
      } ],
      "stepsCount" : 0,
      "attachmentsCount" : 0,
      "shouldDisplayMessage" : false,
      "hasContent" : true
    }, {
      "name" : "Terminal Action \"PerformTerminalCommands\" successfully performed. With the following test data \"Host Name: \"localHost\" | Command: \"chmod u+x generateJdk.sh\" | Exit Status: \"1\"\".",
      "time" : {
        "start" : 1649056900515,
        "stop" : 1649056900517,
        "duration" : 2
      },
      "status" : "passed",
      "steps" : [ ],
      "attachments" : [ {
        "uid" : "8056e34f68f45169",
        "name" : "Terminal Action Actual Result - Command Log",
        "source" : "8056e34f68f45169.txt",
        "type" : "text/plain",
        "size" : 64
      } ],
      "parameters" : [ {
        "name" : "logText",
        "value" : "Terminal Action \"PerformTerminalCommands\" successfully performed. With the following test data \"Host Name: \"localHost\" | Command: \"chmod u+x generateJdk.sh\" | Exit Status: \"1\"\"."
      }, {
        "name" : "attachments",
        "value" : "[[Terminal Action Actual Result, Command Log, chmod: cannot access 'generateJdk.sh': No such file or directory]]"
      } ],
      "stepsCount" : 0,
      "attachmentsCount" : 1,
      "shouldDisplayMessage" : false,
      "hasContent" : true
    } ],
    "attachments" : [ {
      "uid" : "624cad70d624c55a",
      "name" : "SHAFT Links - Important",
      "source" : "624cad70d624c55a.uri",
      "type" : "text/uri-list",
      "size" : 346
    } ],
    "parameters" : [ ],
    "stepsCount" : 2,
    "attachmentsCount" : 2,
    "shouldDisplayMessage" : false,
    "hasContent" : true
  } ],
  "testStage" : {
    "status" : "passed",
    "steps" : [ {
      "name" : "Assertion \"ValidateElementExists\" FAILED. Expected \"Element Should not Exist, locator 'By.tagName: div'\" and Actual \"Element Exists but is not unique\". Comparison Type \"EQUALS\". Validation Type \"NEGATIVE\".",
      "time" : {
        "start" : 1649057063579,
        "stop" : 1649057063581,
        "duration" : 2
      },
      "status" : "passed",
      "steps" : [ ],
      "attachments" : [ {
        "uid" : "84a587b2546a7c99",
        "name" : "Screenshot - 1649057063453_f13_ValidateElementExists_failed",
        "source" : "84a587b2546a7c99.png",
        "type" : "image/png",
        "size" : 278244
      } ],
      "parameters" : [ {
        "name" : "logText",
        "value" : "Assertion \"ValidateElementExists\" FAILED. Expected \"Element Should not Exist, locator 'By.tagName: div'\" and Actual \"Element Exists but is not unique\". Comparison Type \"EQUALS\". Validation Type \"NEGATIVE\"."
      }, {
        "name" : "attachments",
        "value" : "[[Screenshot, 1649057063453_f13_ValidateElementExists_failed, java.io.ByteArrayInputStream@2a7e0b92]]"
      } ],
      "stepsCount" : 0,
      "attachmentsCount" : 1,
      "shouldDisplayMessage" : false,
      "hasContent" : true
    } ],
    "attachments" : [ {
      "uid" : "1059227564b57e42",
      "name" : "SHAFT Engine Logs - Current Method log: f13",
      "source" : "1059227564b57e42.txt",
      "type" : "text/plain",
      "size" : 806
    } ],
    "parameters" : [ ],
    "stepsCount" : 1,
    "attachmentsCount" : 2,
    "shouldDisplayMessage" : false,
    "hasContent" : true
  },
  "afterStages" : [ {
    "name" : "closeBrowser",
    "time" : {
      "start" : 1649057063582,
      "stop" : 1649057063724,
      "duration" : 142
    },
    "description" : "",
    "status" : "passed",
    "steps" : [ {
      "name" : "Successfully Closed All Drivers.",
      "time" : {
        "start" : 1649057063724,
        "stop" : 1649057063724,
        "duration" : 0
      },
      "status" : "passed",
      "steps" : [ ],
      "attachments" : [ ],
      "parameters" : [ {
        "name" : "logText",
        "value" : "Successfully Closed All Drivers."
      } ],
      "stepsCount" : 0,
      "attachmentsCount" : 0,
      "shouldDisplayMessage" : false,
      "hasContent" : true
    } ],
    "attachments" : [ {
      "uid" : "cff41f2ed95c4297",
      "name" : "Selenium WebDriver Logs - browser",
      "source" : "cff41f2ed95c4297.txt",
      "type" : "text/plain",
      "size" : 298
    } ],
    "parameters" : [ ],
    "stepsCount" : 1,
    "attachmentsCount" : 1,
    "shouldDisplayMessage" : false,
    "hasContent" : true
  }, {
    "name" : "teardownActivities",
    "time" : {
      "start" : 1649058393508,
      "stop" : 1649058394314,
      "duration" : 806
    },
    "description" : "",
    "status" : "passed",
    "steps" : [ {
      "name" : "Successfully Closed All Drivers.",
      "time" : {
        "start" : 1649058393635,
        "stop" : 1649058393635,
        "duration" : 0
      },
      "status" : "passed",
      "steps" : [ ],
      "attachments" : [ ],
      "parameters" : [ {
        "name" : "logText",
        "value" : "Successfully Closed All Drivers."
      } ],
      "stepsCount" : 0,
      "attachmentsCount" : 0,
      "shouldDisplayMessage" : false,
      "hasContent" : true
    }, {
      "name" : "Issue Summary: Total Issues = 7, New issues for Failed Tests = 5, Open issues for Passed Tests = 2, Open issues for Failed Tests = 0. Kindly check the attached Issue details.",
      "time" : {
        "start" : 1649058393644,
        "stop" : 1649058393644,
        "duration" : 0
      },
      "status" : "passed",
      "steps" : [ ],
      "attachments" : [ {
        "uid" : "76dde7958d3753c6",
        "name" : "SHAFT Engine Logs - Issues log CSV: 20220404-074633",
        "source" : "76dde7958d3753c6.csv",
        "type" : "text/csv",
        "size" : 833
      } ],
      "parameters" : [ {
        "name" : "logText",
        "value" : "Issue Summary: Total Issues = 7, New issues for Failed Tests = 5, Open issues for Passed Tests = 2, Open issues for Failed Tests = 0. Kindly check the attached Issue details."
      }, {
        "name" : "attachments",
        "value" : "[[SHAFT Engine Logs, Issues log CSV: 20220404-074633, java.io.ByteArrayInputStream@6a50ead]]"
      } ],
      "stepsCount" : 0,
      "attachmentsCount" : 1,
      "shouldDisplayMessage" : false,
      "hasContent" : true
    } ],
    "attachments" : [ {
      "uid" : "892f13e702ea1217",
      "name" : "Selenium WebDriver Logs - browser",
      "source" : "892f13e702ea1217.txt",
      "type" : "text/plain",
      "size" : 294
    }, {
      "uid" : "4919222febc86fc3",
      "name" : "SHAFT Engine Logs - Execution log: 20220404-074633",
      "source" : "4919222febc86fc3.txt",
      "type" : "text/plain",
      "size" : 292502
    }, {
      "uid" : "86ea82a2bae8e670",
      "name" : "HTML - Extent Emailable Execution Report",
      "source" : "86ea82a2bae8e670.html",
      "type" : "text/html",
      "size" : 10712589
    } ],
    "parameters" : [ ],
    "stepsCount" : 2,
    "attachmentsCount" : 4,
    "shouldDisplayMessage" : false,
    "hasContent" : true
  } ],
  "labels" : [ {
    "name" : "package",
    "value" : "testPackage01.Test_NewValidationHelper"
  }, {
    "name" : "testClass",
    "value" : "testPackage01.Test_NewValidationHelper"
  }, {
    "name" : "testMethod",
    "value" : "f13"
  }, {
    "name" : "parentSuite",
    "value" : "Suite"
  }, {
    "name" : "suite",
    "value" : "Test"
  }, {
    "name" : "subSuite",
    "value" : "testPackage01.Test_NewValidationHelper"
  }, {
    "name" : "host",
    "value" : "fv-az290-429"
  }, {
    "name" : "thread",
    "value" : "3454@fv-az290-429.main(1)"
  }, {
    "name" : "framework",
    "value" : "testng"
  }, {
    "name" : "language",
    "value" : "java"
  }, {
    "name" : "resultFormat",
    "value" : "allure2"
  } ],
  "parameters" : [ ],
  "links" : [ ],
  "hidden" : false,
  "retry" : false,
  "extra" : {
    "severity" : "normal",
    "retries" : [ ],
    "categories" : [ ],
    "tags" : [ ]
  },
  "source" : "ceeed741830254f6.json",
  "parameterValues" : [ ]
}