{
  "uid" : "827b692b11e1b5cb",
  "name" : "scrollInExpandableLists_verticalScrolling_insideElement2",
  "fullName" : "testPackage01.appium.AndroidBasicInteractionsTest.scrollInExpandableLists_verticalScrolling_insideElement2",
  "historyId" : "5a887665918e73cc9eca181adb2714c6",
  "time" : {
    "start" : 1649101497561,
    "stop" : 1649101502497,
    "duration" : 4936
  },
  "status" : "failed",
  "statusMessage" : "Identify unique element failed \"element locator is NULL.\".",
  "statusTrace" : "java.lang.AssertionError: Identify unique element failed \"element locator is NULL.\".\n\tat org.testng.Assert.fail(Assert.java:110)\n\tat com.shaft.gui.element.WebDriverElementActions.failAction(WebDriverElementActions.java:1481)\n\tat com.shaft.gui.element.WebDriverElementActions.failAction(WebDriverElementActions.java:1310)\n\tat com.shaft.gui.element.WebDriverElementActions.identifyUniqueElement(WebDriverElementActions.java:1565)\n\tat com.shaft.gui.element.WebDriverElementActions.identifyUniqueElement(WebDriverElementActions.java:1326)\n\tat com.shaft.gui.element.TouchActions.swipeElementIntoView(TouchActions.java:664)\n\tat com.shaft.gui.element.TouchActions.swipeElementIntoView(TouchActions.java:492)\n\tat testPackage01.appium.AndroidBasicInteractionsTest.scrollInExpandableLists_verticalScrolling_insideElement2(AndroidBasicInteractionsTest.java:50)\n\tat java.base/jdk.internal.reflect.NativeMethodAccessorImpl.invoke0(Native Method)\n\tat java.base/jdk.internal.reflect.NativeMethodAccessorImpl.invoke(NativeMethodAccessorImpl.java:77)\n\tat java.base/jdk.internal.reflect.DelegatingMethodAccessorImpl.invoke(DelegatingMethodAccessorImpl.java:43)\n\tat java.base/java.lang.reflect.Method.invoke(Method.java:568)\n\tat org.testng.internal.invokers.MethodInvocationHelper.invokeMethod(MethodInvocationHelper.java:135)\n\tat org.testng.internal.invokers.TestInvoker.invokeMethod(TestInvoker.java:673)\n\tat org.testng.internal.invokers.TestInvoker.invokeTestMethod(TestInvoker.java:220)\n\tat org.testng.internal.invokers.MethodRunner.runInSequence(MethodRunner.java:50)\n\tat org.testng.internal.invokers.TestInvoker$MethodInvocationAgent.invoke(TestInvoker.java:945)\n\tat org.testng.internal.invokers.TestInvoker.invokeTestMethods(TestInvoker.java:193)\n\tat org.testng.internal.invokers.TestMethodWorker.invokeTestMethods(TestMethodWorker.java:146)\n\tat org.testng.internal.invokers.TestMethodWorker.run(TestMethodWorker.java:128)\n\tat java.base/java.util.ArrayList.forEach(ArrayList.java:1511)\n\tat org.testng.TestRunner.privateRun(TestRunner.java:808)\n\tat org.testng.TestRunner.run(TestRunner.java:603)\n\tat org.testng.SuiteRunner.runTest(SuiteRunner.java:429)\n\tat org.testng.SuiteRunner.runSequentially(SuiteRunner.java:423)\n\tat org.testng.SuiteRunner.privateRun(SuiteRunner.java:383)\n\tat org.testng.SuiteRunner.run(SuiteRunner.java:326)\n\tat org.testng.SuiteRunnerWorker.runSuite(SuiteRunnerWorker.java:52)\n\tat org.testng.SuiteRunnerWorker.run(SuiteRunnerWorker.java:95)\n\tat org.testng.TestNG.runSuitesSequentially(TestNG.java:1249)\n\tat org.testng.TestNG.runSuitesLocally(TestNG.java:1169)\n\tat org.testng.TestNG.runSuites(TestNG.java:1092)\n\tat org.testng.TestNG.run(TestNG.java:1060)\n\tat org.apache.maven.surefire.testng.TestNGExecutor.run(TestNGExecutor.java:151)\n\tat org.apache.maven.surefire.testng.TestNGDirectoryTestSuite.executeSingleClass(TestNGDirectoryTestSuite.java:111)\n\tat org.apache.maven.surefire.testng.TestNGDirectoryTestSuite.execute(TestNGDirectoryTestSuite.java:98)\n\tat org.apache.maven.surefire.testng.TestNGProvider.invoke(TestNGProvider.java:155)\n\tat org.apache.maven.surefire.booter.ForkedBooter.runSuitesInProcess(ForkedBooter.java:456)\n\tat org.apache.maven.surefire.booter.ForkedBooter.execute(ForkedBooter.java:169)\n\tat org.apache.maven.surefire.booter.ForkedBooter.run(ForkedBooter.java:595)\n\tat org.apache.maven.surefire.booter.ForkedBooter.main(ForkedBooter.java:581)\n",
  "flaky" : false,
  "newFailed" : false,
  "newBroken" : false,
  "newPassed" : false,
  "retriesCount" : 0,
  "retriesStatusChange" : false,
  "beforeStages" : [ {
    "name" : "setupActivities",
    "time" : {
      "start" : 1649101436306,
      "stop" : 1649101439242,
      "duration" : 2936
    },
    "description" : "",
    "status" : "passed",
    "steps" : [ {
      "name" : "Folder \"allure-results\" was not found, it may have already been deleted.",
      "time" : {
        "start" : 1649101436377,
        "stop" : 1649101436379,
        "duration" : 2
      },
      "status" : "passed",
      "steps" : [ ],
      "attachments" : [ ],
      "parameters" : [ {
        "name" : "logText",
        "value" : "Folder \"allure-results\" was not found, it may have already been deleted."
      } ],
      "stepsCount" : 0,
      "attachmentsCount" : 0,
      "shouldDisplayMessage" : false,
      "hasContent" : true
    }, {
      "name" : "Folder \"/Users/runner/.m2/repository/allure/\" was not found, it may have already been deleted.",
      "time" : {
        "start" : 1649101436381,
        "stop" : 1649101436381,
        "duration" : 0
      },
      "status" : "passed",
      "steps" : [ ],
      "attachments" : [ ],
      "parameters" : [ {
        "name" : "logText",
        "value" : "Folder \"/Users/runner/.m2/repository/allure/\" was not found, it may have already been deleted."
      } ],
      "stepsCount" : 0,
      "attachmentsCount" : 0,
      "shouldDisplayMessage" : false,
      "hasContent" : true
    }, {
      "name" : "Downloading a file from this url \"https://repo.maven.apache.org/maven2/io/qameta/allure/allure-commandline/2.17.3/allure-commandline-2.17.3.zip\" to this directory \"target/allureBinary.zip\", please wait as downloading may take some time...",
      "time" : {
        "start" : 1649101436382,
        "stop" : 1649101436382,
        "duration" : 0
      },
      "status" : "passed",
      "steps" : [ ],
      "attachments" : [ ],
      "parameters" : [ {
        "name" : "logText",
        "value" : "Downloading a file from this url \"https://repo.maven.apache.org/maven2/io/qameta/allure/allure-commandline/2.17.3/allure-commandline-2.17.3.zip\" to this directory \"target/allureBinary.zip\", please wait as downloading may take some time..."
      } ],
      "stepsCount" : 0,
      "attachmentsCount" : 0,
      "shouldDisplayMessage" : false,
      "hasContent" : true
    }, {
      "name" : "Terminal Action \"PerformTerminalCommands\" successfully performed. With the following test data \"Host Name: \"localHost\" | Command: \"chmod u+x generate_allure_report.sh\" | Exit Status: \"0\"\".",
      "time" : {
        "start" : 1649101438135,
        "stop" : 1649101438135,
        "duration" : 0
      },
      "status" : "passed",
      "steps" : [ ],
      "attachments" : [ ],
      "parameters" : [ {
        "name" : "logText",
        "value" : "Terminal Action \"PerformTerminalCommands\" successfully performed. With the following test data \"Host Name: \"localHost\" | Command: \"chmod u+x generate_allure_report.sh\" | Exit Status: \"0\"\"."
      } ],
      "stepsCount" : 0,
      "attachmentsCount" : 0,
      "shouldDisplayMessage" : false,
      "hasContent" : true
    }, {
      "name" : "Folder \"extent-reports\" was not found, it may have already been deleted.",
      "time" : {
        "start" : 1649101438338,
        "stop" : 1649101438338,
        "duration" : 0
      },
      "status" : "passed",
      "steps" : [ ],
      "attachments" : [ ],
      "parameters" : [ {
        "name" : "logText",
        "value" : "Folder \"extent-reports\" was not found, it may have already been deleted."
      } ],
      "stepsCount" : 0,
      "attachmentsCount" : 0,
      "shouldDisplayMessage" : false,
      "hasContent" : true
    }, {
      "name" : "Terminal Action \"PerformTerminalCommands\" successfully performed. With the following test data \"Host Name: \"localHost\" | Command: \"chmod u+x generateJdk.sh\" | Exit Status: \"1\"\".",
      "time" : {
        "start" : 1649101439238,
        "stop" : 1649101439240,
        "duration" : 2
      },
      "status" : "passed",
      "steps" : [ ],
      "attachments" : [ {
        "uid" : "d60c6634d80441f3",
        "name" : "Terminal Action Actual Result - Command Log",
        "source" : "d60c6634d80441f3.txt",
        "type" : "text/plain",
        "size" : 48
      } ],
      "parameters" : [ {
        "name" : "logText",
        "value" : "Terminal Action \"PerformTerminalCommands\" successfully performed. With the following test data \"Host Name: \"localHost\" | Command: \"chmod u+x generateJdk.sh\" | Exit Status: \"1\"\"."
      }, {
        "name" : "attachments",
        "value" : "[[Terminal Action Actual Result, Command Log, chmod: generateJdk.sh: No such file or directory]]"
      } ],
      "stepsCount" : 0,
      "attachmentsCount" : 1,
      "shouldDisplayMessage" : false,
      "hasContent" : true
    } ],
    "attachments" : [ {
      "uid" : "42051d3d4aba8543",
      "name" : "SHAFT Links - Important",
      "source" : "42051d3d4aba8543.uri",
      "type" : "text/uri-list",
      "size" : 346
    } ],
    "parameters" : [ ],
    "stepsCount" : 6,
    "attachmentsCount" : 2,
    "shouldDisplayMessage" : false,
    "hasContent" : true
  }, {
    "name" : "setup",
    "time" : {
      "start" : 1649101486600,
      "stop" : 1649101497546,
      "duration" : 10946
    },
    "description" : "",
    "status" : "passed",
    "steps" : [ {
      "name" : "Attempting to run remotely on: \"Android | http://0.0.0.0:4723/wd/hub\".",
      "time" : {
        "start" : 1649101486601,
        "stop" : 1649101486601,
        "duration" : 0
      },
      "status" : "passed",
      "steps" : [ ],
      "attachments" : [ ],
      "parameters" : [ {
        "name" : "logText",
        "value" : "Attempting to run remotely on: \"Android | http://0.0.0.0:4723/wd/hub\"."
      } ],
      "stepsCount" : 0,
      "attachmentsCount" : 0,
      "shouldDisplayMessage" : false,
      "hasContent" : true
    }, {
      "name" : "Successfully Opened \"NativeMobileApp\".",
      "time" : {
        "start" : 1649101496968,
        "stop" : 1649101496968,
        "duration" : 0
      },
      "status" : "passed",
      "steps" : [ ],
      "attachments" : [ ],
      "parameters" : [ {
        "name" : "logText",
        "value" : "Successfully Opened \"NativeMobileApp\"."
      } ],
      "stepsCount" : 0,
      "attachmentsCount" : 0,
      "shouldDisplayMessage" : false,
      "hasContent" : true
    } ],
    "attachments" : [ ],
    "parameters" : [ ],
    "stepsCount" : 2,
    "attachmentsCount" : 0,
    "shouldDisplayMessage" : false,
    "hasContent" : true
  } ],
  "testStage" : {
    "status" : "failed",
    "statusMessage" : "Identify unique element failed \"element locator is NULL.\".",
    "statusTrace" : "java.lang.AssertionError: Identify unique element failed \"element locator is NULL.\".\n\tat org.testng.Assert.fail(Assert.java:110)\n\tat com.shaft.gui.element.WebDriverElementActions.failAction(WebDriverElementActions.java:1481)\n\tat com.shaft.gui.element.WebDriverElementActions.failAction(WebDriverElementActions.java:1310)\n\tat com.shaft.gui.element.WebDriverElementActions.identifyUniqueElement(WebDriverElementActions.java:1565)\n\tat com.shaft.gui.element.WebDriverElementActions.identifyUniqueElement(WebDriverElementActions.java:1326)\n\tat com.shaft.gui.element.TouchActions.swipeElementIntoView(TouchActions.java:664)\n\tat com.shaft.gui.element.TouchActions.swipeElementIntoView(TouchActions.java:492)\n\tat testPackage01.appium.AndroidBasicInteractionsTest.scrollInExpandableLists_verticalScrolling_insideElement2(AndroidBasicInteractionsTest.java:50)\n\tat java.base/jdk.internal.reflect.NativeMethodAccessorImpl.invoke0(Native Method)\n\tat java.base/jdk.internal.reflect.NativeMethodAccessorImpl.invoke(NativeMethodAccessorImpl.java:77)\n\tat java.base/jdk.internal.reflect.DelegatingMethodAccessorImpl.invoke(DelegatingMethodAccessorImpl.java:43)\n\tat java.base/java.lang.reflect.Method.invoke(Method.java:568)\n\tat org.testng.internal.invokers.MethodInvocationHelper.invokeMethod(MethodInvocationHelper.java:135)\n\tat org.testng.internal.invokers.TestInvoker.invokeMethod(TestInvoker.java:673)\n\tat org.testng.internal.invokers.TestInvoker.invokeTestMethod(TestInvoker.java:220)\n\tat org.testng.internal.invokers.MethodRunner.runInSequence(MethodRunner.java:50)\n\tat org.testng.internal.invokers.TestInvoker$MethodInvocationAgent.invoke(TestInvoker.java:945)\n\tat org.testng.internal.invokers.TestInvoker.invokeTestMethods(TestInvoker.java:193)\n\tat org.testng.internal.invokers.TestMethodWorker.invokeTestMethods(TestMethodWorker.java:146)\n\tat org.testng.internal.invokers.TestMethodWorker.run(TestMethodWorker.java:128)\n\tat java.base/java.util.ArrayList.forEach(ArrayList.java:1511)\n\tat org.testng.TestRunner.privateRun(TestRunner.java:808)\n\tat org.testng.TestRunner.run(TestRunner.java:603)\n\tat org.testng.SuiteRunner.runTest(SuiteRunner.java:429)\n\tat org.testng.SuiteRunner.runSequentially(SuiteRunner.java:423)\n\tat org.testng.SuiteRunner.privateRun(SuiteRunner.java:383)\n\tat org.testng.SuiteRunner.run(SuiteRunner.java:326)\n\tat org.testng.SuiteRunnerWorker.runSuite(SuiteRunnerWorker.java:52)\n\tat org.testng.SuiteRunnerWorker.run(SuiteRunnerWorker.java:95)\n\tat org.testng.TestNG.runSuitesSequentially(TestNG.java:1249)\n\tat org.testng.TestNG.runSuitesLocally(TestNG.java:1169)\n\tat org.testng.TestNG.runSuites(TestNG.java:1092)\n\tat org.testng.TestNG.run(TestNG.java:1060)\n\tat org.apache.maven.surefire.testng.TestNGExecutor.run(TestNGExecutor.java:151)\n\tat org.apache.maven.surefire.testng.TestNGDirectoryTestSuite.executeSingleClass(TestNGDirectoryTestSuite.java:111)\n\tat org.apache.maven.surefire.testng.TestNGDirectoryTestSuite.execute(TestNGDirectoryTestSuite.java:98)\n\tat org.apache.maven.surefire.testng.TestNGProvider.invoke(TestNGProvider.java:155)\n\tat org.apache.maven.surefire.booter.ForkedBooter.runSuitesInProcess(ForkedBooter.java:456)\n\tat org.apache.maven.surefire.booter.ForkedBooter.execute(ForkedBooter.java:169)\n\tat org.apache.maven.surefire.booter.ForkedBooter.run(ForkedBooter.java:595)\n\tat org.apache.maven.surefire.booter.ForkedBooter.main(ForkedBooter.java:581)\n",
    "steps" : [ {
      "name" : "An Exception Occured with this Message: {\"value\":{\"error\":\"unknown method\",\"message\":\"Method is not implemented\",\"stacktrace\":\"NotImplementedError: Method is not implemented\\n    at AndroidUiautomator2Driver.execute (/Users/runner/work/SHAFT_ENGINE/SHAFT_ENGINE/node_modules/appium/node_modules/appium-android-driver/lib/commands/execute.js:14:11)\\n    at commandExecutor (/Users/runner/work/SHAFT_ENGINE/SHAFT_ENGINE/node_modules/appium/node_modules/appium-base-driver/lib/basedriver/driver.js:335:9)\\n    at /Users/runner/work/SHAFT_ENGINE/SHAFT_ENGINE/node_modules/appium/node_modules/async-lock/lib/index.js:146:12\\n    at AsyncLock._promiseTry (/Users/runner/work/SHAFT_ENGINE/SHAFT_ENGINE/node_modules/appium/node_modules/async-lock/lib/index.js:280:31)\\n    at exec (/Users/runner/work/SHAFT_ENGINE/SHAFT_ENGINE/node_modules/appium/node_modules/async-lock/lib/index.js:145:9)\\n    at AsyncLock.acquire (/Users/runner/work/SHAFT_ENGINE/SHAFT_ENGINE/node_modules/appium/node_modules/async-lock/lib/index.js:162:3)\\n    at AndroidUiautomator2Driver.executeCommand (/Users/runner/work/SHAFT_ENGINE/SHAFT_ENGINE/node_modules/appium/node_modules/appium-base-driver/lib/basedriver/driver.js:348:39)\\n    at AppiumDriver.executeCommand (/Users/runner/work/SHAFT_ENGINE/SHAFT_ENGINE/node_modules/appium/lib/appium.js:563:36)\\n    at runMicrotasks (<anonymous>)\\n    at processTicksAndRejections (node:internal/process/task_queues:96:5)\\n    at asyncHandler (/Users/runner/work/SHAFT_ENGINE/SHAFT_ENGINE/node_modules/appium/node_modules/appium-base-driver/lib/protocol/protocol.js:297:21)\"}}.",
      "time" : {
        "start" : 1649101498278,
        "stop" : 1649101498279,
        "duration" : 1
      },
      "status" : "passed",
      "steps" : [ ],
      "attachments" : [ {
        "uid" : "94b4512d08207783",
        "name" : "Exception Stack Trace - org.openqa.selenium.UnsupportedCommandException",
        "source" : "94b4512d08207783.txt",
        "type" : "text/plain",
        "size" : 7065
      } ],
      "parameters" : [ {
        "name" : "logText",
        "value" : "An Exception Occured with this Message: {\"value\":{\"error\":\"unknown method\",\"message\":\"Method is not implemented\",\"stacktrace\":\"NotImplementedError: Method is not implemented\\n    at AndroidUiautomator2Driver.execute (/Users/runner/work/SHAFT_ENGINE/SHAFT_ENGINE/node_modules/appium/node_modules/appium-android-driver/lib/commands/execute.js:14:11)\\n    at commandExecutor (/Users/runner/work/SHAFT_ENGINE/SHAFT_ENGINE/node_modules/appium/node_modules/appium-base-driver/lib/basedriver/driver.js:335:9)\\n    at /Users/runner/work/SHAFT_ENGINE/SHAFT_ENGINE/node_modules/appium/node_modules/async-lock/lib/index.js:146:12\\n    at AsyncLock._promiseTry (/Users/runner/work/SHAFT_ENGINE/SHAFT_ENGINE/node_modules/appium/node_modules/async-lock/lib/index.js:280:31)\\n    at exec (/Users/runner/work/SHAFT_ENGINE/SHAFT_ENGINE/node_modules/appium/node_modules/async-lock/lib/index.js:145:9)\\n    at AsyncLock.acquire (/Users/runner/work/SHAFT_ENGINE/SHAFT_ENGINE/node_modules/appium/node_modules/async-lock/lib/index.js:162:3)\\n    at AndroidUiautomator2Driver.executeCommand (/Users/runner/work/SHAFT_ENGINE/SHAFT_ENGINE/node_modules/appium/node_modules/appium-base-driver/lib/basedriver/driver.js:348:39)\\n    at AppiumDriver.executeCommand (/Users/runner/work/SHAFT_ENGINE/SHAFT_ENGINE/node_modules/appium/lib/appium.js:563:36)\\n    at runMicrotasks (<anonymous>)\\n    at processTicksAndRejections (node:internal/process/task_queues:96:5)\\n    at asyncHandler (/Users/runner/work/SHAFT_ENGINE/SHAFT_ENGINE/node_modules/appium/node_modules/appium-base-driver/lib/protocol/protocol.js:297:21)\"}}."
      }, {
        "name" : "attachments",
        "value" : "[[Exception Stack Trace, org.openqa.selenium.UnsupportedCommandException, org.openqa.selenium.UnsupportedCommandException:\n{\"value\":{\"error\":\"unknown method\",\"message\":\"Method is not implemented\",\"stacktrace\":\"NotImplementedError: Method is not implemented\\n    at AndroidUiautomator2Driver.execute (/Users/runner/work/SHAFT_ENGINE/SHAFT_ENGINE/node_modules/appium/node_modules/appium-android-driver/lib/commands/execute.js:14:11)\\n    at commandExecutor (/Users/runner/work/SHAFT_ENGINE/SHAFT_ENGINE/node_modules/appium/node_modules/appium-base-driver/lib/basedriver/driver.js:335:9)\\n    at /Users/runner/work/SHAFT_ENGINE/SHAFT_ENGINE/node_modules/appium/node_modules/async-lock/lib/index.js:146:12\\n    at AsyncLock._promiseTry (/Users/runner/work/SHAFT_ENGINE/SHAFT_ENGINE/node_modules/appium/node_modules/async-lock/lib/index.js:280:31)\\n    at exec (/Users/runner/work/SHAFT_ENGINE/SHAFT_ENGINE/node_modules/appium/node_modules/async-lock/lib/index.js:145:9)\\n    at AsyncLock.acquire (/Users/runner/work/SHAFT_ENGINE/SHAFT_ENGINE/node_modules/appium/node_modules/async-lock/lib/index.js:162:3)\\n    at AndroidUiautomator2Driver.executeCommand (/Users/runner/work/SHAFT_ENGINE/SHAFT_ENGINE/node_modules/appium/node_modules/appium-base-driver/lib/basedriver/driver.js:348:39)\\n    at AppiumDriver.executeCommand (/Users/runner/work/SHAFT_ENGINE/SHAFT_ENGINE/node_modules/appium/lib/appium.js:563:36)\\n    at runMicrotasks (<anonymous>)\\n    at processTicksAndRejections (node:internal/process/task_queues:96:5)\\n    at asyncHandler (/Users/runner/work/SHAFT_ENGINE/SHAFT_ENGINE/node_modules/appium/node_modules/appium-base-driver/lib/protocol/protocol.js:297:21)\"}}\nCommand duration or timeout: 12 milliseconds\nBuild info: version: '4.1.3', revision: '7b1ebf28ef'\nSystem info: host: 'Mac-1649100965850.local', ip: '10.212.3.182', os.name: 'Mac OS X', os.arch: 'x86_64', os.version: '11.6.5', java.version: '17.0.2'\nDriver info: io.appium.java_client.android.AndroidDriver\nCommand: [f793c69b-dc88-4033-aa7c-79bf5a56591c, executeScript {script=window.scrollTo(0, 0);, args=[]}]\nCapabilities {appium:app: /Users/runner/work/SHAFT_EN..., appium:appPackage: io.appium.android.apis, appium:appWaitActivity: *, appium:automationName: UIAutomator2, appium:databaseEnabled: false, appium:desired: {app: /Users/runner/work/SHAFT_EN..., appWaitActivity: *, automationName: UIAutomator2, disableWindowAnimation: true, platformName: android}, appium:deviceApiLevel: 30, appium:deviceManufacturer: unknown, appium:deviceModel: Android SDK built for x86, appium:deviceName: emulator-5554, appium:deviceScreenDensity: 320, appium:deviceScreenSize: 720x1280, appium:deviceUDID: emulator-5554, appium:disableWindowAnimation: true, appium:javascriptEnabled: true, appium:locationContextEnabled: false, appium:networkConnectionEnabled: true, appium:pixelRatio: 2, appium:platformVersion: 11, appium:statBarHeight: 48, appium:takesScreenshot: true, appium:viewportRect: {height: 1136, left: 0, top: 48, width: 720}, appium:warnings: {}, appium:webStorageEnabled: false, platformName: android}\nSession ID: f793c69b-dc88-4033-aa7c-79bf5a56591c\njava.base/jdk.internal.reflect.NativeConstructorAccessorImpl.newInstance0(Native Method)\njava.base/jdk.internal.reflect.NativeConstructorAccessorImpl.newInstance(NativeConstructorAccessorImpl.java:77)\njava.base/jdk.internal.reflect.DelegatingConstructorAccessorImpl.newInstance(DelegatingConstructorAccessorImpl.java:45)\njava.base/java.lang.reflect.Constructor.newInstanceWithCaller(Constructor.java:499)\njava.base/java.lang.reflect.Constructor.newInstance(Constructor.java:480)\norg.openqa.selenium.remote.ErrorHandler.createThrowable(ErrorHandler.java:217)\norg.openqa.selenium.remote.ErrorHandler.throwIfResponseFailed(ErrorHandler.java:169)\norg.openqa.selenium.remote.RemoteWebDriver.execute(RemoteWebDriver.java:602)\norg.openqa.selenium.remote.RemoteWebDriver.executeScript(RemoteWebDriver.java:501)\ncom.shaft.gui.image.ScreenshotHelper.scrollVerticallyTo(ScreenshotHelper.java:157)\ncom.shaft.gui.image.ScreenshotHelper.makeFullScreenshot(ScreenshotHelper.java:64)\ncom.shaft.gui.image.ScreenshotManager.takeFullPageScreenshot(ScreenshotManager.java:258)\ncom.shaft.gui.image.ScreenshotManager.takeScreenshot(ScreenshotManager.java:543)\ncom.shaft.gui.image.ScreenshotManager.internalCaptureScreenShot(ScreenshotManager.java:419)\ncom.shaft.gui.image.ScreenshotManager.captureScreenShot(ScreenshotManager.java:142)\ncom.shaft.gui.element.WebDriverElementActions.takeScreenshot(WebDriverElementActions.java:1367)\ncom.shaft.gui.element.TouchActions.tap(TouchActions.java:157)\ntestPackage01.appium.AndroidBasicInteractionsTest.scrollInExpandableLists_verticalScrolling_insideElement2(AndroidBasicInteractionsTest.java:49)\njava.base/jdk.internal.reflect.NativeMethodAccessorImpl.invoke0(Native Method)\njava.base/jdk.internal.reflect.NativeMethodAccessorImpl.invoke(NativeMethodAccessorImpl.java:77)\njava.base/jdk.internal.reflect.DelegatingMethodAccessorImpl.invoke(DelegatingMethodAccessorImpl.java:43)\njava.base/java.lang.reflect.Method.invoke(Method.java:568)\norg.testng.internal.invokers.MethodInvocationHelper.invokeMethod(MethodInvocationHelper.java:135)\norg.testng.internal.invokers.TestInvoker.invokeMethod(TestInvoker.java:673)\norg.testng.internal.invokers.TestInvoker.invokeTestMethod(TestInvoker.java:220)\norg.testng.internal.invokers.MethodRunner.runInSequence(MethodRunner.java:50)\norg.testng.internal.invokers.TestInvoker$MethodInvocationAgent.invoke(TestInvoker.java:945)\norg.testng.internal.invokers.TestInvoker.invokeTestMethods(TestInvoker.java:193)\norg.testng.internal.invokers.TestMethodWorker.invokeTestMethods(TestMethodWorker.java:146)\norg.testng.internal.invokers.TestMethodWorker.run(TestMethodWorker.java:128)\njava.base/java.util.ArrayList.forEach(ArrayList.java:1511)\norg.testng.TestRunner.privateRun(TestRunner.java:808)\norg.testng.TestRunner.run(TestRunner.java:603)\norg.testng.SuiteRunner.runTest(SuiteRunner.java:429)\norg.testng.SuiteRunner.runSequentially(SuiteRunner.java:423)\norg.testng.SuiteRunner.privateRun(SuiteRunner.java:383)\norg.testng.SuiteRunner.run(SuiteRunner.java:326)\norg.testng.SuiteRunnerWorker.runSuite(SuiteRunnerWorker.java:52)\norg.testng.SuiteRunnerWorker.run(SuiteRunnerWorker.java:95)\norg.testng.TestNG.runSuitesSequentially(TestNG.java:1249)\norg.testng.TestNG.runSuitesLocally(TestNG.java:1169)\norg.testng.TestNG.runSuites(TestNG.java:1092)\norg.testng.TestNG.run(TestNG.java:1060)\norg.apache.maven.surefire.testng.TestNGExecutor.run(TestNGExecutor.java:151)\norg.apache.maven.surefire.testng.TestNGDirectoryTestSuite.executeSingleClass(TestNGDirectoryTestSuite.java:111)\norg.apache.maven.surefire.testng.TestNGDirectoryTestSuite.execute(TestNGDirectoryTestSuite.java:98)\norg.apache.maven.surefire.testng.TestNGProvider.invoke(TestNGProvider.java:155)\norg.apache.maven.surefire.booter.ForkedBooter.runSuitesInProcess(ForkedBooter.java:456)\norg.apache.maven.surefire.booter.ForkedBooter.execute(ForkedBooter.java:169)\norg.apache.maven.surefire.booter.ForkedBooter.run(ForkedBooter.java:595)\norg.apache.maven.surefire.booter.ForkedBooter.main(ForkedBooter.java:581)\n]]"
      } ],
      "stepsCount" : 0,
      "attachmentsCount" : 1,
      "shouldDisplayMessage" : false,
      "hasContent" : true
    }, {
      "name" : "Tap \"Views\".",
      "time" : {
        "start" : 1649101502165,
        "stop" : 1649101502167,
        "duration" : 2
      },
      "status" : "passed",
      "steps" : [ ],
      "attachments" : [ {
        "uid" : "bfa49b7e409a18bd",
        "name" : "Screenshot - 1649101500818_scrollInExpandableLists_verticalScrolling_insideElement2_tap_passed",
        "source" : "bfa49b7e409a18bd.png",
        "type" : "image/png",
        "size" : 4972
      } ],
      "parameters" : [ {
        "name" : "logText",
        "value" : "Tap \"Views\"."
      }, {
        "name" : "attachments",
        "value" : "[[Screenshot, 1649101500818_scrollInExpandableLists_verticalScrolling_insideElement2_tap_passed, java.io.ByteArrayInputStream@39179470]]"
      } ],
      "stepsCount" : 0,
      "attachmentsCount" : 1,
      "shouldDisplayMessage" : false,
      "hasContent" : true
    }, {
      "name" : "An Exception Occured with this Message: {\"value\":{\"error\":\"unknown method\",\"message\":\"Method is not implemented\",\"stacktrace\":\"NotImplementedError: Method is not implemented\\n    at AndroidUiautomator2Driver.execute (/Users/runner/work/SHAFT_ENGINE/SHAFT_ENGINE/node_modules/appium/node_modules/appium-android-driver/lib/commands/execute.js:14:11)\\n    at commandExecutor (/Users/runner/work/SHAFT_ENGINE/SHAFT_ENGINE/node_modules/appium/node_modules/appium-base-driver/lib/basedriver/driver.js:335:9)\\n    at /Users/runner/work/SHAFT_ENGINE/SHAFT_ENGINE/node_modules/appium/node_modules/async-lock/lib/index.js:146:12\\n    at AsyncLock._promiseTry (/Users/runner/work/SHAFT_ENGINE/SHAFT_ENGINE/node_modules/appium/node_modules/async-lock/lib/index.js:280:31)\\n    at exec (/Users/runner/work/SHAFT_ENGINE/SHAFT_ENGINE/node_modules/appium/node_modules/async-lock/lib/index.js:145:9)\\n    at AsyncLock.acquire (/Users/runner/work/SHAFT_ENGINE/SHAFT_ENGINE/node_modules/appium/node_modules/async-lock/lib/index.js:162:3)\\n    at AndroidUiautomator2Driver.executeCommand (/Users/runner/work/SHAFT_ENGINE/SHAFT_ENGINE/node_modules/appium/node_modules/appium-base-driver/lib/basedriver/driver.js:348:39)\\n    at AppiumDriver.executeCommand (/Users/runner/work/SHAFT_ENGINE/SHAFT_ENGINE/node_modules/appium/lib/appium.js:563:36)\\n    at runMicrotasks (<anonymous>)\\n    at processTicksAndRejections (node:internal/process/task_queues:96:5)\\n    at asyncHandler (/Users/runner/work/SHAFT_ENGINE/SHAFT_ENGINE/node_modules/appium/node_modules/appium-base-driver/lib/protocol/protocol.js:297:21)\"}}.",
      "time" : {
        "start" : 1649101502179,
        "stop" : 1649101502180,
        "duration" : 1
      },
      "status" : "passed",
      "steps" : [ ],
      "attachments" : [ {
        "uid" : "374cf1dd2a5cba87",
        "name" : "Exception Stack Trace - org.openqa.selenium.UnsupportedCommandException",
        "source" : "374cf1dd2a5cba87.txt",
        "type" : "text/plain",
        "size" : 7651
      } ],
      "parameters" : [ {
        "name" : "logText",
        "value" : "An Exception Occured with this Message: {\"value\":{\"error\":\"unknown method\",\"message\":\"Method is not implemented\",\"stacktrace\":\"NotImplementedError: Method is not implemented\\n    at AndroidUiautomator2Driver.execute (/Users/runner/work/SHAFT_ENGINE/SHAFT_ENGINE/node_modules/appium/node_modules/appium-android-driver/lib/commands/execute.js:14:11)\\n    at commandExecutor (/Users/runner/work/SHAFT_ENGINE/SHAFT_ENGINE/node_modules/appium/node_modules/appium-base-driver/lib/basedriver/driver.js:335:9)\\n    at /Users/runner/work/SHAFT_ENGINE/SHAFT_ENGINE/node_modules/appium/node_modules/async-lock/lib/index.js:146:12\\n    at AsyncLock._promiseTry (/Users/runner/work/SHAFT_ENGINE/SHAFT_ENGINE/node_modules/appium/node_modules/async-lock/lib/index.js:280:31)\\n    at exec (/Users/runner/work/SHAFT_ENGINE/SHAFT_ENGINE/node_modules/appium/node_modules/async-lock/lib/index.js:145:9)\\n    at AsyncLock.acquire (/Users/runner/work/SHAFT_ENGINE/SHAFT_ENGINE/node_modules/appium/node_modules/async-lock/lib/index.js:162:3)\\n    at AndroidUiautomator2Driver.executeCommand (/Users/runner/work/SHAFT_ENGINE/SHAFT_ENGINE/node_modules/appium/node_modules/appium-base-driver/lib/basedriver/driver.js:348:39)\\n    at AppiumDriver.executeCommand (/Users/runner/work/SHAFT_ENGINE/SHAFT_ENGINE/node_modules/appium/lib/appium.js:563:36)\\n    at runMicrotasks (<anonymous>)\\n    at processTicksAndRejections (node:internal/process/task_queues:96:5)\\n    at asyncHandler (/Users/runner/work/SHAFT_ENGINE/SHAFT_ENGINE/node_modules/appium/node_modules/appium-base-driver/lib/protocol/protocol.js:297:21)\"}}."
      }, {
        "name" : "attachments",
        "value" : "[[Exception Stack Trace, org.openqa.selenium.UnsupportedCommandException, org.openqa.selenium.UnsupportedCommandException:\n{\"value\":{\"error\":\"unknown method\",\"message\":\"Method is not implemented\",\"stacktrace\":\"NotImplementedError: Method is not implemented\\n    at AndroidUiautomator2Driver.execute (/Users/runner/work/SHAFT_ENGINE/SHAFT_ENGINE/node_modules/appium/node_modules/appium-android-driver/lib/commands/execute.js:14:11)\\n    at commandExecutor (/Users/runner/work/SHAFT_ENGINE/SHAFT_ENGINE/node_modules/appium/node_modules/appium-base-driver/lib/basedriver/driver.js:335:9)\\n    at /Users/runner/work/SHAFT_ENGINE/SHAFT_ENGINE/node_modules/appium/node_modules/async-lock/lib/index.js:146:12\\n    at AsyncLock._promiseTry (/Users/runner/work/SHAFT_ENGINE/SHAFT_ENGINE/node_modules/appium/node_modules/async-lock/lib/index.js:280:31)\\n    at exec (/Users/runner/work/SHAFT_ENGINE/SHAFT_ENGINE/node_modules/appium/node_modules/async-lock/lib/index.js:145:9)\\n    at AsyncLock.acquire (/Users/runner/work/SHAFT_ENGINE/SHAFT_ENGINE/node_modules/appium/node_modules/async-lock/lib/index.js:162:3)\\n    at AndroidUiautomator2Driver.executeCommand (/Users/runner/work/SHAFT_ENGINE/SHAFT_ENGINE/node_modules/appium/node_modules/appium-base-driver/lib/basedriver/driver.js:348:39)\\n    at AppiumDriver.executeCommand (/Users/runner/work/SHAFT_ENGINE/SHAFT_ENGINE/node_modules/appium/lib/appium.js:563:36)\\n    at runMicrotasks (<anonymous>)\\n    at processTicksAndRejections (node:internal/process/task_queues:96:5)\\n    at asyncHandler (/Users/runner/work/SHAFT_ENGINE/SHAFT_ENGINE/node_modules/appium/node_modules/appium-base-driver/lib/protocol/protocol.js:297:21)\"}}\nCommand duration or timeout: 10 milliseconds\nBuild info: version: '4.1.3', revision: '7b1ebf28ef'\nSystem info: host: 'Mac-1649100965850.local', ip: '10.212.3.182', os.name: 'Mac OS X', os.arch: 'x86_64', os.version: '11.6.5', java.version: '17.0.2'\nDriver info: io.appium.java_client.android.AndroidDriver\nCommand: [f793c69b-dc88-4033-aa7c-79bf5a56591c, executeScript {script=window.scrollTo(0, 0);, args=[]}]\nCapabilities {appium:app: /Users/runner/work/SHAFT_EN..., appium:appPackage: io.appium.android.apis, appium:appWaitActivity: *, appium:automationName: UIAutomator2, appium:databaseEnabled: false, appium:desired: {app: /Users/runner/work/SHAFT_EN..., appWaitActivity: *, automationName: UIAutomator2, disableWindowAnimation: true, platformName: android}, appium:deviceApiLevel: 30, appium:deviceManufacturer: unknown, appium:deviceModel: Android SDK built for x86, appium:deviceName: emulator-5554, appium:deviceScreenDensity: 320, appium:deviceScreenSize: 720x1280, appium:deviceUDID: emulator-5554, appium:disableWindowAnimation: true, appium:javascriptEnabled: true, appium:locationContextEnabled: false, appium:networkConnectionEnabled: true, appium:pixelRatio: 2, appium:platformVersion: 11, appium:statBarHeight: 48, appium:takesScreenshot: true, appium:viewportRect: {height: 1136, left: 0, top: 48, width: 720}, appium:warnings: {}, appium:webStorageEnabled: false, platformName: android}\nSession ID: f793c69b-dc88-4033-aa7c-79bf5a56591c\njava.base/jdk.internal.reflect.NativeConstructorAccessorImpl.newInstance0(Native Method)\njava.base/jdk.internal.reflect.NativeConstructorAccessorImpl.newInstance(NativeConstructorAccessorImpl.java:77)\njava.base/jdk.internal.reflect.DelegatingConstructorAccessorImpl.newInstance(DelegatingConstructorAccessorImpl.java:45)\njava.base/java.lang.reflect.Constructor.newInstanceWithCaller(Constructor.java:499)\njava.base/java.lang.reflect.Constructor.newInstance(Constructor.java:480)\norg.openqa.selenium.remote.ErrorHandler.createThrowable(ErrorHandler.java:217)\norg.openqa.selenium.remote.ErrorHandler.throwIfResponseFailed(ErrorHandler.java:169)\norg.openqa.selenium.remote.RemoteWebDriver.execute(RemoteWebDriver.java:602)\norg.openqa.selenium.remote.RemoteWebDriver.executeScript(RemoteWebDriver.java:501)\ncom.shaft.gui.image.ScreenshotHelper.scrollVerticallyTo(ScreenshotHelper.java:157)\ncom.shaft.gui.image.ScreenshotHelper.makeFullScreenshot(ScreenshotHelper.java:64)\ncom.shaft.gui.image.ScreenshotManager.takeFullPageScreenshot(ScreenshotManager.java:258)\ncom.shaft.gui.image.ScreenshotManager.takeScreenshot(ScreenshotManager.java:543)\ncom.shaft.gui.image.ScreenshotManager.internalCaptureScreenShot(ScreenshotManager.java:419)\ncom.shaft.gui.image.ScreenshotManager.captureScreenShot(ScreenshotManager.java:108)\ncom.shaft.gui.element.WebDriverElementActions.takeScreenshot(WebDriverElementActions.java:1380)\ncom.shaft.gui.element.WebDriverElementActions.reportActionResult(WebDriverElementActions.java:1721)\ncom.shaft.gui.element.WebDriverElementActions.failAction(WebDriverElementActions.java:1476)\ncom.shaft.gui.element.WebDriverElementActions.failAction(WebDriverElementActions.java:1310)\ncom.shaft.gui.element.WebDriverElementActions.identifyUniqueElement(WebDriverElementActions.java:1565)\ncom.shaft.gui.element.WebDriverElementActions.identifyUniqueElement(WebDriverElementActions.java:1326)\ncom.shaft.gui.element.TouchActions.swipeElementIntoView(TouchActions.java:664)\ncom.shaft.gui.element.TouchActions.swipeElementIntoView(TouchActions.java:492)\ntestPackage01.appium.AndroidBasicInteractionsTest.scrollInExpandableLists_verticalScrolling_insideElement2(AndroidBasicInteractionsTest.java:50)\njava.base/jdk.internal.reflect.NativeMethodAccessorImpl.invoke0(Native Method)\njava.base/jdk.internal.reflect.NativeMethodAccessorImpl.invoke(NativeMethodAccessorImpl.java:77)\njava.base/jdk.internal.reflect.DelegatingMethodAccessorImpl.invoke(DelegatingMethodAccessorImpl.java:43)\njava.base/java.lang.reflect.Method.invoke(Method.java:568)\norg.testng.internal.invokers.MethodInvocationHelper.invokeMethod(MethodInvocationHelper.java:135)\norg.testng.internal.invokers.TestInvoker.invokeMethod(TestInvoker.java:673)\norg.testng.internal.invokers.TestInvoker.invokeTestMethod(TestInvoker.java:220)\norg.testng.internal.invokers.MethodRunner.runInSequence(MethodRunner.java:50)\norg.testng.internal.invokers.TestInvoker$MethodInvocationAgent.invoke(TestInvoker.java:945)\norg.testng.internal.invokers.TestInvoker.invokeTestMethods(TestInvoker.java:193)\norg.testng.internal.invokers.TestMethodWorker.invokeTestMethods(TestMethodWorker.java:146)\norg.testng.internal.invokers.TestMethodWorker.run(TestMethodWorker.java:128)\njava.base/java.util.ArrayList.forEach(ArrayList.java:1511)\norg.testng.TestRunner.privateRun(TestRunner.java:808)\norg.testng.TestRunner.run(TestRunner.java:603)\norg.testng.SuiteRunner.runTest(SuiteRunner.java:429)\norg.testng.SuiteRunner.runSequentially(SuiteRunner.java:423)\norg.testng.SuiteRunner.privateRun(SuiteRunner.java:383)\norg.testng.SuiteRunner.run(SuiteRunner.java:326)\norg.testng.SuiteRunnerWorker.runSuite(SuiteRunnerWorker.java:52)\norg.testng.SuiteRunnerWorker.run(SuiteRunnerWorker.java:95)\norg.testng.TestNG.runSuitesSequentially(TestNG.java:1249)\norg.testng.TestNG.runSuitesLocally(TestNG.java:1169)\norg.testng.TestNG.runSuites(TestNG.java:1092)\norg.testng.TestNG.run(TestNG.java:1060)\norg.apache.maven.surefire.testng.TestNGExecutor.run(TestNGExecutor.java:151)\norg.apache.maven.surefire.testng.TestNGDirectoryTestSuite.executeSingleClass(TestNGDirectoryTestSuite.java:111)\norg.apache.maven.surefire.testng.TestNGDirectoryTestSuite.execute(TestNGDirectoryTestSuite.java:98)\norg.apache.maven.surefire.testng.TestNGProvider.invoke(TestNGProvider.java:155)\norg.apache.maven.surefire.booter.ForkedBooter.runSuitesInProcess(ForkedBooter.java:456)\norg.apache.maven.surefire.booter.ForkedBooter.execute(ForkedBooter.java:169)\norg.apache.maven.surefire.booter.ForkedBooter.run(ForkedBooter.java:595)\norg.apache.maven.surefire.booter.ForkedBooter.main(ForkedBooter.java:581)\n]]"
      } ],
      "stepsCount" : 0,
      "attachmentsCount" : 1,
      "shouldDisplayMessage" : false,
      "hasContent" : true
    }, {
      "name" : "Identify unique element failed \"element locator is NULL.\".",
      "time" : {
        "start" : 1649101502494,
        "stop" : 1649101502496,
        "duration" : 2
      },
      "status" : "passed",
      "steps" : [ ],
      "attachments" : [ {
        "uid" : "f18c0bd3398ba653",
        "name" : "Screenshot - 1649101502400_scrollInExpandableLists_verticalScrolling_insideElement2_Identify unique element_failed",
        "source" : "f18c0bd3398ba653.png",
        "type" : "image/png",
        "size" : 5582
      } ],
      "parameters" : [ {
        "name" : "logText",
        "value" : "Identify unique element failed \"element locator is NULL.\"."
      }, {
        "name" : "attachments",
        "value" : "[[Screenshot, 1649101502400_scrollInExpandableLists_verticalScrolling_insideElement2_Identify unique element_failed, java.io.ByteArrayInputStream@15af06f]]"
      } ],
      "stepsCount" : 0,
      "attachmentsCount" : 1,
      "shouldDisplayMessage" : false,
      "hasContent" : true
    } ],
    "attachments" : [ {
      "uid" : "94d3e6759f3a060f",
      "name" : "SHAFT Engine Logs - Current Method log: scrollInExpandableLists_verticalScrolling_insideElement2",
      "source" : "94d3e6759f3a060f.txt",
      "type" : "text/plain",
      "size" : 4579
    } ],
    "parameters" : [ ],
    "stepsCount" : 4,
    "attachmentsCount" : 5,
    "shouldDisplayMessage" : true,
    "hasContent" : true
  },
  "afterStages" : [ {
    "name" : "teardown",
    "time" : {
      "start" : 1649101502502,
      "stop" : 1649101505400,
      "duration" : 2898
    },
    "description" : "",
    "status" : "passed",
    "steps" : [ {
      "name" : "Successfully Closed All Drivers.",
      "time" : {
        "start" : 1649101505400,
        "stop" : 1649101505400,
        "duration" : 0
      },
      "status" : "passed",
      "steps" : [ ],
      "attachments" : [ ],
      "parameters" : [ {
        "name" : "logText",
        "value" : "Successfully Closed All Drivers."
      } ],
      "stepsCount" : 0,
      "attachmentsCount" : 0,
      "shouldDisplayMessage" : false,
      "hasContent" : true
    } ],
    "attachments" : [ {
      "uid" : "6dcb71a3089085dd",
      "name" : "Video Recording - teardown",
      "source" : "6dcb71a3089085dd.mp4",
      "type" : "video/mp4",
      "size" : 4850
    } ],
    "parameters" : [ ],
    "stepsCount" : 1,
    "attachmentsCount" : 1,
    "shouldDisplayMessage" : false,
    "hasContent" : true
  }, {
    "name" : "teardownActivities",
    "time" : {
      "start" : 1649101630437,
      "stop" : 1649101631030,
      "duration" : 593
    },
    "description" : "",
    "status" : "passed",
    "steps" : [ {
      "name" : "Issue Summary: Total Issues = 5, New issues for Failed Tests = 5, Open issues for Passed Tests = 0, Open issues for Failed Tests = 0. Kindly check the attached Issue details.",
      "time" : {
        "start" : 1649101630446,
        "stop" : 1649101630448,
        "duration" : 2
      },
      "status" : "passed",
      "steps" : [ ],
      "attachments" : [ {
        "uid" : "e28c467c6ad16043",
        "name" : "SHAFT Engine Logs - Issues log CSV: 20220404-194710",
        "source" : "e28c467c6ad16043.csv",
        "type" : "text/csv",
        "size" : 891
      } ],
      "parameters" : [ {
        "name" : "logText",
        "value" : "Issue Summary: Total Issues = 5, New issues for Failed Tests = 5, Open issues for Passed Tests = 0, Open issues for Failed Tests = 0. Kindly check the attached Issue details."
      }, {
        "name" : "attachments",
        "value" : "[[SHAFT Engine Logs, Issues log CSV: 20220404-194710, java.io.ByteArrayInputStream@44f5259a]]"
      } ],
      "stepsCount" : 0,
      "attachmentsCount" : 1,
      "shouldDisplayMessage" : false,
      "hasContent" : true
    } ],
    "attachments" : [ {
      "uid" : "81965339c6fd1a",
      "name" : "SHAFT Engine Logs - Execution log: 20220404-194710",
      "source" : "81965339c6fd1a.txt",
      "type" : "text/plain",
      "size" : 75341
    }, {
      "uid" : "bd2489093dd68b57",
      "name" : "HTML - Extent Emailable Execution Report",
      "source" : "bd2489093dd68b57.html",
      "type" : "text/html",
      "size" : 219855
    } ],
    "parameters" : [ ],
    "stepsCount" : 1,
    "attachmentsCount" : 3,
    "shouldDisplayMessage" : false,
    "hasContent" : true
  } ],
  "labels" : [ {
    "name" : "package",
    "value" : "testPackage01.appium.AndroidBasicInteractionsTest"
  }, {
    "name" : "testClass",
    "value" : "testPackage01.appium.AndroidBasicInteractionsTest"
  }, {
    "name" : "testMethod",
    "value" : "scrollInExpandableLists_verticalScrolling_insideElement2"
  }, {
    "name" : "parentSuite",
    "value" : "Suite"
  }, {
    "name" : "suite",
    "value" : "Test"
  }, {
    "name" : "subSuite",
    "value" : "testPackage01.appium.AndroidBasicInteractionsTest"
  }, {
    "name" : "host",
    "value" : "Mac-1649100965850.local"
  }, {
    "name" : "thread",
    "value" : "12177@Mac-1649100965850.local.main(1)"
  }, {
    "name" : "framework",
    "value" : "testng"
  }, {
    "name" : "language",
    "value" : "java"
  }, {
    "name" : "resultFormat",
    "value" : "allure2"
  } ],
  "parameters" : [ ],
  "links" : [ ],
  "hidden" : false,
  "retry" : false,
  "extra" : {
    "severity" : "normal",
    "retries" : [ ],
    "categories" : [ {
      "name" : "Product defects",
      "matchedStatuses" : [ ],
      "flaky" : false
    } ],
    "tags" : [ ]
  },
  "source" : "827b692b11e1b5cb.json",
  "parameterValues" : [ ]
}