{
  "uid" : "a31427037439f5b4",
  "name" : "visualElementIdentification_samedpi",
  "fullName" : "testPackage01.appium.AndroidBasicInteractionsTest.visualElementIdentification_samedpi",
  "historyId" : "400927def6193b091203ec0a55fad150",
  "time" : {
    "start" : 1649101603891,
    "stop" : 1649101629246,
    "duration" : 25355
  },
  "status" : "failed",
  "statusMessage" : "Tap failed \"Couldn't find reference element on the current screen. If you can see it in the attached image then kindly consider cropping it and updating your reference image.\".",
  "statusTrace" : "java.lang.AssertionError: Tap failed \"Couldn't find reference element on the current screen. If you can see it in the attached image then kindly consider cropping it and updating your reference image.\".\n\tat org.testng.Assert.fail(Assert.java:110)\n\tat com.shaft.gui.element.WebDriverElementActions.failAction(WebDriverElementActions.java:1481)\n\tat com.shaft.gui.element.WebDriverElementActions.failAction(WebDriverElementActions.java:1315)\n\tat com.shaft.gui.element.TouchActions.tap(TouchActions.java:108)\n\tat testPackage01.appium.AndroidBasicInteractionsTest.visualElementIdentification_samedpi(AndroidBasicInteractionsTest.java:73)\n\tat java.base/jdk.internal.reflect.NativeMethodAccessorImpl.invoke0(Native Method)\n\tat java.base/jdk.internal.reflect.NativeMethodAccessorImpl.invoke(NativeMethodAccessorImpl.java:77)\n\tat java.base/jdk.internal.reflect.DelegatingMethodAccessorImpl.invoke(DelegatingMethodAccessorImpl.java:43)\n\tat java.base/java.lang.reflect.Method.invoke(Method.java:568)\n\tat org.testng.internal.invokers.MethodInvocationHelper.invokeMethod(MethodInvocationHelper.java:135)\n\tat org.testng.internal.invokers.TestInvoker.invokeMethod(TestInvoker.java:673)\n\tat org.testng.internal.invokers.TestInvoker.invokeTestMethod(TestInvoker.java:220)\n\tat org.testng.internal.invokers.MethodRunner.runInSequence(MethodRunner.java:50)\n\tat org.testng.internal.invokers.TestInvoker$MethodInvocationAgent.invoke(TestInvoker.java:945)\n\tat org.testng.internal.invokers.TestInvoker.invokeTestMethods(TestInvoker.java:193)\n\tat org.testng.internal.invokers.TestMethodWorker.invokeTestMethods(TestMethodWorker.java:146)\n\tat org.testng.internal.invokers.TestMethodWorker.run(TestMethodWorker.java:128)\n\tat java.base/java.util.ArrayList.forEach(ArrayList.java:1511)\n\tat org.testng.TestRunner.privateRun(TestRunner.java:808)\n\tat org.testng.TestRunner.run(TestRunner.java:603)\n\tat org.testng.SuiteRunner.runTest(SuiteRunner.java:429)\n\tat org.testng.SuiteRunner.runSequentially(SuiteRunner.java:423)\n\tat org.testng.SuiteRunner.privateRun(SuiteRunner.java:383)\n\tat org.testng.SuiteRunner.run(SuiteRunner.java:326)\n\tat org.testng.SuiteRunnerWorker.runSuite(SuiteRunnerWorker.java:52)\n\tat org.testng.SuiteRunnerWorker.run(SuiteRunnerWorker.java:95)\n\tat org.testng.TestNG.runSuitesSequentially(TestNG.java:1249)\n\tat org.testng.TestNG.runSuitesLocally(TestNG.java:1169)\n\tat org.testng.TestNG.runSuites(TestNG.java:1092)\n\tat org.testng.TestNG.run(TestNG.java:1060)\n\tat org.apache.maven.surefire.testng.TestNGExecutor.run(TestNGExecutor.java:151)\n\tat org.apache.maven.surefire.testng.TestNGDirectoryTestSuite.executeSingleClass(TestNGDirectoryTestSuite.java:111)\n\tat org.apache.maven.surefire.testng.TestNGDirectoryTestSuite.execute(TestNGDirectoryTestSuite.java:98)\n\tat org.apache.maven.surefire.testng.TestNGProvider.invoke(TestNGProvider.java:155)\n\tat org.apache.maven.surefire.booter.ForkedBooter.runSuitesInProcess(ForkedBooter.java:456)\n\tat org.apache.maven.surefire.booter.ForkedBooter.execute(ForkedBooter.java:169)\n\tat org.apache.maven.surefire.booter.ForkedBooter.run(ForkedBooter.java:595)\n\tat org.apache.maven.surefire.booter.ForkedBooter.main(ForkedBooter.java:581)\n",
  "flaky" : false,
  "newFailed" : false,
  "newBroken" : false,
  "newPassed" : false,
  "retriesCount" : 0,
  "retriesStatusChange" : false,
  "beforeStages" : [ {
    "name" : "setupActivities",
    "time" : {
      "start" : 1649101436306,
      "stop" : 1649101439242,
      "duration" : 2936
    },
    "description" : "",
    "status" : "passed",
    "steps" : [ {
      "name" : "Folder \"allure-results\" was not found, it may have already been deleted.",
      "time" : {
        "start" : 1649101436377,
        "stop" : 1649101436379,
        "duration" : 2
      },
      "status" : "passed",
      "steps" : [ ],
      "attachments" : [ ],
      "parameters" : [ {
        "name" : "logText",
        "value" : "Folder \"allure-results\" was not found, it may have already been deleted."
      } ],
      "stepsCount" : 0,
      "attachmentsCount" : 0,
      "shouldDisplayMessage" : false,
      "hasContent" : true
    }, {
      "name" : "Folder \"/Users/runner/.m2/repository/allure/\" was not found, it may have already been deleted.",
      "time" : {
        "start" : 1649101436381,
        "stop" : 1649101436381,
        "duration" : 0
      },
      "status" : "passed",
      "steps" : [ ],
      "attachments" : [ ],
      "parameters" : [ {
        "name" : "logText",
        "value" : "Folder \"/Users/runner/.m2/repository/allure/\" was not found, it may have already been deleted."
      } ],
      "stepsCount" : 0,
      "attachmentsCount" : 0,
      "shouldDisplayMessage" : false,
      "hasContent" : true
    }, {
      "name" : "Downloading a file from this url \"https://repo.maven.apache.org/maven2/io/qameta/allure/allure-commandline/2.17.3/allure-commandline-2.17.3.zip\" to this directory \"target/allureBinary.zip\", please wait as downloading may take some time...",
      "time" : {
        "start" : 1649101436382,
        "stop" : 1649101436382,
        "duration" : 0
      },
      "status" : "passed",
      "steps" : [ ],
      "attachments" : [ ],
      "parameters" : [ {
        "name" : "logText",
        "value" : "Downloading a file from this url \"https://repo.maven.apache.org/maven2/io/qameta/allure/allure-commandline/2.17.3/allure-commandline-2.17.3.zip\" to this directory \"target/allureBinary.zip\", please wait as downloading may take some time..."
      } ],
      "stepsCount" : 0,
      "attachmentsCount" : 0,
      "shouldDisplayMessage" : false,
      "hasContent" : true
    }, {
      "name" : "Terminal Action \"PerformTerminalCommands\" successfully performed. With the following test data \"Host Name: \"localHost\" | Command: \"chmod u+x generate_allure_report.sh\" | Exit Status: \"0\"\".",
      "time" : {
        "start" : 1649101438135,
        "stop" : 1649101438135,
        "duration" : 0
      },
      "status" : "passed",
      "steps" : [ ],
      "attachments" : [ ],
      "parameters" : [ {
        "name" : "logText",
        "value" : "Terminal Action \"PerformTerminalCommands\" successfully performed. With the following test data \"Host Name: \"localHost\" | Command: \"chmod u+x generate_allure_report.sh\" | Exit Status: \"0\"\"."
      } ],
      "stepsCount" : 0,
      "attachmentsCount" : 0,
      "shouldDisplayMessage" : false,
      "hasContent" : true
    }, {
      "name" : "Folder \"extent-reports\" was not found, it may have already been deleted.",
      "time" : {
        "start" : 1649101438338,
        "stop" : 1649101438338,
        "duration" : 0
      },
      "status" : "passed",
      "steps" : [ ],
      "attachments" : [ ],
      "parameters" : [ {
        "name" : "logText",
        "value" : "Folder \"extent-reports\" was not found, it may have already been deleted."
      } ],
      "stepsCount" : 0,
      "attachmentsCount" : 0,
      "shouldDisplayMessage" : false,
      "hasContent" : true
    }, {
      "name" : "Terminal Action \"PerformTerminalCommands\" successfully performed. With the following test data \"Host Name: \"localHost\" | Command: \"chmod u+x generateJdk.sh\" | Exit Status: \"1\"\".",
      "time" : {
        "start" : 1649101439238,
        "stop" : 1649101439240,
        "duration" : 2
      },
      "status" : "passed",
      "steps" : [ ],
      "attachments" : [ {
        "uid" : "d60c6634d80441f3",
        "name" : "Terminal Action Actual Result - Command Log",
        "source" : "d60c6634d80441f3.txt",
        "type" : "text/plain",
        "size" : 48
      } ],
      "parameters" : [ {
        "name" : "logText",
        "value" : "Terminal Action \"PerformTerminalCommands\" successfully performed. With the following test data \"Host Name: \"localHost\" | Command: \"chmod u+x generateJdk.sh\" | Exit Status: \"1\"\"."
      }, {
        "name" : "attachments",
        "value" : "[[Terminal Action Actual Result, Command Log, chmod: generateJdk.sh: No such file or directory]]"
      } ],
      "stepsCount" : 0,
      "attachmentsCount" : 1,
      "shouldDisplayMessage" : false,
      "hasContent" : true
    } ],
    "attachments" : [ {
      "uid" : "42051d3d4aba8543",
      "name" : "SHAFT Links - Important",
      "source" : "42051d3d4aba8543.uri",
      "type" : "text/uri-list",
      "size" : 346
    } ],
    "parameters" : [ ],
    "stepsCount" : 6,
    "attachmentsCount" : 2,
    "shouldDisplayMessage" : false,
    "hasContent" : true
  }, {
    "name" : "setup",
    "time" : {
      "start" : 1649101593803,
      "stop" : 1649101603887,
      "duration" : 10084
    },
    "description" : "",
    "status" : "passed",
    "steps" : [ {
      "name" : "Attempting to run remotely on: \"Android | http://0.0.0.0:4723/wd/hub\".",
      "time" : {
        "start" : 1649101593804,
        "stop" : 1649101593804,
        "duration" : 0
      },
      "status" : "passed",
      "steps" : [ ],
      "attachments" : [ ],
      "parameters" : [ {
        "name" : "logText",
        "value" : "Attempting to run remotely on: \"Android | http://0.0.0.0:4723/wd/hub\"."
      } ],
      "stepsCount" : 0,
      "attachmentsCount" : 0,
      "shouldDisplayMessage" : false,
      "hasContent" : true
    }, {
      "name" : "Successfully Opened \"NativeMobileApp\".",
      "time" : {
        "start" : 1649101603356,
        "stop" : 1649101603356,
        "duration" : 0
      },
      "status" : "passed",
      "steps" : [ ],
      "attachments" : [ ],
      "parameters" : [ {
        "name" : "logText",
        "value" : "Successfully Opened \"NativeMobileApp\"."
      } ],
      "stepsCount" : 0,
      "attachmentsCount" : 0,
      "shouldDisplayMessage" : false,
      "hasContent" : true
    } ],
    "attachments" : [ ],
    "parameters" : [ ],
    "stepsCount" : 2,
    "attachmentsCount" : 0,
    "shouldDisplayMessage" : false,
    "hasContent" : true
  } ],
  "testStage" : {
    "status" : "failed",
    "statusMessage" : "Tap failed \"Couldn't find reference element on the current screen. If you can see it in the attached image then kindly consider cropping it and updating your reference image.\".",
    "statusTrace" : "java.lang.AssertionError: Tap failed \"Couldn't find reference element on the current screen. If you can see it in the attached image then kindly consider cropping it and updating your reference image.\".\n\tat org.testng.Assert.fail(Assert.java:110)\n\tat com.shaft.gui.element.WebDriverElementActions.failAction(WebDriverElementActions.java:1481)\n\tat com.shaft.gui.element.WebDriverElementActions.failAction(WebDriverElementActions.java:1315)\n\tat com.shaft.gui.element.TouchActions.tap(TouchActions.java:108)\n\tat testPackage01.appium.AndroidBasicInteractionsTest.visualElementIdentification_samedpi(AndroidBasicInteractionsTest.java:73)\n\tat java.base/jdk.internal.reflect.NativeMethodAccessorImpl.invoke0(Native Method)\n\tat java.base/jdk.internal.reflect.NativeMethodAccessorImpl.invoke(NativeMethodAccessorImpl.java:77)\n\tat java.base/jdk.internal.reflect.DelegatingMethodAccessorImpl.invoke(DelegatingMethodAccessorImpl.java:43)\n\tat java.base/java.lang.reflect.Method.invoke(Method.java:568)\n\tat org.testng.internal.invokers.MethodInvocationHelper.invokeMethod(MethodInvocationHelper.java:135)\n\tat org.testng.internal.invokers.TestInvoker.invokeMethod(TestInvoker.java:673)\n\tat org.testng.internal.invokers.TestInvoker.invokeTestMethod(TestInvoker.java:220)\n\tat org.testng.internal.invokers.MethodRunner.runInSequence(MethodRunner.java:50)\n\tat org.testng.internal.invokers.TestInvoker$MethodInvocationAgent.invoke(TestInvoker.java:945)\n\tat org.testng.internal.invokers.TestInvoker.invokeTestMethods(TestInvoker.java:193)\n\tat org.testng.internal.invokers.TestMethodWorker.invokeTestMethods(TestMethodWorker.java:146)\n\tat org.testng.internal.invokers.TestMethodWorker.run(TestMethodWorker.java:128)\n\tat java.base/java.util.ArrayList.forEach(ArrayList.java:1511)\n\tat org.testng.TestRunner.privateRun(TestRunner.java:808)\n\tat org.testng.TestRunner.run(TestRunner.java:603)\n\tat org.testng.SuiteRunner.runTest(SuiteRunner.java:429)\n\tat org.testng.SuiteRunner.runSequentially(SuiteRunner.java:423)\n\tat org.testng.SuiteRunner.privateRun(SuiteRunner.java:383)\n\tat org.testng.SuiteRunner.run(SuiteRunner.java:326)\n\tat org.testng.SuiteRunnerWorker.runSuite(SuiteRunnerWorker.java:52)\n\tat org.testng.SuiteRunnerWorker.run(SuiteRunnerWorker.java:95)\n\tat org.testng.TestNG.runSuitesSequentially(TestNG.java:1249)\n\tat org.testng.TestNG.runSuitesLocally(TestNG.java:1169)\n\tat org.testng.TestNG.runSuites(TestNG.java:1092)\n\tat org.testng.TestNG.run(TestNG.java:1060)\n\tat org.apache.maven.surefire.testng.TestNGExecutor.run(TestNGExecutor.java:151)\n\tat org.apache.maven.surefire.testng.TestNGDirectoryTestSuite.executeSingleClass(TestNGDirectoryTestSuite.java:111)\n\tat org.apache.maven.surefire.testng.TestNGDirectoryTestSuite.execute(TestNGDirectoryTestSuite.java:98)\n\tat org.apache.maven.surefire.testng.TestNGProvider.invoke(TestNGProvider.java:155)\n\tat org.apache.maven.surefire.booter.ForkedBooter.runSuitesInProcess(ForkedBooter.java:456)\n\tat org.apache.maven.surefire.booter.ForkedBooter.execute(ForkedBooter.java:169)\n\tat org.apache.maven.surefire.booter.ForkedBooter.run(ForkedBooter.java:595)\n\tat org.apache.maven.surefire.booter.ForkedBooter.main(ForkedBooter.java:581)\n",
    "steps" : [ {
      "name" : "Tap failed \"Couldn't find reference element on the current screen. If you can see it in the attached image then kindly consider cropping it and updating your reference image.\".",
      "time" : {
        "start" : 1649101629243,
        "stop" : 1649101629245,
        "duration" : 2
      },
      "status" : "passed",
      "steps" : [ ],
      "attachments" : [ {
        "uid" : "1ae92e1a3f7bd338",
        "name" : "Screenshot - 1649101629223_visualElementIdentification_samedpi_tap - Reference Screenshot_passed",
        "source" : "1ae92e1a3f7bd338.png",
        "type" : "image/png",
        "size" : 3176
      }, {
        "uid" : "c3123371d809cc5a",
        "name" : "Screenshot - 1649101629157_visualElementIdentification_samedpi_tap - Current Screen Image_passed",
        "source" : "c3123371d809cc5a.png",
        "type" : "image/png",
        "size" : 5582
      } ],
      "parameters" : [ {
        "name" : "logText",
        "value" : "Tap failed \"Couldn't find reference element on the current screen. If you can see it in the attached image then kindly consider cropping it and updating your reference image.\"."
      }, {
        "name" : "attachments",
        "value" : "[[Screenshot, 1649101629223_visualElementIdentification_samedpi_tap - Reference Screenshot_passed, java.io.ByteArrayInputStream@16a7af5d], [Screenshot, 1649101629157_visualElementIdentification_samedpi_tap - Current Screen Image_passed, java.io.ByteArrayInputStream@207358ad]]"
      } ],
      "stepsCount" : 0,
      "attachmentsCount" : 2,
      "shouldDisplayMessage" : false,
      "hasContent" : true
    } ],
    "attachments" : [ {
      "uid" : "638993e0666a998f",
      "name" : "SHAFT Engine Logs - Current Method log: visualElementIdentification_samedpi",
      "source" : "638993e0666a998f.txt",
      "type" : "text/plain",
      "size" : 32094
    } ],
    "parameters" : [ ],
    "stepsCount" : 1,
    "attachmentsCount" : 3,
    "shouldDisplayMessage" : true,
    "hasContent" : true
  },
  "afterStages" : [ {
    "name" : "teardown",
    "time" : {
      "start" : 1649101629247,
      "stop" : 1649101630426,
      "duration" : 1179
    },
    "description" : "",
    "status" : "passed",
    "steps" : [ {
      "name" : "Successfully Closed All Drivers.",
      "time" : {
        "start" : 1649101630425,
        "stop" : 1649101630425,
        "duration" : 0
      },
      "status" : "passed",
      "steps" : [ ],
      "attachments" : [ ],
      "parameters" : [ {
        "name" : "logText",
        "value" : "Successfully Closed All Drivers."
      } ],
      "stepsCount" : 0,
      "attachmentsCount" : 0,
      "shouldDisplayMessage" : false,
      "hasContent" : true
    } ],
    "attachments" : [ {
      "uid" : "9f2b5754431c9826",
      "name" : "Video Recording - teardown",
      "source" : "9f2b5754431c9826.mp4",
      "type" : "video/mp4",
      "size" : 4808
    } ],
    "parameters" : [ ],
    "stepsCount" : 1,
    "attachmentsCount" : 1,
    "shouldDisplayMessage" : false,
    "hasContent" : true
  }, {
    "name" : "teardownActivities",
    "time" : {
      "start" : 1649101630437,
      "stop" : 1649101631030,
      "duration" : 593
    },
    "description" : "",
    "status" : "passed",
    "steps" : [ {
      "name" : "Issue Summary: Total Issues = 5, New issues for Failed Tests = 5, Open issues for Passed Tests = 0, Open issues for Failed Tests = 0. Kindly check the attached Issue details.",
      "time" : {
        "start" : 1649101630446,
        "stop" : 1649101630448,
        "duration" : 2
      },
      "status" : "passed",
      "steps" : [ ],
      "attachments" : [ {
        "uid" : "e28c467c6ad16043",
        "name" : "SHAFT Engine Logs - Issues log CSV: 20220404-194710",
        "source" : "e28c467c6ad16043.csv",
        "type" : "text/csv",
        "size" : 891
      } ],
      "parameters" : [ {
        "name" : "logText",
        "value" : "Issue Summary: Total Issues = 5, New issues for Failed Tests = 5, Open issues for Passed Tests = 0, Open issues for Failed Tests = 0. Kindly check the attached Issue details."
      }, {
        "name" : "attachments",
        "value" : "[[SHAFT Engine Logs, Issues log CSV: 20220404-194710, java.io.ByteArrayInputStream@44f5259a]]"
      } ],
      "stepsCount" : 0,
      "attachmentsCount" : 1,
      "shouldDisplayMessage" : false,
      "hasContent" : true
    } ],
    "attachments" : [ {
      "uid" : "81965339c6fd1a",
      "name" : "SHAFT Engine Logs - Execution log: 20220404-194710",
      "source" : "81965339c6fd1a.txt",
      "type" : "text/plain",
      "size" : 75341
    }, {
      "uid" : "bd2489093dd68b57",
      "name" : "HTML - Extent Emailable Execution Report",
      "source" : "bd2489093dd68b57.html",
      "type" : "text/html",
      "size" : 219855
    } ],
    "parameters" : [ ],
    "stepsCount" : 1,
    "attachmentsCount" : 3,
    "shouldDisplayMessage" : false,
    "hasContent" : true
  } ],
  "labels" : [ {
    "name" : "package",
    "value" : "testPackage01.appium.AndroidBasicInteractionsTest"
  }, {
    "name" : "testClass",
    "value" : "testPackage01.appium.AndroidBasicInteractionsTest"
  }, {
    "name" : "testMethod",
    "value" : "visualElementIdentification_samedpi"
  }, {
    "name" : "parentSuite",
    "value" : "Suite"
  }, {
    "name" : "suite",
    "value" : "Test"
  }, {
    "name" : "subSuite",
    "value" : "testPackage01.appium.AndroidBasicInteractionsTest"
  }, {
    "name" : "host",
    "value" : "Mac-1649100965850.local"
  }, {
    "name" : "thread",
    "value" : "12177@Mac-1649100965850.local.main(1)"
  }, {
    "name" : "framework",
    "value" : "testng"
  }, {
    "name" : "language",
    "value" : "java"
  }, {
    "name" : "resultFormat",
    "value" : "allure2"
  } ],
  "parameters" : [ ],
  "links" : [ ],
  "hidden" : false,
  "retry" : false,
  "extra" : {
    "severity" : "normal",
    "retries" : [ ],
    "categories" : [ {
      "name" : "Product defects",
      "matchedStatuses" : [ ],
      "flaky" : false
    } ],
    "tags" : [ ]
  },
  "source" : "a31427037439f5b4.json",
  "parameterValues" : [ ]
}