{
  "uid" : "aff7b579fe20def5",
  "name" : "testLabel",
  "fullName" : "dsl.testDsl.testLabel",
  "historyId" : "17b5b8806ac7eb710c4c7956140eaecf",
  "time" : {
    "start" : 1649101471899,
    "stop" : 1649101478537,
    "duration" : 6638
  },
  "status" : "broken",
  "statusMessage" : "Index: 2, Size: 0",
  "statusTrace" : "java.lang.IndexOutOfBoundsException: Index: 2, Size: 0\n\tat java.base/java.util.LinkedList.checkElementIndex(LinkedList.java:559)\n\tat java.base/java.util.LinkedList.get(LinkedList.java:480)\n\tat com.shaft.tools.io.ReportManagerHelper.lambda$writeNestedStepsToReport$9(ReportManagerHelper.java:946)\n\tat java.base/java.util.ArrayList.forEach(ArrayList.java:1511)\n\tat com.shaft.tools.io.ReportManagerHelper.writeNestedStepsToReport(ReportManagerHelper.java:945)\n\tat com.shaft.tools.io.ReportManagerHelper.logNestedSteps(ReportManagerHelper.java:935)\n\tat com.shaft.validation.ValidationsHelper.reportValidationState(ValidationsHelper.java:847)\n\tat com.shaft.validation.ValidationsHelper.pass(ValidationsHelper.java:562)\n\tat com.shaft.validation.ValidationsHelper.validateEquals(ValidationsHelper.java:65)\n\tat com.shaft.validation.ValidationsExecutor.perform(ValidationsExecutor.java:136)\n\tat com.shaft.dsl.gui.Label.shouldHaveText(Label.java:22)\n\tat dsl.testDsl.testLabel(testDsl.java:22)\n\tat java.base/jdk.internal.reflect.NativeMethodAccessorImpl.invoke0(Native Method)\n\tat java.base/jdk.internal.reflect.NativeMethodAccessorImpl.invoke(NativeMethodAccessorImpl.java:77)\n\tat java.base/jdk.internal.reflect.DelegatingMethodAccessorImpl.invoke(DelegatingMethodAccessorImpl.java:43)\n\tat java.base/java.lang.reflect.Method.invoke(Method.java:568)\n\tat org.testng.internal.invokers.MethodInvocationHelper.invokeMethod(MethodInvocationHelper.java:135)\n\tat org.testng.internal.invokers.TestInvoker.invokeMethod(TestInvoker.java:673)\n\tat org.testng.internal.invokers.TestInvoker.invokeTestMethod(TestInvoker.java:220)\n\tat org.testng.internal.invokers.MethodRunner.runInSequence(MethodRunner.java:50)\n\tat org.testng.internal.invokers.TestInvoker$MethodInvocationAgent.invoke(TestInvoker.java:945)\n\tat org.testng.internal.invokers.TestInvoker.invokeTestMethods(TestInvoker.java:193)\n\tat org.testng.internal.invokers.TestMethodWorker.invokeTestMethods(TestMethodWorker.java:146)\n\tat org.testng.internal.invokers.TestMethodWorker.run(TestMethodWorker.java:128)\n\tat java.base/java.util.ArrayList.forEach(ArrayList.java:1511)\n\tat org.testng.TestRunner.privateRun(TestRunner.java:808)\n\tat org.testng.TestRunner.run(TestRunner.java:603)\n\tat org.testng.SuiteRunner.runTest(SuiteRunner.java:429)\n\tat org.testng.SuiteRunner.runSequentially(SuiteRunner.java:423)\n\tat org.testng.SuiteRunner.privateRun(SuiteRunner.java:383)\n\tat org.testng.SuiteRunner.run(SuiteRunner.java:326)\n\tat org.testng.SuiteRunnerWorker.runSuite(SuiteRunnerWorker.java:52)\n\tat org.testng.SuiteRunnerWorker.run(SuiteRunnerWorker.java:95)\n\tat org.testng.TestNG.runSuitesSequentially(TestNG.java:1249)\n\tat org.testng.TestNG.runSuitesLocally(TestNG.java:1169)\n\tat org.testng.TestNG.runSuites(TestNG.java:1092)\n\tat org.testng.TestNG.run(TestNG.java:1060)\n\tat org.apache.maven.surefire.testng.TestNGExecutor.run(TestNGExecutor.java:151)\n\tat org.apache.maven.surefire.testng.TestNGDirectoryTestSuite.executeMulti(TestNGDirectoryTestSuite.java:192)\n\tat org.apache.maven.surefire.testng.TestNGDirectoryTestSuite.execute(TestNGDirectoryTestSuite.java:93)\n\tat org.apache.maven.surefire.testng.TestNGProvider.invoke(TestNGProvider.java:155)\n\tat org.apache.maven.surefire.booter.ForkedBooter.runSuitesInProcess(ForkedBooter.java:456)\n\tat org.apache.maven.surefire.booter.ForkedBooter.execute(ForkedBooter.java:169)\n\tat org.apache.maven.surefire.booter.ForkedBooter.run(ForkedBooter.java:595)\n\tat org.apache.maven.surefire.booter.ForkedBooter.main(ForkedBooter.java:581)\n",
  "flaky" : false,
  "newFailed" : false,
  "newBroken" : false,
  "newPassed" : false,
  "retriesCount" : 0,
  "retriesStatusChange" : false,
  "beforeStages" : [ {
    "name" : "setupActivities",
    "time" : {
      "start" : 1649101067484,
      "stop" : 1649101069851,
      "duration" : 2367
    },
    "description" : "",
    "status" : "passed",
    "steps" : [ {
      "name" : "Folder \"allure-results\" was not found, it may have already been deleted.",
      "time" : {
        "start" : 1649101067541,
        "stop" : 1649101067543,
        "duration" : 2
      },
      "status" : "passed",
      "steps" : [ ],
      "attachments" : [ ],
      "parameters" : [ {
        "name" : "logText",
        "value" : "Folder \"allure-results\" was not found, it may have already been deleted."
      } ],
      "stepsCount" : 0,
      "attachmentsCount" : 0,
      "shouldDisplayMessage" : false,
      "hasContent" : true
    }, {
      "name" : "Folder \"/Users/runner/.m2/repository/allure/\" was not found, it may have already been deleted.",
      "time" : {
        "start" : 1649101067544,
        "stop" : 1649101067544,
        "duration" : 0
      },
      "status" : "passed",
      "steps" : [ ],
      "attachments" : [ ],
      "parameters" : [ {
        "name" : "logText",
        "value" : "Folder \"/Users/runner/.m2/repository/allure/\" was not found, it may have already been deleted."
      } ],
      "stepsCount" : 0,
      "attachmentsCount" : 0,
      "shouldDisplayMessage" : false,
      "hasContent" : true
    }, {
      "name" : "Downloading a file from this url \"https://repo.maven.apache.org/maven2/io/qameta/allure/allure-commandline/2.17.3/allure-commandline-2.17.3.zip\" to this directory \"target/allureBinary.zip\", please wait as downloading may take some time...",
      "time" : {
        "start" : 1649101067545,
        "stop" : 1649101067545,
        "duration" : 0
      },
      "status" : "passed",
      "steps" : [ ],
      "attachments" : [ ],
      "parameters" : [ {
        "name" : "logText",
        "value" : "Downloading a file from this url \"https://repo.maven.apache.org/maven2/io/qameta/allure/allure-commandline/2.17.3/allure-commandline-2.17.3.zip\" to this directory \"target/allureBinary.zip\", please wait as downloading may take some time..."
      } ],
      "stepsCount" : 0,
      "attachmentsCount" : 0,
      "shouldDisplayMessage" : false,
      "hasContent" : true
    }, {
      "name" : "Terminal Action \"PerformTerminalCommands\" successfully performed. With the following test data \"Host Name: \"localHost\" | Command: \"chmod u+x /Users/runner/.m2/repository/allure/allure-2.17.3/bin/allure\" | Exit Status: \"0\"\".",
      "time" : {
        "start" : 1649101068929,
        "stop" : 1649101068929,
        "duration" : 0
      },
      "status" : "passed",
      "steps" : [ ],
      "attachments" : [ ],
      "parameters" : [ {
        "name" : "logText",
        "value" : "Terminal Action \"PerformTerminalCommands\" successfully performed. With the following test data \"Host Name: \"localHost\" | Command: \"chmod u+x /Users/runner/.m2/repository/allure/allure-2.17.3/bin/allure\" | Exit Status: \"0\"\"."
      } ],
      "stepsCount" : 0,
      "attachmentsCount" : 0,
      "shouldDisplayMessage" : false,
      "hasContent" : true
    }, {
      "name" : "Terminal Action \"PerformTerminalCommands\" successfully performed. With the following test data \"Host Name: \"localHost\" | Command: \"chmod u+x generate_allure_report.sh\" | Exit Status: \"0\"\".",
      "time" : {
        "start" : 1649101068937,
        "stop" : 1649101068937,
        "duration" : 0
      },
      "status" : "passed",
      "steps" : [ ],
      "attachments" : [ ],
      "parameters" : [ {
        "name" : "logText",
        "value" : "Terminal Action \"PerformTerminalCommands\" successfully performed. With the following test data \"Host Name: \"localHost\" | Command: \"chmod u+x generate_allure_report.sh\" | Exit Status: \"0\"\"."
      } ],
      "stepsCount" : 0,
      "attachmentsCount" : 0,
      "shouldDisplayMessage" : false,
      "hasContent" : true
    }, {
      "name" : "Folder \"extent-reports\" was not found, it may have already been deleted.",
      "time" : {
        "start" : 1649101069047,
        "stop" : 1649101069047,
        "duration" : 0
      },
      "status" : "passed",
      "steps" : [ ],
      "attachments" : [ ],
      "parameters" : [ {
        "name" : "logText",
        "value" : "Folder \"extent-reports\" was not found, it may have already been deleted."
      } ],
      "stepsCount" : 0,
      "attachmentsCount" : 0,
      "shouldDisplayMessage" : false,
      "hasContent" : true
    }, {
      "name" : "Terminal Action \"PerformTerminalCommands\" successfully performed. With the following test data \"Host Name: \"localHost\" | Command: \"chmod u+x generateJdk.sh\" | Exit Status: \"1\"\".",
      "time" : {
        "start" : 1649101069848,
        "stop" : 1649101069850,
        "duration" : 2
      },
      "status" : "passed",
      "steps" : [ ],
      "attachments" : [ {
        "uid" : "79a3eda1f6111a18",
        "name" : "Terminal Action Actual Result - Command Log",
        "source" : "79a3eda1f6111a18.txt",
        "type" : "text/plain",
        "size" : 48
      } ],
      "parameters" : [ {
        "name" : "logText",
        "value" : "Terminal Action \"PerformTerminalCommands\" successfully performed. With the following test data \"Host Name: \"localHost\" | Command: \"chmod u+x generateJdk.sh\" | Exit Status: \"1\"\"."
      }, {
        "name" : "attachments",
        "value" : "[[Terminal Action Actual Result, Command Log, chmod: generateJdk.sh: No such file or directory]]"
      } ],
      "stepsCount" : 0,
      "attachmentsCount" : 1,
      "shouldDisplayMessage" : false,
      "hasContent" : true
    } ],
    "attachments" : [ {
      "uid" : "3e1b1b60ddce94c0",
      "name" : "SHAFT Links - Important",
      "source" : "3e1b1b60ddce94c0.uri",
      "type" : "text/uri-list",
      "size" : 346
    }, {
      "uid" : "b5e4ac1b3b9f2ac4",
      "name" : "Properties - testNG",
      "source" : "b5e4ac1b3b9f2ac4.properties",
      "type" : "text/plain",
      "size" : 492
    }, {
      "uid" : "13a0e646412c4315",
      "name" : "Properties - ExecutionPlatform",
      "source" : "13a0e646412c4315.properties",
      "type" : "text/plain",
      "size" : 419
    }, {
      "uid" : "24ef64a528d45df3",
      "name" : "Properties - path",
      "source" : "24ef64a528d45df3.properties",
      "type" : "text/plain",
      "size" : 687
    }, {
      "uid" : "e9265a929ccc2266",
      "name" : "Properties - video",
      "source" : "e9265a929ccc2266.properties",
      "type" : "text/plain",
      "size" : 763
    }, {
      "uid" : "5ba45803b32c3415",
      "name" : "Properties - pattern",
      "source" : "5ba45803b32c3415.properties",
      "type" : "text/plain",
      "size" : 566
    }, {
      "uid" : "284ebc4852074a9e",
      "name" : "Properties - internal",
      "source" : "284ebc4852074a9e.properties",
      "type" : "text/plain",
      "size" : 112
    }, {
      "uid" : "461661054dd0d19c",
      "name" : "Properties - MobileCapabilities",
      "source" : "461661054dd0d19c.properties",
      "type" : "text/plain",
      "size" : 470
    }, {
      "uid" : "324eddd482cb60da",
      "name" : "Properties - cucumber",
      "source" : "324eddd482cb60da.properties",
      "type" : "text/plain",
      "size" : 1316
    }, {
      "uid" : "d5e50745e75bafec",
      "name" : "Properties - PlatformFlags",
      "source" : "d5e50745e75bafec.properties",
      "type" : "text/plain",
      "size" : 765
    }, {
      "uid" : "4cd22ab193d44914",
      "name" : "Properties - Timeouts",
      "source" : "4cd22ab193d44914.properties",
      "type" : "text/plain",
      "size" : 722
    }, {
      "uid" : "e5ed0239ebb40a62",
      "name" : "Properties - Reporting",
      "source" : "e5ed0239ebb40a62.properties",
      "type" : "text/plain",
      "size" : 614
    }, {
      "uid" : "4643c07712529eb6",
      "name" : "Properties - healenium",
      "source" : "4643c07712529eb6.properties",
      "type" : "text/plain",
      "size" : 115
    }, {
      "uid" : "ed1410f4b09cecd",
      "name" : "Properties - JiraXRay",
      "source" : "ed1410f4b09cecd.properties",
      "type" : "text/plain",
      "size" : 559
    }, {
      "uid" : "88144b5833df4dbb",
      "name" : "Properties - browserStack",
      "source" : "88144b5833df4dbb.properties",
      "type" : "text/plain",
      "size" : 877
    }, {
      "uid" : "e5ed73f8d1f216fb",
      "name" : "Properties - VisualValidations",
      "source" : "e5ed73f8d1f216fb.properties",
      "type" : "text/plain",
      "size" : 711
    } ],
    "parameters" : [ ],
    "stepsCount" : 7,
    "attachmentsCount" : 17,
    "shouldDisplayMessage" : false,
    "hasContent" : true
  } ],
  "testStage" : {
    "status" : "broken",
    "statusMessage" : "Index: 2, Size: 0",
    "statusTrace" : "java.lang.IndexOutOfBoundsException: Index: 2, Size: 0\n\tat java.base/java.util.LinkedList.checkElementIndex(LinkedList.java:559)\n\tat java.base/java.util.LinkedList.get(LinkedList.java:480)\n\tat com.shaft.tools.io.ReportManagerHelper.lambda$writeNestedStepsToReport$9(ReportManagerHelper.java:946)\n\tat java.base/java.util.ArrayList.forEach(ArrayList.java:1511)\n\tat com.shaft.tools.io.ReportManagerHelper.writeNestedStepsToReport(ReportManagerHelper.java:945)\n\tat com.shaft.tools.io.ReportManagerHelper.logNestedSteps(ReportManagerHelper.java:935)\n\tat com.shaft.validation.ValidationsHelper.reportValidationState(ValidationsHelper.java:847)\n\tat com.shaft.validation.ValidationsHelper.pass(ValidationsHelper.java:562)\n\tat com.shaft.validation.ValidationsHelper.validateEquals(ValidationsHelper.java:65)\n\tat com.shaft.validation.ValidationsExecutor.perform(ValidationsExecutor.java:136)\n\tat com.shaft.dsl.gui.Label.shouldHaveText(Label.java:22)\n\tat dsl.testDsl.testLabel(testDsl.java:22)\n\tat java.base/jdk.internal.reflect.NativeMethodAccessorImpl.invoke0(Native Method)\n\tat java.base/jdk.internal.reflect.NativeMethodAccessorImpl.invoke(NativeMethodAccessorImpl.java:77)\n\tat java.base/jdk.internal.reflect.DelegatingMethodAccessorImpl.invoke(DelegatingMethodAccessorImpl.java:43)\n\tat java.base/java.lang.reflect.Method.invoke(Method.java:568)\n\tat org.testng.internal.invokers.MethodInvocationHelper.invokeMethod(MethodInvocationHelper.java:135)\n\tat org.testng.internal.invokers.TestInvoker.invokeMethod(TestInvoker.java:673)\n\tat org.testng.internal.invokers.TestInvoker.invokeTestMethod(TestInvoker.java:220)\n\tat org.testng.internal.invokers.MethodRunner.runInSequence(MethodRunner.java:50)\n\tat org.testng.internal.invokers.TestInvoker$MethodInvocationAgent.invoke(TestInvoker.java:945)\n\tat org.testng.internal.invokers.TestInvoker.invokeTestMethods(TestInvoker.java:193)\n\tat org.testng.internal.invokers.TestMethodWorker.invokeTestMethods(TestMethodWorker.java:146)\n\tat org.testng.internal.invokers.TestMethodWorker.run(TestMethodWorker.java:128)\n\tat java.base/java.util.ArrayList.forEach(ArrayList.java:1511)\n\tat org.testng.TestRunner.privateRun(TestRunner.java:808)\n\tat org.testng.TestRunner.run(TestRunner.java:603)\n\tat org.testng.SuiteRunner.runTest(SuiteRunner.java:429)\n\tat org.testng.SuiteRunner.runSequentially(SuiteRunner.java:423)\n\tat org.testng.SuiteRunner.privateRun(SuiteRunner.java:383)\n\tat org.testng.SuiteRunner.run(SuiteRunner.java:326)\n\tat org.testng.SuiteRunnerWorker.runSuite(SuiteRunnerWorker.java:52)\n\tat org.testng.SuiteRunnerWorker.run(SuiteRunnerWorker.java:95)\n\tat org.testng.TestNG.runSuitesSequentially(TestNG.java:1249)\n\tat org.testng.TestNG.runSuitesLocally(TestNG.java:1169)\n\tat org.testng.TestNG.runSuites(TestNG.java:1092)\n\tat org.testng.TestNG.run(TestNG.java:1060)\n\tat org.apache.maven.surefire.testng.TestNGExecutor.run(TestNGExecutor.java:151)\n\tat org.apache.maven.surefire.testng.TestNGDirectoryTestSuite.executeMulti(TestNGDirectoryTestSuite.java:192)\n\tat org.apache.maven.surefire.testng.TestNGDirectoryTestSuite.execute(TestNGDirectoryTestSuite.java:93)\n\tat org.apache.maven.surefire.testng.TestNGProvider.invoke(TestNGProvider.java:155)\n\tat org.apache.maven.surefire.booter.ForkedBooter.runSuitesInProcess(ForkedBooter.java:456)\n\tat org.apache.maven.surefire.booter.ForkedBooter.execute(ForkedBooter.java:169)\n\tat org.apache.maven.surefire.booter.ForkedBooter.run(ForkedBooter.java:595)\n\tat org.apache.maven.surefire.booter.ForkedBooter.main(ForkedBooter.java:581)\n",
    "steps" : [ {
      "name" : "Attempting to run locally on: \"Mac-64 | Safari\", Headless Execution.",
      "time" : {
        "start" : 1649101471899,
        "stop" : 1649101471899,
        "duration" : 0
      },
      "status" : "passed",
      "steps" : [ ],
      "attachments" : [ ],
      "parameters" : [ {
        "name" : "logText",
        "value" : "Attempting to run locally on: \"Mac-64 | Safari\", Headless Execution."
      } ],
      "stepsCount" : 0,
      "attachmentsCount" : 0,
      "shouldDisplayMessage" : false,
      "hasContent" : true
    }, {
      "name" : "Successfully Opened Safari.",
      "time" : {
        "start" : 1649101472758,
        "stop" : 1649101472759,
        "duration" : 1
      },
      "status" : "passed",
      "steps" : [ ],
      "attachments" : [ ],
      "parameters" : [ {
        "name" : "logText",
        "value" : "Successfully Opened Safari."
      } ],
      "stepsCount" : 0,
      "attachmentsCount" : 0,
      "shouldDisplayMessage" : false,
      "hasContent" : true
    }, {
      "name" : "Maximize window \"New screen size is now: (1176, 803)\".",
      "time" : {
        "start" : 1649101472793,
        "stop" : 1649101472793,
        "duration" : 0
      },
      "status" : "passed",
      "steps" : [ ],
      "attachments" : [ ],
      "parameters" : [ {
        "name" : "logText",
        "value" : "Maximize window \"New screen size is now: (1176, 803)\"."
      }, {
        "name" : "attachments",
        "value" : "[[]]"
      } ],
      "stepsCount" : 0,
      "attachmentsCount" : 0,
      "shouldDisplayMessage" : false,
      "hasContent" : true
    }, {
      "name" : "Get text \"Welcome to the-internet\".",
      "time" : {
        "start" : 1649101473126,
        "stop" : 1649101473126,
        "duration" : 0
      },
      "status" : "passed",
      "steps" : [ ],
      "attachments" : [ ],
      "parameters" : [ {
        "name" : "logText",
        "value" : "Get text \"Welcome to the-internet\"."
      } ],
      "stepsCount" : 0,
      "attachmentsCount" : 0,
      "shouldDisplayMessage" : false,
      "hasContent" : true
    }, {
      "name" : "An Exception Occured with this Message: Session ID is null. Using WebDriver after calling quit()?.",
      "time" : {
        "start" : 1649101478529,
        "stop" : 1649101478531,
        "duration" : 2
      },
      "status" : "passed",
      "steps" : [ ],
      "attachments" : [ {
        "uid" : "2b81c62c4b9cd7fd",
        "name" : "Exception Stack Trace - org.openqa.selenium.NoSuchSessionException",
        "source" : "2b81c62c4b9cd7fd.txt",
        "type" : "text/plain",
        "size" : 4707
      } ],
      "parameters" : [ {
        "name" : "logText",
        "value" : "An Exception Occured with this Message: Session ID is null. Using WebDriver after calling quit()?."
      }, {
        "name" : "attachments",
        "value" : "[[Exception Stack Trace, org.openqa.selenium.NoSuchSessionException, org.openqa.selenium.NoSuchSessionException:\nSession ID is null. Using WebDriver after calling quit()?\nBuild info: version: '4.1.3', revision: '7b1ebf28ef'\nSystem info: host: 'Mac-1649100963972.local', ip: '10.212.0.120', os.name: 'Mac OS X', os.arch: 'x86_64', os.version: '11.6.5', java.version: '17.0.2'\nDriver info: org.openqa.selenium.safari.SafariDriver\nCommand: [null, screenshot {}]\nCapabilities {acceptInsecureCerts: false, browserName: Safari, browserVersion: 15.4, goog:loggingPrefs: {browser: ALL, client: ALL, driver: ALL, performance: ALL, profiler: ALL, server: ALL}, javascriptEnabled: true, pageLoadStrategy: normal, platform: MAC, platformName: MAC, safari:automaticInspection: false, safari:automaticProfiling: false, safari:diagnose: false, safari:platformBuildVersion: 20G527, safari:platformVersion: 11.6.5, safari:useSimulator: false, setWindowRect: true, strictFileInteractability: false, timeouts: {pageLoad: 30000, script: 30000}, webkit:WebRTC: {DisableICECandidateFiltering: false, DisableInsecureMediaCapture: false}}\norg.openqa.selenium.remote.HttpCommandExecutor.execute(HttpCommandExecutor.java:145)\norg.openqa.selenium.remote.service.DriverCommandExecutor.invokeExecute(DriverCommandExecutor.java:167)\norg.openqa.selenium.remote.service.DriverCommandExecutor.execute(DriverCommandExecutor.java:142)\norg.openqa.selenium.remote.RemoteWebDriver.execute(RemoteWebDriver.java:567)\norg.openqa.selenium.remote.RemoteWebDriver.execute(RemoteWebDriver.java:622)\norg.openqa.selenium.remote.RemoteWebDriver.execute(RemoteWebDriver.java:626)\norg.openqa.selenium.remote.RemoteWebDriver.getScreenshotAs(RemoteWebDriver.java:351)\ncom.shaft.gui.image.ScreenshotManager.takeScreenshot(ScreenshotManager.java:545)\ncom.shaft.gui.image.ScreenshotManager.internalCaptureScreenShot(ScreenshotManager.java:419)\ncom.shaft.gui.image.ScreenshotManager.captureScreenShot(ScreenshotManager.java:142)\ncom.shaft.validation.ValidationsHelper.reportValidationState(ValidationsHelper.java:821)\ncom.shaft.validation.ValidationsHelper.pass(ValidationsHelper.java:562)\ncom.shaft.validation.ValidationsHelper.validateEquals(ValidationsHelper.java:65)\ncom.shaft.validation.ValidationsExecutor.perform(ValidationsExecutor.java:136)\ncom.shaft.dsl.gui.Label.shouldHaveText(Label.java:22)\ndsl.testDsl.testLabel(testDsl.java:22)\njava.base/jdk.internal.reflect.NativeMethodAccessorImpl.invoke0(Native Method)\njava.base/jdk.internal.reflect.NativeMethodAccessorImpl.invoke(NativeMethodAccessorImpl.java:77)\njava.base/jdk.internal.reflect.DelegatingMethodAccessorImpl.invoke(DelegatingMethodAccessorImpl.java:43)\njava.base/java.lang.reflect.Method.invoke(Method.java:568)\norg.testng.internal.invokers.MethodInvocationHelper.invokeMethod(MethodInvocationHelper.java:135)\norg.testng.internal.invokers.TestInvoker.invokeMethod(TestInvoker.java:673)\norg.testng.internal.invokers.TestInvoker.invokeTestMethod(TestInvoker.java:220)\norg.testng.internal.invokers.MethodRunner.runInSequence(MethodRunner.java:50)\norg.testng.internal.invokers.TestInvoker$MethodInvocationAgent.invoke(TestInvoker.java:945)\norg.testng.internal.invokers.TestInvoker.invokeTestMethods(TestInvoker.java:193)\norg.testng.internal.invokers.TestMethodWorker.invokeTestMethods(TestMethodWorker.java:146)\norg.testng.internal.invokers.TestMethodWorker.run(TestMethodWorker.java:128)\njava.base/java.util.ArrayList.forEach(ArrayList.java:1511)\norg.testng.TestRunner.privateRun(TestRunner.java:808)\norg.testng.TestRunner.run(TestRunner.java:603)\norg.testng.SuiteRunner.runTest(SuiteRunner.java:429)\norg.testng.SuiteRunner.runSequentially(SuiteRunner.java:423)\norg.testng.SuiteRunner.privateRun(SuiteRunner.java:383)\norg.testng.SuiteRunner.run(SuiteRunner.java:326)\norg.testng.SuiteRunnerWorker.runSuite(SuiteRunnerWorker.java:52)\norg.testng.SuiteRunnerWorker.run(SuiteRunnerWorker.java:95)\norg.testng.TestNG.runSuitesSequentially(TestNG.java:1249)\norg.testng.TestNG.runSuitesLocally(TestNG.java:1169)\norg.testng.TestNG.runSuites(TestNG.java:1092)\norg.testng.TestNG.run(TestNG.java:1060)\norg.apache.maven.surefire.testng.TestNGExecutor.run(TestNGExecutor.java:151)\norg.apache.maven.surefire.testng.TestNGDirectoryTestSuite.executeMulti(TestNGDirectoryTestSuite.java:192)\norg.apache.maven.surefire.testng.TestNGDirectoryTestSuite.execute(TestNGDirectoryTestSuite.java:93)\norg.apache.maven.surefire.testng.TestNGProvider.invoke(TestNGProvider.java:155)\norg.apache.maven.surefire.booter.ForkedBooter.runSuitesInProcess(ForkedBooter.java:456)\norg.apache.maven.surefire.booter.ForkedBooter.execute(ForkedBooter.java:169)\norg.apache.maven.surefire.booter.ForkedBooter.run(ForkedBooter.java:595)\norg.apache.maven.surefire.booter.ForkedBooter.main(ForkedBooter.java:581)\n]]"
      } ],
      "stepsCount" : 0,
      "attachmentsCount" : 1,
      "shouldDisplayMessage" : false,
      "hasContent" : true
    }, {
      "name" : "Assertion Passed: \"Welcome to the-internet\" is equal to \"Welcome to the-internet\".",
      "time" : {
        "start" : 1649101478531,
        "stop" : 1649101478532,
        "duration" : 1
      },
      "status" : "broken",
      "statusMessage" : "Index: 2, Size: 0",
      "statusTrace" : "java.lang.IndexOutOfBoundsException: Index: 2, Size: 0\n\tat java.base/java.util.LinkedList.checkElementIndex(LinkedList.java:559)\n\tat java.base/java.util.LinkedList.get(LinkedList.java:480)\n\tat com.shaft.tools.io.ReportManagerHelper.lambda$writeNestedStepsToReport$9(ReportManagerHelper.java:946)\n\tat java.base/java.util.ArrayList.forEach(ArrayList.java:1511)\n\tat com.shaft.tools.io.ReportManagerHelper.writeNestedStepsToReport(ReportManagerHelper.java:945)\n\tat com.shaft.tools.io.ReportManagerHelper.logNestedSteps(ReportManagerHelper.java:935)\n\tat com.shaft.validation.ValidationsHelper.reportValidationState(ValidationsHelper.java:847)\n\tat com.shaft.validation.ValidationsHelper.pass(ValidationsHelper.java:562)\n\tat com.shaft.validation.ValidationsHelper.validateEquals(ValidationsHelper.java:65)\n\tat com.shaft.validation.ValidationsExecutor.perform(ValidationsExecutor.java:136)\n\tat com.shaft.dsl.gui.Label.shouldHaveText(Label.java:22)\n\tat dsl.testDsl.testLabel(testDsl.java:22)\n\tat java.base/jdk.internal.reflect.NativeMethodAccessorImpl.invoke0(Native Method)\n\tat java.base/jdk.internal.reflect.NativeMethodAccessorImpl.invoke(NativeMethodAccessorImpl.java:77)\n\tat java.base/jdk.internal.reflect.DelegatingMethodAccessorImpl.invoke(DelegatingMethodAccessorImpl.java:43)\n\tat java.base/java.lang.reflect.Method.invoke(Method.java:568)\n\tat org.testng.internal.invokers.MethodInvocationHelper.invokeMethod(MethodInvocationHelper.java:135)\n\tat org.testng.internal.invokers.TestInvoker.invokeMethod(TestInvoker.java:673)\n\tat org.testng.internal.invokers.TestInvoker.invokeTestMethod(TestInvoker.java:220)\n\tat org.testng.internal.invokers.MethodRunner.runInSequence(MethodRunner.java:50)\n\tat org.testng.internal.invokers.TestInvoker$MethodInvocationAgent.invoke(TestInvoker.java:945)\n\tat org.testng.internal.invokers.TestInvoker.invokeTestMethods(TestInvoker.java:193)\n\tat org.testng.internal.invokers.TestMethodWorker.invokeTestMethods(TestMethodWorker.java:146)\n\tat org.testng.internal.invokers.TestMethodWorker.run(TestMethodWorker.java:128)\n\tat java.base/java.util.ArrayList.forEach(ArrayList.java:1511)\n\tat org.testng.TestRunner.privateRun(TestRunner.java:808)\n\tat org.testng.TestRunner.run(TestRunner.java:603)\n\tat org.testng.SuiteRunner.runTest(SuiteRunner.java:429)\n\tat org.testng.SuiteRunner.runSequentially(SuiteRunner.java:423)\n\tat org.testng.SuiteRunner.privateRun(SuiteRunner.java:383)\n\tat org.testng.SuiteRunner.run(SuiteRunner.java:326)\n\tat org.testng.SuiteRunnerWorker.runSuite(SuiteRunnerWorker.java:52)\n\tat org.testng.SuiteRunnerWorker.run(SuiteRunnerWorker.java:95)\n\tat org.testng.TestNG.runSuitesSequentially(TestNG.java:1249)\n\tat org.testng.TestNG.runSuitesLocally(TestNG.java:1169)\n\tat org.testng.TestNG.runSuites(TestNG.java:1092)\n\tat org.testng.TestNG.run(TestNG.java:1060)\n\tat org.apache.maven.surefire.testng.TestNGExecutor.run(TestNGExecutor.java:151)\n\tat org.apache.maven.surefire.testng.TestNGDirectoryTestSuite.executeMulti(TestNGDirectoryTestSuite.java:192)\n\tat org.apache.maven.surefire.testng.TestNGDirectoryTestSuite.execute(TestNGDirectoryTestSuite.java:93)\n\tat org.apache.maven.surefire.testng.TestNGProvider.invoke(TestNGProvider.java:155)\n\tat org.apache.maven.surefire.booter.ForkedBooter.runSuitesInProcess(ForkedBooter.java:456)\n\tat org.apache.maven.surefire.booter.ForkedBooter.execute(ForkedBooter.java:169)\n\tat org.apache.maven.surefire.booter.ForkedBooter.run(ForkedBooter.java:595)\n\tat org.apache.maven.surefire.booter.ForkedBooter.main(ForkedBooter.java:581)\n",
      "steps" : [ ],
      "attachments" : [ ],
      "parameters" : [ {
        "name" : "customLog",
        "value" : "Assertion Passed: \"Welcome to the-internet\" is equal to \"Welcome to the-internet\"."
      }, {
        "name" : "stepLog",
        "value" : "Assertion \"ValidateEquals\" PASSED. Expected \"Welcome to the-internet\" and Actual \"Welcome to the-internet\". Comparison Type \"EQUALS\". Validation Type \"POSITIVE\"."
      }, {
        "name" : "attachments",
        "value" : "[[]]"
      } ],
      "stepsCount" : 0,
      "attachmentsCount" : 0,
      "shouldDisplayMessage" : true,
      "hasContent" : true
    } ],
    "attachments" : [ {
      "uid" : "3affe082c7081b52",
      "name" : "SHAFT Engine Logs - Current Method log: testLabel",
      "source" : "3affe082c7081b52.txt",
      "type" : "text/plain",
      "size" : 10799
    } ],
    "parameters" : [ ],
    "stepsCount" : 6,
    "attachmentsCount" : 2,
    "shouldDisplayMessage" : false,
    "hasContent" : true
  },
  "afterStages" : [ {
    "name" : "teardownActivities",
    "time" : {
      "start" : 1649101478575,
      "stop" : 1649101479538,
      "duration" : 963
    },
    "description" : "",
    "status" : "passed",
    "steps" : [ {
      "name" : "Successfully Closed All Drivers.",
      "time" : {
        "start" : 1649101478982,
        "stop" : 1649101478982,
        "duration" : 0
      },
      "status" : "passed",
      "steps" : [ ],
      "attachments" : [ ],
      "parameters" : [ {
        "name" : "logText",
        "value" : "Successfully Closed All Drivers."
      } ],
      "stepsCount" : 0,
      "attachmentsCount" : 0,
      "shouldDisplayMessage" : false,
      "hasContent" : true
    }, {
      "name" : "Issue Summary: Total Issues = 8, New issues for Failed Tests = 6, Open issues for Passed Tests = 2, Open issues for Failed Tests = 0. Kindly check the attached Issue details.",
      "time" : {
        "start" : 1649101478993,
        "stop" : 1649101478994,
        "duration" : 1
      },
      "status" : "passed",
      "steps" : [ ],
      "attachments" : [ {
        "uid" : "fffe320ad4e1735b",
        "name" : "SHAFT Engine Logs - Issues log CSV: 20220404-194438",
        "source" : "fffe320ad4e1735b.csv",
        "type" : "text/csv",
        "size" : 950
      } ],
      "parameters" : [ {
        "name" : "logText",
        "value" : "Issue Summary: Total Issues = 8, New issues for Failed Tests = 6, Open issues for Passed Tests = 2, Open issues for Failed Tests = 0. Kindly check the attached Issue details."
      }, {
        "name" : "attachments",
        "value" : "[[SHAFT Engine Logs, Issues log CSV: 20220404-194438, java.io.ByteArrayInputStream@bcfba54]]"
      } ],
      "stepsCount" : 0,
      "attachmentsCount" : 1,
      "shouldDisplayMessage" : false,
      "hasContent" : true
    } ],
    "attachments" : [ {
      "uid" : "cdeafe0ba97c0061",
      "name" : "SHAFT Engine Logs - Execution log: 20220404-194438",
      "source" : "cdeafe0ba97c0061.txt",
      "type" : "text/plain",
      "size" : 246873
    }, {
      "uid" : "81021e771c514bd4",
      "name" : "HTML - Extent Emailable Execution Report",
      "source" : "81021e771c514bd4.html",
      "type" : "text/html",
      "size" : 9517245
    } ],
    "parameters" : [ ],
    "stepsCount" : 2,
    "attachmentsCount" : 3,
    "shouldDisplayMessage" : false,
    "hasContent" : true
  } ],
  "labels" : [ {
    "name" : "package",
    "value" : "dsl.testDsl"
  }, {
    "name" : "testClass",
    "value" : "dsl.testDsl"
  }, {
    "name" : "testMethod",
    "value" : "testLabel"
  }, {
    "name" : "parentSuite",
    "value" : "Suite"
  }, {
    "name" : "suite",
    "value" : "Test"
  }, {
    "name" : "subSuite",
    "value" : "dsl.testDsl"
  }, {
    "name" : "host",
    "value" : "Mac-1649100963972.local"
  }, {
    "name" : "thread",
    "value" : "2074@Mac-1649100963972.local.main(1)"
  }, {
    "name" : "framework",
    "value" : "testng"
  }, {
    "name" : "language",
    "value" : "java"
  }, {
    "name" : "resultFormat",
    "value" : "allure2"
  } ],
  "parameters" : [ ],
  "links" : [ ],
  "hidden" : false,
  "retry" : false,
  "extra" : {
    "severity" : "normal",
    "retries" : [ ],
    "categories" : [ {
      "name" : "Test defects",
      "matchedStatuses" : [ ],
      "flaky" : false
    } ],
    "tags" : [ ]
  },
  "source" : "aff7b579fe20def5.json",
  "parameterValues" : [ ]
}