{
  "uid" : "bcfb029e44d2cb4a",
  "name" : "f12",
  "fullName" : "testPackage01.Test_NewValidationHelper.f12",
  "historyId" : "8a583f3461f88d7c293779bde04a0e1d",
  "time" : {
    "start" : 1649101338362,
    "stop" : 1649101338450,
    "duration" : 88
  },
  "status" : "skipped",
  "statusMessage" : "Driver Factory Action \"createNewLocalDriverInstanceForSafari\" failed. With the following test data \"Failed to create a session on DESKTOP_SAFARI\".",
  "statusTrace" : "java.lang.AssertionError: Driver Factory Action \"createNewLocalDriverInstanceForSafari\" failed. With the following test data \"Failed to create a session on DESKTOP_SAFARI\".\n\tat org.testng.Assert.fail(Assert.java:110)\n\tat com.shaft.driver.DriverFactoryHelper.failAction(DriverFactoryHelper.java:314)\n\tat com.shaft.driver.DriverFactoryHelper.createNewLocalDriverInstanceForSafari(DriverFactoryHelper.java:618)\n\tat com.shaft.driver.DriverFactoryHelper.createNewLocalDriverInstance(DriverFactoryHelper.java:638)\n\tat com.shaft.driver.DriverFactoryHelper.getDriver(DriverFactoryHelper.java:855)\n\tat com.shaft.driver.DriverFactoryHelper.getDriver(DriverFactoryHelper.java:145)\n\tat com.shaft.driver.DriverFactory.getDriver(DriverFactory.java:30)\n\tat testPackage01.Test_NewValidationHelper.openBrowser(Test_NewValidationHelper.java:326)\n\tat java.base/jdk.internal.reflect.NativeMethodAccessorImpl.invoke0(Native Method)\n\tat java.base/jdk.internal.reflect.NativeMethodAccessorImpl.invoke(NativeMethodAccessorImpl.java:77)\n\tat java.base/jdk.internal.reflect.DelegatingMethodAccessorImpl.invoke(DelegatingMethodAccessorImpl.java:43)\n\tat java.base/java.lang.reflect.Method.invoke(Method.java:568)\n\tat org.testng.internal.invokers.MethodInvocationHelper.invokeMethod(MethodInvocationHelper.java:135)\n\tat org.testng.internal.invokers.MethodInvocationHelper.invokeMethodConsideringTimeout(MethodInvocationHelper.java:65)\n\tat org.testng.internal.invokers.ConfigInvoker.invokeConfigurationMethod(ConfigInvoker.java:381)\n\tat org.testng.internal.invokers.ConfigInvoker.invokeConfigurations(ConfigInvoker.java:319)\n\tat org.testng.internal.invokers.TestInvoker.runConfigMethods(TestInvoker.java:803)\n\tat org.testng.internal.invokers.TestInvoker.invokeMethod(TestInvoker.java:589)\n\tat org.testng.internal.invokers.TestInvoker.invokeTestMethod(TestInvoker.java:220)\n\tat org.testng.internal.invokers.MethodRunner.runInSequence(MethodRunner.java:50)\n\tat org.testng.internal.invokers.TestInvoker$MethodInvocationAgent.invoke(TestInvoker.java:945)\n\tat org.testng.internal.invokers.TestInvoker.invokeTestMethods(TestInvoker.java:193)\n\tat org.testng.internal.invokers.TestMethodWorker.invokeTestMethods(TestMethodWorker.java:146)\n\tat org.testng.internal.invokers.TestMethodWorker.run(TestMethodWorker.java:128)\n\tat java.base/java.util.ArrayList.forEach(ArrayList.java:1511)\n\tat org.testng.TestRunner.privateRun(TestRunner.java:808)\n\tat org.testng.TestRunner.run(TestRunner.java:603)\n\tat org.testng.SuiteRunner.runTest(SuiteRunner.java:429)\n\tat org.testng.SuiteRunner.runSequentially(SuiteRunner.java:423)\n\tat org.testng.SuiteRunner.privateRun(SuiteRunner.java:383)\n\tat org.testng.SuiteRunner.run(SuiteRunner.java:326)\n\tat org.testng.SuiteRunnerWorker.runSuite(SuiteRunnerWorker.java:52)\n\tat org.testng.SuiteRunnerWorker.run(SuiteRunnerWorker.java:95)\n\tat org.testng.TestNG.runSuitesSequentially(TestNG.java:1249)\n\tat org.testng.TestNG.runSuitesLocally(TestNG.java:1169)\n\tat org.testng.TestNG.runSuites(TestNG.java:1092)\n\tat org.testng.TestNG.run(TestNG.java:1060)\n\tat org.apache.maven.surefire.testng.TestNGExecutor.run(TestNGExecutor.java:151)\n\tat org.apache.maven.surefire.testng.TestNGDirectoryTestSuite.executeMulti(TestNGDirectoryTestSuite.java:192)\n\tat org.apache.maven.surefire.testng.TestNGDirectoryTestSuite.execute(TestNGDirectoryTestSuite.java:93)\n\tat org.apache.maven.surefire.testng.TestNGProvider.invoke(TestNGProvider.java:155)\n\tat org.apache.maven.surefire.booter.ForkedBooter.runSuitesInProcess(ForkedBooter.java:456)\n\tat org.apache.maven.surefire.booter.ForkedBooter.execute(ForkedBooter.java:169)\n\tat org.apache.maven.surefire.booter.ForkedBooter.run(ForkedBooter.java:595)\n\tat org.apache.maven.surefire.booter.ForkedBooter.main(ForkedBooter.java:581)\n",
  "flaky" : false,
  "newFailed" : false,
  "newBroken" : false,
  "newPassed" : false,
  "retriesCount" : 0,
  "retriesStatusChange" : false,
  "beforeStages" : [ {
    "name" : "setupActivities",
    "time" : {
      "start" : 1649101067484,
      "stop" : 1649101069851,
      "duration" : 2367
    },
    "description" : "",
    "status" : "passed",
    "steps" : [ {
      "name" : "Folder \"allure-results\" was not found, it may have already been deleted.",
      "time" : {
        "start" : 1649101067541,
        "stop" : 1649101067543,
        "duration" : 2
      },
      "status" : "passed",
      "steps" : [ ],
      "attachments" : [ ],
      "parameters" : [ {
        "name" : "logText",
        "value" : "Folder \"allure-results\" was not found, it may have already been deleted."
      } ],
      "stepsCount" : 0,
      "attachmentsCount" : 0,
      "shouldDisplayMessage" : false,
      "hasContent" : true
    }, {
      "name" : "Folder \"/Users/runner/.m2/repository/allure/\" was not found, it may have already been deleted.",
      "time" : {
        "start" : 1649101067544,
        "stop" : 1649101067544,
        "duration" : 0
      },
      "status" : "passed",
      "steps" : [ ],
      "attachments" : [ ],
      "parameters" : [ {
        "name" : "logText",
        "value" : "Folder \"/Users/runner/.m2/repository/allure/\" was not found, it may have already been deleted."
      } ],
      "stepsCount" : 0,
      "attachmentsCount" : 0,
      "shouldDisplayMessage" : false,
      "hasContent" : true
    }, {
      "name" : "Downloading a file from this url \"https://repo.maven.apache.org/maven2/io/qameta/allure/allure-commandline/2.17.3/allure-commandline-2.17.3.zip\" to this directory \"target/allureBinary.zip\", please wait as downloading may take some time...",
      "time" : {
        "start" : 1649101067545,
        "stop" : 1649101067545,
        "duration" : 0
      },
      "status" : "passed",
      "steps" : [ ],
      "attachments" : [ ],
      "parameters" : [ {
        "name" : "logText",
        "value" : "Downloading a file from this url \"https://repo.maven.apache.org/maven2/io/qameta/allure/allure-commandline/2.17.3/allure-commandline-2.17.3.zip\" to this directory \"target/allureBinary.zip\", please wait as downloading may take some time..."
      } ],
      "stepsCount" : 0,
      "attachmentsCount" : 0,
      "shouldDisplayMessage" : false,
      "hasContent" : true
    }, {
      "name" : "Terminal Action \"PerformTerminalCommands\" successfully performed. With the following test data \"Host Name: \"localHost\" | Command: \"chmod u+x /Users/runner/.m2/repository/allure/allure-2.17.3/bin/allure\" | Exit Status: \"0\"\".",
      "time" : {
        "start" : 1649101068929,
        "stop" : 1649101068929,
        "duration" : 0
      },
      "status" : "passed",
      "steps" : [ ],
      "attachments" : [ ],
      "parameters" : [ {
        "name" : "logText",
        "value" : "Terminal Action \"PerformTerminalCommands\" successfully performed. With the following test data \"Host Name: \"localHost\" | Command: \"chmod u+x /Users/runner/.m2/repository/allure/allure-2.17.3/bin/allure\" | Exit Status: \"0\"\"."
      } ],
      "stepsCount" : 0,
      "attachmentsCount" : 0,
      "shouldDisplayMessage" : false,
      "hasContent" : true
    }, {
      "name" : "Terminal Action \"PerformTerminalCommands\" successfully performed. With the following test data \"Host Name: \"localHost\" | Command: \"chmod u+x generate_allure_report.sh\" | Exit Status: \"0\"\".",
      "time" : {
        "start" : 1649101068937,
        "stop" : 1649101068937,
        "duration" : 0
      },
      "status" : "passed",
      "steps" : [ ],
      "attachments" : [ ],
      "parameters" : [ {
        "name" : "logText",
        "value" : "Terminal Action \"PerformTerminalCommands\" successfully performed. With the following test data \"Host Name: \"localHost\" | Command: \"chmod u+x generate_allure_report.sh\" | Exit Status: \"0\"\"."
      } ],
      "stepsCount" : 0,
      "attachmentsCount" : 0,
      "shouldDisplayMessage" : false,
      "hasContent" : true
    }, {
      "name" : "Folder \"extent-reports\" was not found, it may have already been deleted.",
      "time" : {
        "start" : 1649101069047,
        "stop" : 1649101069047,
        "duration" : 0
      },
      "status" : "passed",
      "steps" : [ ],
      "attachments" : [ ],
      "parameters" : [ {
        "name" : "logText",
        "value" : "Folder \"extent-reports\" was not found, it may have already been deleted."
      } ],
      "stepsCount" : 0,
      "attachmentsCount" : 0,
      "shouldDisplayMessage" : false,
      "hasContent" : true
    }, {
      "name" : "Terminal Action \"PerformTerminalCommands\" successfully performed. With the following test data \"Host Name: \"localHost\" | Command: \"chmod u+x generateJdk.sh\" | Exit Status: \"1\"\".",
      "time" : {
        "start" : 1649101069848,
        "stop" : 1649101069850,
        "duration" : 2
      },
      "status" : "passed",
      "steps" : [ ],
      "attachments" : [ {
        "uid" : "79a3eda1f6111a18",
        "name" : "Terminal Action Actual Result - Command Log",
        "source" : "79a3eda1f6111a18.txt",
        "type" : "text/plain",
        "size" : 48
      } ],
      "parameters" : [ {
        "name" : "logText",
        "value" : "Terminal Action \"PerformTerminalCommands\" successfully performed. With the following test data \"Host Name: \"localHost\" | Command: \"chmod u+x generateJdk.sh\" | Exit Status: \"1\"\"."
      }, {
        "name" : "attachments",
        "value" : "[[Terminal Action Actual Result, Command Log, chmod: generateJdk.sh: No such file or directory]]"
      } ],
      "stepsCount" : 0,
      "attachmentsCount" : 1,
      "shouldDisplayMessage" : false,
      "hasContent" : true
    } ],
    "attachments" : [ {
      "uid" : "3e1b1b60ddce94c0",
      "name" : "SHAFT Links - Important",
      "source" : "3e1b1b60ddce94c0.uri",
      "type" : "text/uri-list",
      "size" : 346
    }, {
      "uid" : "b5e4ac1b3b9f2ac4",
      "name" : "Properties - testNG",
      "source" : "b5e4ac1b3b9f2ac4.properties",
      "type" : "text/plain",
      "size" : 492
    }, {
      "uid" : "13a0e646412c4315",
      "name" : "Properties - ExecutionPlatform",
      "source" : "13a0e646412c4315.properties",
      "type" : "text/plain",
      "size" : 419
    }, {
      "uid" : "24ef64a528d45df3",
      "name" : "Properties - path",
      "source" : "24ef64a528d45df3.properties",
      "type" : "text/plain",
      "size" : 687
    }, {
      "uid" : "e9265a929ccc2266",
      "name" : "Properties - video",
      "source" : "e9265a929ccc2266.properties",
      "type" : "text/plain",
      "size" : 763
    }, {
      "uid" : "5ba45803b32c3415",
      "name" : "Properties - pattern",
      "source" : "5ba45803b32c3415.properties",
      "type" : "text/plain",
      "size" : 566
    }, {
      "uid" : "284ebc4852074a9e",
      "name" : "Properties - internal",
      "source" : "284ebc4852074a9e.properties",
      "type" : "text/plain",
      "size" : 112
    }, {
      "uid" : "461661054dd0d19c",
      "name" : "Properties - MobileCapabilities",
      "source" : "461661054dd0d19c.properties",
      "type" : "text/plain",
      "size" : 470
    }, {
      "uid" : "324eddd482cb60da",
      "name" : "Properties - cucumber",
      "source" : "324eddd482cb60da.properties",
      "type" : "text/plain",
      "size" : 1316
    }, {
      "uid" : "d5e50745e75bafec",
      "name" : "Properties - PlatformFlags",
      "source" : "d5e50745e75bafec.properties",
      "type" : "text/plain",
      "size" : 765
    }, {
      "uid" : "4cd22ab193d44914",
      "name" : "Properties - Timeouts",
      "source" : "4cd22ab193d44914.properties",
      "type" : "text/plain",
      "size" : 722
    }, {
      "uid" : "e5ed0239ebb40a62",
      "name" : "Properties - Reporting",
      "source" : "e5ed0239ebb40a62.properties",
      "type" : "text/plain",
      "size" : 614
    }, {
      "uid" : "4643c07712529eb6",
      "name" : "Properties - healenium",
      "source" : "4643c07712529eb6.properties",
      "type" : "text/plain",
      "size" : 115
    }, {
      "uid" : "ed1410f4b09cecd",
      "name" : "Properties - JiraXRay",
      "source" : "ed1410f4b09cecd.properties",
      "type" : "text/plain",
      "size" : 559
    }, {
      "uid" : "88144b5833df4dbb",
      "name" : "Properties - browserStack",
      "source" : "88144b5833df4dbb.properties",
      "type" : "text/plain",
      "size" : 877
    }, {
      "uid" : "e5ed73f8d1f216fb",
      "name" : "Properties - VisualValidations",
      "source" : "e5ed73f8d1f216fb.properties",
      "type" : "text/plain",
      "size" : 711
    } ],
    "parameters" : [ ],
    "stepsCount" : 7,
    "attachmentsCount" : 17,
    "shouldDisplayMessage" : false,
    "hasContent" : true
  }, {
    "name" : "openBrowser",
    "time" : {
      "start" : 1649101338319,
      "stop" : 1649101338319,
      "duration" : 0
    },
    "description" : "",
    "status" : "broken",
    "steps" : [ ],
    "attachments" : [ ],
    "parameters" : [ ],
    "stepsCount" : 0,
    "attachmentsCount" : 0,
    "shouldDisplayMessage" : false,
    "hasContent" : false
  } ],
  "testStage" : {
    "status" : "skipped",
    "statusMessage" : "Driver Factory Action \"createNewLocalDriverInstanceForSafari\" failed. With the following test data \"Failed to create a session on DESKTOP_SAFARI\".",
    "statusTrace" : "java.lang.AssertionError: Driver Factory Action \"createNewLocalDriverInstanceForSafari\" failed. With the following test data \"Failed to create a session on DESKTOP_SAFARI\".\n\tat org.testng.Assert.fail(Assert.java:110)\n\tat com.shaft.driver.DriverFactoryHelper.failAction(DriverFactoryHelper.java:314)\n\tat com.shaft.driver.DriverFactoryHelper.createNewLocalDriverInstanceForSafari(DriverFactoryHelper.java:618)\n\tat com.shaft.driver.DriverFactoryHelper.createNewLocalDriverInstance(DriverFactoryHelper.java:638)\n\tat com.shaft.driver.DriverFactoryHelper.getDriver(DriverFactoryHelper.java:855)\n\tat com.shaft.driver.DriverFactoryHelper.getDriver(DriverFactoryHelper.java:145)\n\tat com.shaft.driver.DriverFactory.getDriver(DriverFactory.java:30)\n\tat testPackage01.Test_NewValidationHelper.openBrowser(Test_NewValidationHelper.java:326)\n\tat java.base/jdk.internal.reflect.NativeMethodAccessorImpl.invoke0(Native Method)\n\tat java.base/jdk.internal.reflect.NativeMethodAccessorImpl.invoke(NativeMethodAccessorImpl.java:77)\n\tat java.base/jdk.internal.reflect.DelegatingMethodAccessorImpl.invoke(DelegatingMethodAccessorImpl.java:43)\n\tat java.base/java.lang.reflect.Method.invoke(Method.java:568)\n\tat org.testng.internal.invokers.MethodInvocationHelper.invokeMethod(MethodInvocationHelper.java:135)\n\tat org.testng.internal.invokers.MethodInvocationHelper.invokeMethodConsideringTimeout(MethodInvocationHelper.java:65)\n\tat org.testng.internal.invokers.ConfigInvoker.invokeConfigurationMethod(ConfigInvoker.java:381)\n\tat org.testng.internal.invokers.ConfigInvoker.invokeConfigurations(ConfigInvoker.java:319)\n\tat org.testng.internal.invokers.TestInvoker.runConfigMethods(TestInvoker.java:803)\n\tat org.testng.internal.invokers.TestInvoker.invokeMethod(TestInvoker.java:589)\n\tat org.testng.internal.invokers.TestInvoker.invokeTestMethod(TestInvoker.java:220)\n\tat org.testng.internal.invokers.MethodRunner.runInSequence(MethodRunner.java:50)\n\tat org.testng.internal.invokers.TestInvoker$MethodInvocationAgent.invoke(TestInvoker.java:945)\n\tat org.testng.internal.invokers.TestInvoker.invokeTestMethods(TestInvoker.java:193)\n\tat org.testng.internal.invokers.TestMethodWorker.invokeTestMethods(TestMethodWorker.java:146)\n\tat org.testng.internal.invokers.TestMethodWorker.run(TestMethodWorker.java:128)\n\tat java.base/java.util.ArrayList.forEach(ArrayList.java:1511)\n\tat org.testng.TestRunner.privateRun(TestRunner.java:808)\n\tat org.testng.TestRunner.run(TestRunner.java:603)\n\tat org.testng.SuiteRunner.runTest(SuiteRunner.java:429)\n\tat org.testng.SuiteRunner.runSequentially(SuiteRunner.java:423)\n\tat org.testng.SuiteRunner.privateRun(SuiteRunner.java:383)\n\tat org.testng.SuiteRunner.run(SuiteRunner.java:326)\n\tat org.testng.SuiteRunnerWorker.runSuite(SuiteRunnerWorker.java:52)\n\tat org.testng.SuiteRunnerWorker.run(SuiteRunnerWorker.java:95)\n\tat org.testng.TestNG.runSuitesSequentially(TestNG.java:1249)\n\tat org.testng.TestNG.runSuitesLocally(TestNG.java:1169)\n\tat org.testng.TestNG.runSuites(TestNG.java:1092)\n\tat org.testng.TestNG.run(TestNG.java:1060)\n\tat org.apache.maven.surefire.testng.TestNGExecutor.run(TestNGExecutor.java:151)\n\tat org.apache.maven.surefire.testng.TestNGDirectoryTestSuite.executeMulti(TestNGDirectoryTestSuite.java:192)\n\tat org.apache.maven.surefire.testng.TestNGDirectoryTestSuite.execute(TestNGDirectoryTestSuite.java:93)\n\tat org.apache.maven.surefire.testng.TestNGProvider.invoke(TestNGProvider.java:155)\n\tat org.apache.maven.surefire.booter.ForkedBooter.runSuitesInProcess(ForkedBooter.java:456)\n\tat org.apache.maven.surefire.booter.ForkedBooter.execute(ForkedBooter.java:169)\n\tat org.apache.maven.surefire.booter.ForkedBooter.run(ForkedBooter.java:595)\n\tat org.apache.maven.surefire.booter.ForkedBooter.main(ForkedBooter.java:581)\n",
    "steps" : [ ],
    "attachments" : [ {
      "uid" : "bef088f0a7406e5b",
      "name" : "SHAFT Engine Logs - Current Method log: f12",
      "source" : "bef088f0a7406e5b.txt",
      "type" : "text/plain",
      "size" : 416
    } ],
    "parameters" : [ ],
    "stepsCount" : 0,
    "attachmentsCount" : 1,
    "shouldDisplayMessage" : true,
    "hasContent" : true
  },
  "afterStages" : [ {
    "name" : "closeBrowser",
    "time" : {
      "start" : 1649101338533,
      "stop" : 1649101338534,
      "duration" : 1
    },
    "description" : "",
    "status" : "broken",
    "steps" : [ ],
    "attachments" : [ ],
    "parameters" : [ ],
    "stepsCount" : 0,
    "attachmentsCount" : 0,
    "shouldDisplayMessage" : false,
    "hasContent" : false
  }, {
    "name" : "teardownActivities",
    "time" : {
      "start" : 1649101478575,
      "stop" : 1649101479538,
      "duration" : 963
    },
    "description" : "",
    "status" : "passed",
    "steps" : [ {
      "name" : "Successfully Closed All Drivers.",
      "time" : {
        "start" : 1649101478982,
        "stop" : 1649101478982,
        "duration" : 0
      },
      "status" : "passed",
      "steps" : [ ],
      "attachments" : [ ],
      "parameters" : [ {
        "name" : "logText",
        "value" : "Successfully Closed All Drivers."
      } ],
      "stepsCount" : 0,
      "attachmentsCount" : 0,
      "shouldDisplayMessage" : false,
      "hasContent" : true
    }, {
      "name" : "Issue Summary: Total Issues = 8, New issues for Failed Tests = 6, Open issues for Passed Tests = 2, Open issues for Failed Tests = 0. Kindly check the attached Issue details.",
      "time" : {
        "start" : 1649101478993,
        "stop" : 1649101478994,
        "duration" : 1
      },
      "status" : "passed",
      "steps" : [ ],
      "attachments" : [ {
        "uid" : "fffe320ad4e1735b",
        "name" : "SHAFT Engine Logs - Issues log CSV: 20220404-194438",
        "source" : "fffe320ad4e1735b.csv",
        "type" : "text/csv",
        "size" : 950
      } ],
      "parameters" : [ {
        "name" : "logText",
        "value" : "Issue Summary: Total Issues = 8, New issues for Failed Tests = 6, Open issues for Passed Tests = 2, Open issues for Failed Tests = 0. Kindly check the attached Issue details."
      }, {
        "name" : "attachments",
        "value" : "[[SHAFT Engine Logs, Issues log CSV: 20220404-194438, java.io.ByteArrayInputStream@bcfba54]]"
      } ],
      "stepsCount" : 0,
      "attachmentsCount" : 1,
      "shouldDisplayMessage" : false,
      "hasContent" : true
    } ],
    "attachments" : [ {
      "uid" : "cdeafe0ba97c0061",
      "name" : "SHAFT Engine Logs - Execution log: 20220404-194438",
      "source" : "cdeafe0ba97c0061.txt",
      "type" : "text/plain",
      "size" : 246873
    }, {
      "uid" : "81021e771c514bd4",
      "name" : "HTML - Extent Emailable Execution Report",
      "source" : "81021e771c514bd4.html",
      "type" : "text/html",
      "size" : 9517245
    } ],
    "parameters" : [ ],
    "stepsCount" : 2,
    "attachmentsCount" : 3,
    "shouldDisplayMessage" : false,
    "hasContent" : true
  } ],
  "labels" : [ {
    "name" : "package",
    "value" : "testPackage01.Test_NewValidationHelper"
  }, {
    "name" : "testClass",
    "value" : "testPackage01.Test_NewValidationHelper"
  }, {
    "name" : "testMethod",
    "value" : "f12"
  }, {
    "name" : "parentSuite",
    "value" : "Suite"
  }, {
    "name" : "suite",
    "value" : "Test"
  }, {
    "name" : "subSuite",
    "value" : "testPackage01.Test_NewValidationHelper"
  }, {
    "name" : "host",
    "value" : "Mac-1649100963972.local"
  }, {
    "name" : "thread",
    "value" : "2074@Mac-1649100963972.local.main(1)"
  }, {
    "name" : "framework",
    "value" : "testng"
  }, {
    "name" : "language",
    "value" : "java"
  }, {
    "name" : "resultFormat",
    "value" : "allure2"
  } ],
  "parameters" : [ ],
  "links" : [ ],
  "hidden" : false,
  "retry" : false,
  "extra" : {
    "severity" : "normal",
    "retries" : [ ],
    "categories" : [ ],
    "tags" : [ ]
  },
  "source" : "bcfb029e44d2cb4a.json",
  "parameterValues" : [ ]
}