{
  "uid" : "ce75c62c41d874a1",
  "name" : "dynamicLoading_elementIsHidden",
  "fullName" : "testPackage01.Test_dynamicLoading.dynamicLoading_elementIsHidden",
  "historyId" : "c80eb0293658685903bd1fd24f492c08",
  "time" : {
    "start" : 1649101466512,
    "stop" : 1649101467846,
    "duration" : 1334
  },
  "status" : "broken",
  "statusMessage" : "Build info: version: '4.1.3', revision: '7b1ebf28ef'\nSystem info: host: 'Mac-1649100963972.local', ip: '10.212.0.120', os.name: 'Mac OS X', os.arch: 'x86_64', os.version: '11.6.5', java.version: '17.0.2'\nDriver info: org.openqa.selenium.safari.SafariDriver\nCommand: [CA26C259-51CB-484E-A812-705D69BD3D55, getElementRect {id=node-3E6BEC48-7662-4ED0-8E94-6DEDE018A0BD}]\nCapabilities {acceptInsecureCerts: false, browserName: Safari, browserVersion: 15.4, goog:loggingPrefs: {browser: ALL, client: ALL, driver: ALL, performance: ALL, profiler: ALL, server: ALL}, javascriptEnabled: true, pageLoadStrategy: normal, platform: MAC, platformName: MAC, safari:automaticInspection: false, safari:automaticProfiling: false, safari:diagnose: false, safari:platformBuildVersion: 20G527, safari:platformVersion: 11.6.5, safari:useSimulator: false, setWindowRect: true, strictFileInteractability: false, timeouts: {pageLoad: 30000, script: 30000}, webkit:WebRTC: {DisableICECandidateFiltering: false, DisableInsecureMediaCapture: false}}\nElement: [[SafariDriver: Safari on MAC (CA26C259-51CB-484E-A812-705D69BD3D55)] -> id: finish]\nSession ID: CA26C259-51CB-484E-A812-705D69BD3D55",
  "statusTrace" : "org.openqa.selenium.ElementNotInteractableException: Build info: version: '4.1.3', revision: '7b1ebf28ef'\nSystem info: host: 'Mac-1649100963972.local', ip: '10.212.0.120', os.name: 'Mac OS X', os.arch: 'x86_64', os.version: '11.6.5', java.version: '17.0.2'\nDriver info: org.openqa.selenium.safari.SafariDriver\nCommand: [CA26C259-51CB-484E-A812-705D69BD3D55, getElementRect {id=node-3E6BEC48-7662-4ED0-8E94-6DEDE018A0BD}]\nCapabilities {acceptInsecureCerts: false, browserName: Safari, browserVersion: 15.4, goog:loggingPrefs: {browser: ALL, client: ALL, driver: ALL, performance: ALL, profiler: ALL, server: ALL}, javascriptEnabled: true, pageLoadStrategy: normal, platform: MAC, platformName: MAC, safari:automaticInspection: false, safari:automaticProfiling: false, safari:diagnose: false, safari:platformBuildVersion: 20G527, safari:platformVersion: 11.6.5, safari:useSimulator: false, setWindowRect: true, strictFileInteractability: false, timeouts: {pageLoad: 30000, script: 30000}, webkit:WebRTC: {DisableICECandidateFiltering: false, DisableInsecureMediaCapture: false}}\nElement: [[SafariDriver: Safari on MAC (CA26C259-51CB-484E-A812-705D69BD3D55)] -> id: finish]\nSession ID: CA26C259-51CB-484E-A812-705D69BD3D55\n\tat java.base/jdk.internal.reflect.NativeConstructorAccessorImpl.newInstance0(Native Method)\n\tat java.base/jdk.internal.reflect.NativeConstructorAccessorImpl.newInstance(NativeConstructorAccessorImpl.java:77)\n\tat java.base/jdk.internal.reflect.DelegatingConstructorAccessorImpl.newInstance(DelegatingConstructorAccessorImpl.java:45)\n\tat java.base/java.lang.reflect.Constructor.newInstanceWithCaller(Constructor.java:499)\n\tat java.base/java.lang.reflect.Constructor.newInstance(Constructor.java:480)\n\tat org.openqa.selenium.remote.codec.w3c.W3CHttpResponseCodec.createException(W3CHttpResponseCodec.java:200)\n\tat org.openqa.selenium.remote.codec.w3c.W3CHttpResponseCodec.decode(W3CHttpResponseCodec.java:133)\n\tat org.openqa.selenium.remote.codec.w3c.W3CHttpResponseCodec.decode(W3CHttpResponseCodec.java:53)\n\tat org.openqa.selenium.remote.HttpCommandExecutor.execute(HttpCommandExecutor.java:184)\n\tat org.openqa.selenium.remote.service.DriverCommandExecutor.invokeExecute(DriverCommandExecutor.java:167)\n\tat org.openqa.selenium.remote.service.DriverCommandExecutor.execute(DriverCommandExecutor.java:142)\n\tat org.openqa.selenium.remote.RemoteWebDriver.execute(RemoteWebDriver.java:567)\n\tat org.openqa.selenium.remote.RemoteWebElement.execute(RemoteWebElement.java:251)\n\tat org.openqa.selenium.remote.RemoteWebElement.getRect(RemoteWebElement.java:343)\n\tat com.shaft.gui.image.ScreenshotManager.internalCaptureScreenShot(ScreenshotManager.java:400)\n\tat com.shaft.gui.image.ScreenshotManager.captureScreenShot(ScreenshotManager.java:142)\n\tat com.shaft.validation.ValidationsHelper.reportValidationState(ValidationsHelper.java:821)\n\tat com.shaft.validation.ValidationsHelper.pass(ValidationsHelper.java:562)\n\tat com.shaft.validation.ValidationsHelper.reportValidationResultOfElementAttribute(ValidationsHelper.java:688)\n\tat com.shaft.validation.ValidationsHelper.validateElementAttribute(ValidationsHelper.java:261)\n\tat com.shaft.validation.Assertions.assertElementAttribute(Assertions.java:201)\n\tat testPackage01.Test_dynamicLoading.dynamicLoading_elementIsHidden(Test_dynamicLoading.java:20)\n\tat java.base/jdk.internal.reflect.NativeMethodAccessorImpl.invoke0(Native Method)\n\tat java.base/jdk.internal.reflect.NativeMethodAccessorImpl.invoke(NativeMethodAccessorImpl.java:77)\n\tat java.base/jdk.internal.reflect.DelegatingMethodAccessorImpl.invoke(DelegatingMethodAccessorImpl.java:43)\n\tat java.base/java.lang.reflect.Method.invoke(Method.java:568)\n\tat org.testng.internal.invokers.MethodInvocationHelper.invokeMethod(MethodInvocationHelper.java:135)\n\tat org.testng.internal.invokers.TestInvoker.invokeMethod(TestInvoker.java:673)\n\tat org.testng.internal.invokers.TestInvoker.invokeTestMethod(TestInvoker.java:220)\n\tat org.testng.internal.invokers.MethodRunner.runInSequence(MethodRunner.java:50)\n\tat org.testng.internal.invokers.TestInvoker$MethodInvocationAgent.invoke(TestInvoker.java:945)\n\tat org.testng.internal.invokers.TestInvoker.invokeTestMethods(TestInvoker.java:193)\n\tat org.testng.internal.invokers.TestMethodWorker.invokeTestMethods(TestMethodWorker.java:146)\n\tat org.testng.internal.invokers.TestMethodWorker.run(TestMethodWorker.java:128)\n\tat java.base/java.util.ArrayList.forEach(ArrayList.java:1511)\n\tat org.testng.TestRunner.privateRun(TestRunner.java:808)\n\tat org.testng.TestRunner.run(TestRunner.java:603)\n\tat org.testng.SuiteRunner.runTest(SuiteRunner.java:429)\n\tat org.testng.SuiteRunner.runSequentially(SuiteRunner.java:423)\n\tat org.testng.SuiteRunner.privateRun(SuiteRunner.java:383)\n\tat org.testng.SuiteRunner.run(SuiteRunner.java:326)\n\tat org.testng.SuiteRunnerWorker.runSuite(SuiteRunnerWorker.java:52)\n\tat org.testng.SuiteRunnerWorker.run(SuiteRunnerWorker.java:95)\n\tat org.testng.TestNG.runSuitesSequentially(TestNG.java:1249)\n\tat org.testng.TestNG.runSuitesLocally(TestNG.java:1169)\n\tat org.testng.TestNG.runSuites(TestNG.java:1092)\n\tat org.testng.TestNG.run(TestNG.java:1060)\n\tat org.apache.maven.surefire.testng.TestNGExecutor.run(TestNGExecutor.java:151)\n\tat org.apache.maven.surefire.testng.TestNGDirectoryTestSuite.executeMulti(TestNGDirectoryTestSuite.java:192)\n\tat org.apache.maven.surefire.testng.TestNGDirectoryTestSuite.execute(TestNGDirectoryTestSuite.java:93)\n\tat org.apache.maven.surefire.testng.TestNGProvider.invoke(TestNGProvider.java:155)\n\tat org.apache.maven.surefire.booter.ForkedBooter.runSuitesInProcess(ForkedBooter.java:456)\n\tat org.apache.maven.surefire.booter.ForkedBooter.execute(ForkedBooter.java:169)\n\tat org.apache.maven.surefire.booter.ForkedBooter.run(ForkedBooter.java:595)\n\tat org.apache.maven.surefire.booter.ForkedBooter.main(ForkedBooter.java:581)\n",
  "flaky" : false,
  "newFailed" : false,
  "newBroken" : false,
  "newPassed" : false,
  "retriesCount" : 0,
  "retriesStatusChange" : false,
  "beforeStages" : [ {
    "name" : "setupActivities",
    "time" : {
      "start" : 1649101067484,
      "stop" : 1649101069851,
      "duration" : 2367
    },
    "description" : "",
    "status" : "passed",
    "steps" : [ {
      "name" : "Folder \"allure-results\" was not found, it may have already been deleted.",
      "time" : {
        "start" : 1649101067541,
        "stop" : 1649101067543,
        "duration" : 2
      },
      "status" : "passed",
      "steps" : [ ],
      "attachments" : [ ],
      "parameters" : [ {
        "name" : "logText",
        "value" : "Folder \"allure-results\" was not found, it may have already been deleted."
      } ],
      "stepsCount" : 0,
      "attachmentsCount" : 0,
      "shouldDisplayMessage" : false,
      "hasContent" : true
    }, {
      "name" : "Folder \"/Users/runner/.m2/repository/allure/\" was not found, it may have already been deleted.",
      "time" : {
        "start" : 1649101067544,
        "stop" : 1649101067544,
        "duration" : 0
      },
      "status" : "passed",
      "steps" : [ ],
      "attachments" : [ ],
      "parameters" : [ {
        "name" : "logText",
        "value" : "Folder \"/Users/runner/.m2/repository/allure/\" was not found, it may have already been deleted."
      } ],
      "stepsCount" : 0,
      "attachmentsCount" : 0,
      "shouldDisplayMessage" : false,
      "hasContent" : true
    }, {
      "name" : "Downloading a file from this url \"https://repo.maven.apache.org/maven2/io/qameta/allure/allure-commandline/2.17.3/allure-commandline-2.17.3.zip\" to this directory \"target/allureBinary.zip\", please wait as downloading may take some time...",
      "time" : {
        "start" : 1649101067545,
        "stop" : 1649101067545,
        "duration" : 0
      },
      "status" : "passed",
      "steps" : [ ],
      "attachments" : [ ],
      "parameters" : [ {
        "name" : "logText",
        "value" : "Downloading a file from this url \"https://repo.maven.apache.org/maven2/io/qameta/allure/allure-commandline/2.17.3/allure-commandline-2.17.3.zip\" to this directory \"target/allureBinary.zip\", please wait as downloading may take some time..."
      } ],
      "stepsCount" : 0,
      "attachmentsCount" : 0,
      "shouldDisplayMessage" : false,
      "hasContent" : true
    }, {
      "name" : "Terminal Action \"PerformTerminalCommands\" successfully performed. With the following test data \"Host Name: \"localHost\" | Command: \"chmod u+x /Users/runner/.m2/repository/allure/allure-2.17.3/bin/allure\" | Exit Status: \"0\"\".",
      "time" : {
        "start" : 1649101068929,
        "stop" : 1649101068929,
        "duration" : 0
      },
      "status" : "passed",
      "steps" : [ ],
      "attachments" : [ ],
      "parameters" : [ {
        "name" : "logText",
        "value" : "Terminal Action \"PerformTerminalCommands\" successfully performed. With the following test data \"Host Name: \"localHost\" | Command: \"chmod u+x /Users/runner/.m2/repository/allure/allure-2.17.3/bin/allure\" | Exit Status: \"0\"\"."
      } ],
      "stepsCount" : 0,
      "attachmentsCount" : 0,
      "shouldDisplayMessage" : false,
      "hasContent" : true
    }, {
      "name" : "Terminal Action \"PerformTerminalCommands\" successfully performed. With the following test data \"Host Name: \"localHost\" | Command: \"chmod u+x generate_allure_report.sh\" | Exit Status: \"0\"\".",
      "time" : {
        "start" : 1649101068937,
        "stop" : 1649101068937,
        "duration" : 0
      },
      "status" : "passed",
      "steps" : [ ],
      "attachments" : [ ],
      "parameters" : [ {
        "name" : "logText",
        "value" : "Terminal Action \"PerformTerminalCommands\" successfully performed. With the following test data \"Host Name: \"localHost\" | Command: \"chmod u+x generate_allure_report.sh\" | Exit Status: \"0\"\"."
      } ],
      "stepsCount" : 0,
      "attachmentsCount" : 0,
      "shouldDisplayMessage" : false,
      "hasContent" : true
    }, {
      "name" : "Folder \"extent-reports\" was not found, it may have already been deleted.",
      "time" : {
        "start" : 1649101069047,
        "stop" : 1649101069047,
        "duration" : 0
      },
      "status" : "passed",
      "steps" : [ ],
      "attachments" : [ ],
      "parameters" : [ {
        "name" : "logText",
        "value" : "Folder \"extent-reports\" was not found, it may have already been deleted."
      } ],
      "stepsCount" : 0,
      "attachmentsCount" : 0,
      "shouldDisplayMessage" : false,
      "hasContent" : true
    }, {
      "name" : "Terminal Action \"PerformTerminalCommands\" successfully performed. With the following test data \"Host Name: \"localHost\" | Command: \"chmod u+x generateJdk.sh\" | Exit Status: \"1\"\".",
      "time" : {
        "start" : 1649101069848,
        "stop" : 1649101069850,
        "duration" : 2
      },
      "status" : "passed",
      "steps" : [ ],
      "attachments" : [ {
        "uid" : "79a3eda1f6111a18",
        "name" : "Terminal Action Actual Result - Command Log",
        "source" : "79a3eda1f6111a18.txt",
        "type" : "text/plain",
        "size" : 48
      } ],
      "parameters" : [ {
        "name" : "logText",
        "value" : "Terminal Action \"PerformTerminalCommands\" successfully performed. With the following test data \"Host Name: \"localHost\" | Command: \"chmod u+x generateJdk.sh\" | Exit Status: \"1\"\"."
      }, {
        "name" : "attachments",
        "value" : "[[Terminal Action Actual Result, Command Log, chmod: generateJdk.sh: No such file or directory]]"
      } ],
      "stepsCount" : 0,
      "attachmentsCount" : 1,
      "shouldDisplayMessage" : false,
      "hasContent" : true
    } ],
    "attachments" : [ {
      "uid" : "3e1b1b60ddce94c0",
      "name" : "SHAFT Links - Important",
      "source" : "3e1b1b60ddce94c0.uri",
      "type" : "text/uri-list",
      "size" : 346
    }, {
      "uid" : "b5e4ac1b3b9f2ac4",
      "name" : "Properties - testNG",
      "source" : "b5e4ac1b3b9f2ac4.properties",
      "type" : "text/plain",
      "size" : 492
    }, {
      "uid" : "13a0e646412c4315",
      "name" : "Properties - ExecutionPlatform",
      "source" : "13a0e646412c4315.properties",
      "type" : "text/plain",
      "size" : 419
    }, {
      "uid" : "24ef64a528d45df3",
      "name" : "Properties - path",
      "source" : "24ef64a528d45df3.properties",
      "type" : "text/plain",
      "size" : 687
    }, {
      "uid" : "e9265a929ccc2266",
      "name" : "Properties - video",
      "source" : "e9265a929ccc2266.properties",
      "type" : "text/plain",
      "size" : 763
    }, {
      "uid" : "5ba45803b32c3415",
      "name" : "Properties - pattern",
      "source" : "5ba45803b32c3415.properties",
      "type" : "text/plain",
      "size" : 566
    }, {
      "uid" : "284ebc4852074a9e",
      "name" : "Properties - internal",
      "source" : "284ebc4852074a9e.properties",
      "type" : "text/plain",
      "size" : 112
    }, {
      "uid" : "461661054dd0d19c",
      "name" : "Properties - MobileCapabilities",
      "source" : "461661054dd0d19c.properties",
      "type" : "text/plain",
      "size" : 470
    }, {
      "uid" : "324eddd482cb60da",
      "name" : "Properties - cucumber",
      "source" : "324eddd482cb60da.properties",
      "type" : "text/plain",
      "size" : 1316
    }, {
      "uid" : "d5e50745e75bafec",
      "name" : "Properties - PlatformFlags",
      "source" : "d5e50745e75bafec.properties",
      "type" : "text/plain",
      "size" : 765
    }, {
      "uid" : "4cd22ab193d44914",
      "name" : "Properties - Timeouts",
      "source" : "4cd22ab193d44914.properties",
      "type" : "text/plain",
      "size" : 722
    }, {
      "uid" : "e5ed0239ebb40a62",
      "name" : "Properties - Reporting",
      "source" : "e5ed0239ebb40a62.properties",
      "type" : "text/plain",
      "size" : 614
    }, {
      "uid" : "4643c07712529eb6",
      "name" : "Properties - healenium",
      "source" : "4643c07712529eb6.properties",
      "type" : "text/plain",
      "size" : 115
    }, {
      "uid" : "ed1410f4b09cecd",
      "name" : "Properties - JiraXRay",
      "source" : "ed1410f4b09cecd.properties",
      "type" : "text/plain",
      "size" : 559
    }, {
      "uid" : "88144b5833df4dbb",
      "name" : "Properties - browserStack",
      "source" : "88144b5833df4dbb.properties",
      "type" : "text/plain",
      "size" : 877
    }, {
      "uid" : "e5ed73f8d1f216fb",
      "name" : "Properties - VisualValidations",
      "source" : "e5ed73f8d1f216fb.properties",
      "type" : "text/plain",
      "size" : 711
    } ],
    "parameters" : [ ],
    "stepsCount" : 7,
    "attachmentsCount" : 17,
    "shouldDisplayMessage" : false,
    "hasContent" : true
  }, {
    "name" : "beforeMethod",
    "time" : {
      "start" : 1649101465433,
      "stop" : 1649101466509,
      "duration" : 1076
    },
    "description" : "",
    "status" : "passed",
    "steps" : [ {
      "name" : "Attempting to run locally on: \"Mac-64 | Safari\", Headless Execution.",
      "time" : {
        "start" : 1649101465433,
        "stop" : 1649101465433,
        "duration" : 0
      },
      "status" : "passed",
      "steps" : [ ],
      "attachments" : [ ],
      "parameters" : [ {
        "name" : "logText",
        "value" : "Attempting to run locally on: \"Mac-64 | Safari\", Headless Execution."
      } ],
      "stepsCount" : 0,
      "attachmentsCount" : 0,
      "shouldDisplayMessage" : false,
      "hasContent" : true
    }, {
      "name" : "Successfully Opened Safari.",
      "time" : {
        "start" : 1649101466440,
        "stop" : 1649101466440,
        "duration" : 0
      },
      "status" : "passed",
      "steps" : [ ],
      "attachments" : [ ],
      "parameters" : [ {
        "name" : "logText",
        "value" : "Successfully Opened Safari."
      } ],
      "stepsCount" : 0,
      "attachmentsCount" : 0,
      "shouldDisplayMessage" : false,
      "hasContent" : true
    }, {
      "name" : "Maximize window \"New screen size is now: (1176, 803)\".",
      "time" : {
        "start" : 1649101466509,
        "stop" : 1649101466509,
        "duration" : 0
      },
      "status" : "passed",
      "steps" : [ ],
      "attachments" : [ ],
      "parameters" : [ {
        "name" : "logText",
        "value" : "Maximize window \"New screen size is now: (1176, 803)\"."
      }, {
        "name" : "attachments",
        "value" : "[[]]"
      } ],
      "stepsCount" : 0,
      "attachmentsCount" : 0,
      "shouldDisplayMessage" : false,
      "hasContent" : true
    } ],
    "attachments" : [ ],
    "parameters" : [ ],
    "stepsCount" : 3,
    "attachmentsCount" : 0,
    "shouldDisplayMessage" : false,
    "hasContent" : true
  } ],
  "testStage" : {
    "status" : "broken",
    "statusMessage" : "Build info: version: '4.1.3', revision: '7b1ebf28ef'\nSystem info: host: 'Mac-1649100963972.local', ip: '10.212.0.120', os.name: 'Mac OS X', os.arch: 'x86_64', os.version: '11.6.5', java.version: '17.0.2'\nDriver info: org.openqa.selenium.safari.SafariDriver\nCommand: [CA26C259-51CB-484E-A812-705D69BD3D55, getElementRect {id=node-3E6BEC48-7662-4ED0-8E94-6DEDE018A0BD}]\nCapabilities {acceptInsecureCerts: false, browserName: Safari, browserVersion: 15.4, goog:loggingPrefs: {browser: ALL, client: ALL, driver: ALL, performance: ALL, profiler: ALL, server: ALL}, javascriptEnabled: true, pageLoadStrategy: normal, platform: MAC, platformName: MAC, safari:automaticInspection: false, safari:automaticProfiling: false, safari:diagnose: false, safari:platformBuildVersion: 20G527, safari:platformVersion: 11.6.5, safari:useSimulator: false, setWindowRect: true, strictFileInteractability: false, timeouts: {pageLoad: 30000, script: 30000}, webkit:WebRTC: {DisableICECandidateFiltering: false, DisableInsecureMediaCapture: false}}\nElement: [[SafariDriver: Safari on MAC (CA26C259-51CB-484E-A812-705D69BD3D55)] -> id: finish]\nSession ID: CA26C259-51CB-484E-A812-705D69BD3D55",
    "statusTrace" : "org.openqa.selenium.ElementNotInteractableException: Build info: version: '4.1.3', revision: '7b1ebf28ef'\nSystem info: host: 'Mac-1649100963972.local', ip: '10.212.0.120', os.name: 'Mac OS X', os.arch: 'x86_64', os.version: '11.6.5', java.version: '17.0.2'\nDriver info: org.openqa.selenium.safari.SafariDriver\nCommand: [CA26C259-51CB-484E-A812-705D69BD3D55, getElementRect {id=node-3E6BEC48-7662-4ED0-8E94-6DEDE018A0BD}]\nCapabilities {acceptInsecureCerts: false, browserName: Safari, browserVersion: 15.4, goog:loggingPrefs: {browser: ALL, client: ALL, driver: ALL, performance: ALL, profiler: ALL, server: ALL}, javascriptEnabled: true, pageLoadStrategy: normal, platform: MAC, platformName: MAC, safari:automaticInspection: false, safari:automaticProfiling: false, safari:diagnose: false, safari:platformBuildVersion: 20G527, safari:platformVersion: 11.6.5, safari:useSimulator: false, setWindowRect: true, strictFileInteractability: false, timeouts: {pageLoad: 30000, script: 30000}, webkit:WebRTC: {DisableICECandidateFiltering: false, DisableInsecureMediaCapture: false}}\nElement: [[SafariDriver: Safari on MAC (CA26C259-51CB-484E-A812-705D69BD3D55)] -> id: finish]\nSession ID: CA26C259-51CB-484E-A812-705D69BD3D55\n\tat java.base/jdk.internal.reflect.NativeConstructorAccessorImpl.newInstance0(Native Method)\n\tat java.base/jdk.internal.reflect.NativeConstructorAccessorImpl.newInstance(NativeConstructorAccessorImpl.java:77)\n\tat java.base/jdk.internal.reflect.DelegatingConstructorAccessorImpl.newInstance(DelegatingConstructorAccessorImpl.java:45)\n\tat java.base/java.lang.reflect.Constructor.newInstanceWithCaller(Constructor.java:499)\n\tat java.base/java.lang.reflect.Constructor.newInstance(Constructor.java:480)\n\tat org.openqa.selenium.remote.codec.w3c.W3CHttpResponseCodec.createException(W3CHttpResponseCodec.java:200)\n\tat org.openqa.selenium.remote.codec.w3c.W3CHttpResponseCodec.decode(W3CHttpResponseCodec.java:133)\n\tat org.openqa.selenium.remote.codec.w3c.W3CHttpResponseCodec.decode(W3CHttpResponseCodec.java:53)\n\tat org.openqa.selenium.remote.HttpCommandExecutor.execute(HttpCommandExecutor.java:184)\n\tat org.openqa.selenium.remote.service.DriverCommandExecutor.invokeExecute(DriverCommandExecutor.java:167)\n\tat org.openqa.selenium.remote.service.DriverCommandExecutor.execute(DriverCommandExecutor.java:142)\n\tat org.openqa.selenium.remote.RemoteWebDriver.execute(RemoteWebDriver.java:567)\n\tat org.openqa.selenium.remote.RemoteWebElement.execute(RemoteWebElement.java:251)\n\tat org.openqa.selenium.remote.RemoteWebElement.getRect(RemoteWebElement.java:343)\n\tat com.shaft.gui.image.ScreenshotManager.internalCaptureScreenShot(ScreenshotManager.java:400)\n\tat com.shaft.gui.image.ScreenshotManager.captureScreenShot(ScreenshotManager.java:142)\n\tat com.shaft.validation.ValidationsHelper.reportValidationState(ValidationsHelper.java:821)\n\tat com.shaft.validation.ValidationsHelper.pass(ValidationsHelper.java:562)\n\tat com.shaft.validation.ValidationsHelper.reportValidationResultOfElementAttribute(ValidationsHelper.java:688)\n\tat com.shaft.validation.ValidationsHelper.validateElementAttribute(ValidationsHelper.java:261)\n\tat com.shaft.validation.Assertions.assertElementAttribute(Assertions.java:201)\n\tat testPackage01.Test_dynamicLoading.dynamicLoading_elementIsHidden(Test_dynamicLoading.java:20)\n\tat java.base/jdk.internal.reflect.NativeMethodAccessorImpl.invoke0(Native Method)\n\tat java.base/jdk.internal.reflect.NativeMethodAccessorImpl.invoke(NativeMethodAccessorImpl.java:77)\n\tat java.base/jdk.internal.reflect.DelegatingMethodAccessorImpl.invoke(DelegatingMethodAccessorImpl.java:43)\n\tat java.base/java.lang.reflect.Method.invoke(Method.java:568)\n\tat org.testng.internal.invokers.MethodInvocationHelper.invokeMethod(MethodInvocationHelper.java:135)\n\tat org.testng.internal.invokers.TestInvoker.invokeMethod(TestInvoker.java:673)\n\tat org.testng.internal.invokers.TestInvoker.invokeTestMethod(TestInvoker.java:220)\n\tat org.testng.internal.invokers.MethodRunner.runInSequence(MethodRunner.java:50)\n\tat org.testng.internal.invokers.TestInvoker$MethodInvocationAgent.invoke(TestInvoker.java:945)\n\tat org.testng.internal.invokers.TestInvoker.invokeTestMethods(TestInvoker.java:193)\n\tat org.testng.internal.invokers.TestMethodWorker.invokeTestMethods(TestMethodWorker.java:146)\n\tat org.testng.internal.invokers.TestMethodWorker.run(TestMethodWorker.java:128)\n\tat java.base/java.util.ArrayList.forEach(ArrayList.java:1511)\n\tat org.testng.TestRunner.privateRun(TestRunner.java:808)\n\tat org.testng.TestRunner.run(TestRunner.java:603)\n\tat org.testng.SuiteRunner.runTest(SuiteRunner.java:429)\n\tat org.testng.SuiteRunner.runSequentially(SuiteRunner.java:423)\n\tat org.testng.SuiteRunner.privateRun(SuiteRunner.java:383)\n\tat org.testng.SuiteRunner.run(SuiteRunner.java:326)\n\tat org.testng.SuiteRunnerWorker.runSuite(SuiteRunnerWorker.java:52)\n\tat org.testng.SuiteRunnerWorker.run(SuiteRunnerWorker.java:95)\n\tat org.testng.TestNG.runSuitesSequentially(TestNG.java:1249)\n\tat org.testng.TestNG.runSuitesLocally(TestNG.java:1169)\n\tat org.testng.TestNG.runSuites(TestNG.java:1092)\n\tat org.testng.TestNG.run(TestNG.java:1060)\n\tat org.apache.maven.surefire.testng.TestNGExecutor.run(TestNGExecutor.java:151)\n\tat org.apache.maven.surefire.testng.TestNGDirectoryTestSuite.executeMulti(TestNGDirectoryTestSuite.java:192)\n\tat org.apache.maven.surefire.testng.TestNGDirectoryTestSuite.execute(TestNGDirectoryTestSuite.java:93)\n\tat org.apache.maven.surefire.testng.TestNGProvider.invoke(TestNGProvider.java:155)\n\tat org.apache.maven.surefire.booter.ForkedBooter.runSuitesInProcess(ForkedBooter.java:456)\n\tat org.apache.maven.surefire.booter.ForkedBooter.execute(ForkedBooter.java:169)\n\tat org.apache.maven.surefire.booter.ForkedBooter.run(ForkedBooter.java:595)\n\tat org.apache.maven.surefire.booter.ForkedBooter.main(ForkedBooter.java:581)\n",
    "steps" : [ {
      "name" : "Navigate to url \"https://the-internet.herokuapp.com/dynamic_loading/1\".",
      "time" : {
        "start" : 1649101467289,
        "stop" : 1649101467289,
        "duration" : 0
      },
      "status" : "passed",
      "steps" : [ ],
      "attachments" : [ ],
      "parameters" : [ {
        "name" : "logText",
        "value" : "Navigate to url \"https://the-internet.herokuapp.com/dynamic_loading/1\"."
      }, {
        "name" : "attachments",
        "value" : "[[]]"
      } ],
      "stepsCount" : 0,
      "attachmentsCount" : 0,
      "shouldDisplayMessage" : false,
      "hasContent" : true
    }, {
      "name" : "Click \"By.xpath: //button[text()='Start']\".",
      "time" : {
        "start" : 1649101467719,
        "stop" : 1649101467719,
        "duration" : 0
      },
      "status" : "passed",
      "steps" : [ ],
      "attachments" : [ ],
      "parameters" : [ {
        "name" : "logText",
        "value" : "Click \"By.xpath: //button[text()='Start']\"."
      }, {
        "name" : "attachments",
        "value" : "[[]]"
      } ],
      "stepsCount" : 0,
      "attachmentsCount" : 0,
      "shouldDisplayMessage" : false,
      "hasContent" : true
    } ],
    "attachments" : [ {
      "uid" : "160d4997ca35c5b6",
      "name" : "SHAFT Engine Logs - Current Method log: dynamicLoading_elementIsHidden",
      "source" : "160d4997ca35c5b6.txt",
      "type" : "text/plain",
      "size" : 888
    } ],
    "parameters" : [ ],
    "stepsCount" : 2,
    "attachmentsCount" : 1,
    "shouldDisplayMessage" : true,
    "hasContent" : true
  },
  "afterStages" : [ {
    "name" : "afterMethod",
    "time" : {
      "start" : 1649101467848,
      "stop" : 1649101468097,
      "duration" : 249
    },
    "description" : "",
    "status" : "passed",
    "steps" : [ {
      "name" : "Close current window.",
      "time" : {
        "start" : 1649101468096,
        "stop" : 1649101468097,
        "duration" : 1
      },
      "status" : "passed",
      "steps" : [ ],
      "attachments" : [ {
        "uid" : "8e41254af540587f",
        "name" : "Browser Action Test Data - Close current window - Actual Value",
        "source" : "8e41254af540587f.html",
        "type" : "text/html",
        "size" : 2186
      } ],
      "parameters" : [ {
        "name" : "logText",
        "value" : "Close current window."
      }, {
        "name" : "attachments",
        "value" : "[[Browser Action Test Data - Close current window, Actual Value, <html class=\"no-js\" lang=\"en\"><!--<![endif]--><head>\n    <script src=\"/js/vendor/298279967.js\"></script>\n    <meta charset=\"utf-8\">\n    <meta name=\"viewport\" content=\"width=device-width\">\n    <title>The Internet</title>\n    <link href=\"/css/app.css\" rel=\"stylesheet\">\n    <link href=\"/css/font-awesome.css\" rel=\"stylesheet\">\n    <script src=\"/js/vendor/jquery-1.11.3.min.js\"></script>\n    <script src=\"/js/vendor/jquery-ui-1.11.4/jquery-ui.js\"></script>\n    <script src=\"/js/foundation/foundation.js\"></script><meta class=\"foundation-mq-small\"><meta class=\"foundation-mq-medium\"><meta class=\"foundation-mq-large\"><style></style>\n    <script src=\"/js/foundation/foundation.alerts.js\"></script>\n    <script>\n      $(document).foundation();\n    </script>\n  </head>\n  <body>\n    <div class=\"row\">\n      <div id=\"flash-messages\" class=\"large-12 columns\">\n      \n        \n      \n        \n      \n        \n      \n      </div>\n    </div>\n    <div class=\"row\">\n      <a href=\"https://github.com/tourdedave/the-internet\"><img style=\"position: absolute; top: 0; right: 0; border: 0;\" src=\"/img/forkme_right_green_007200.png\" alt=\"Fork me on GitHub\"></a>\n      <div id=\"content\" class=\"large-12 columns\">\n        <script>\n  $(function(){\n    $('#start button').click(function(){\n      $('#start').hide();\n      $('#start').before(\"<div id='loading'>Loading... <img src='/img/ajax-loader.gif'></div>\");\n      setTimeout(function() {\n        $('#loading').hide();\n        $('#finish').show();\n      } , 5000 );\n    });\n  });\n</script>\n\n<div class=\"example\">\n  <h3>Dynamically Loaded Page Elements</h3>\n  <h4>Example 1: Element on page that is hidden</h4>\n\n  <br>\n\n  <div id=\"loading\">Loading... <img src=\"/img/ajax-loader.gif\"></div><div id=\"start\" style=\"display: none;\">\n    <button>Start</button>\n  </div>\n\n  <div id=\"finish\" style=\"display:none\">\n    <h4>Hello World!</h4>\n  </div>\n\n</div>\n\n      </div>\n    </div>\n    <div id=\"page-footer\" class=\"row\">\n      <div class=\"large-4 large-centered columns\">\n        <hr>\n        <div style=\"text-align: center;\">Powered by <a target=\"_blank\" href=\"http://elementalselenium.com/\">Elemental Selenium</a></div>\n      </div>\n    </div>\n  \n\n</body></html>]]"
      } ],
      "stepsCount" : 0,
      "attachmentsCount" : 1,
      "shouldDisplayMessage" : false,
      "hasContent" : true
    } ],
    "attachments" : [ ],
    "parameters" : [ ],
    "stepsCount" : 1,
    "attachmentsCount" : 1,
    "shouldDisplayMessage" : false,
    "hasContent" : true
  }, {
    "name" : "teardownActivities",
    "time" : {
      "start" : 1649101478575,
      "stop" : 1649101479538,
      "duration" : 963
    },
    "description" : "",
    "status" : "passed",
    "steps" : [ {
      "name" : "Successfully Closed All Drivers.",
      "time" : {
        "start" : 1649101478982,
        "stop" : 1649101478982,
        "duration" : 0
      },
      "status" : "passed",
      "steps" : [ ],
      "attachments" : [ ],
      "parameters" : [ {
        "name" : "logText",
        "value" : "Successfully Closed All Drivers."
      } ],
      "stepsCount" : 0,
      "attachmentsCount" : 0,
      "shouldDisplayMessage" : false,
      "hasContent" : true
    }, {
      "name" : "Issue Summary: Total Issues = 8, New issues for Failed Tests = 6, Open issues for Passed Tests = 2, Open issues for Failed Tests = 0. Kindly check the attached Issue details.",
      "time" : {
        "start" : 1649101478993,
        "stop" : 1649101478994,
        "duration" : 1
      },
      "status" : "passed",
      "steps" : [ ],
      "attachments" : [ {
        "uid" : "fffe320ad4e1735b",
        "name" : "SHAFT Engine Logs - Issues log CSV: 20220404-194438",
        "source" : "fffe320ad4e1735b.csv",
        "type" : "text/csv",
        "size" : 950
      } ],
      "parameters" : [ {
        "name" : "logText",
        "value" : "Issue Summary: Total Issues = 8, New issues for Failed Tests = 6, Open issues for Passed Tests = 2, Open issues for Failed Tests = 0. Kindly check the attached Issue details."
      }, {
        "name" : "attachments",
        "value" : "[[SHAFT Engine Logs, Issues log CSV: 20220404-194438, java.io.ByteArrayInputStream@bcfba54]]"
      } ],
      "stepsCount" : 0,
      "attachmentsCount" : 1,
      "shouldDisplayMessage" : false,
      "hasContent" : true
    } ],
    "attachments" : [ {
      "uid" : "cdeafe0ba97c0061",
      "name" : "SHAFT Engine Logs - Execution log: 20220404-194438",
      "source" : "cdeafe0ba97c0061.txt",
      "type" : "text/plain",
      "size" : 246873
    }, {
      "uid" : "81021e771c514bd4",
      "name" : "HTML - Extent Emailable Execution Report",
      "source" : "81021e771c514bd4.html",
      "type" : "text/html",
      "size" : 9517245
    } ],
    "parameters" : [ ],
    "stepsCount" : 2,
    "attachmentsCount" : 3,
    "shouldDisplayMessage" : false,
    "hasContent" : true
  } ],
  "labels" : [ {
    "name" : "package",
    "value" : "testPackage01.Test_dynamicLoading"
  }, {
    "name" : "testClass",
    "value" : "testPackage01.Test_dynamicLoading"
  }, {
    "name" : "testMethod",
    "value" : "dynamicLoading_elementIsHidden"
  }, {
    "name" : "parentSuite",
    "value" : "Suite"
  }, {
    "name" : "suite",
    "value" : "Test"
  }, {
    "name" : "subSuite",
    "value" : "testPackage01.Test_dynamicLoading"
  }, {
    "name" : "host",
    "value" : "Mac-1649100963972.local"
  }, {
    "name" : "thread",
    "value" : "2074@Mac-1649100963972.local.main(1)"
  }, {
    "name" : "framework",
    "value" : "testng"
  }, {
    "name" : "language",
    "value" : "java"
  }, {
    "name" : "resultFormat",
    "value" : "allure2"
  } ],
  "parameters" : [ ],
  "links" : [ ],
  "hidden" : false,
  "retry" : false,
  "extra" : {
    "severity" : "normal",
    "retries" : [ ],
    "categories" : [ {
      "name" : "Test defects",
      "matchedStatuses" : [ ],
      "flaky" : false
    } ],
    "tags" : [ ]
  },
  "source" : "ce75c62c41d874a1.json",
  "parameterValues" : [ ]
}